{
  "concentration": {
    "bookmaker": {
      "categories": 19,
      "largest_category": "boylesports",
      "largest_share": 0.17608695652173914,
      "top5_share": 0.591304347826087
    },
    "snapshot": {
      "categories": 72,
      "largest_category": "20260722T173739_879614Z__soccer_usa_mls__505ef136ead0",
      "largest_share": 0.03260869565217391,
      "top5_share": 0.16304347826086957
    },
    "sport": null
  },
  "current_effective_sample": {
    "candidate_rows": 460,
    "event_efficiency": 0.6792370460250509,
    "event_kish_effective_size": 55.01820072802912,
    "snapshot_kish_effective_size": 50.42897998093422,
    "unique_events": 81
  },
  "evidence_boundary": {
    "closing_targets_read": false,
    "match_results_read": false,
    "policy_scores_used_as_performance_labels": false,
    "running_policy_changed": false
  },
  "forecast": {
    "final_candidates": {
      "mean": 1129.4254,
      "median": 1129.0,
      "q025": 1053.0,
      "q975": 1211.0
    },
    "final_total_exact_5pct_quota": {
      "mean": 54.70585,
      "median": 55.0,
      "q025": 51.0,
      "q975": 59.0
    },
    "final_unique_events": {
      "mean": 199.4571,
      "median": 199.0,
      "q025": 168.0,
      "q975": 234.0
    },
    "minimum_detectable_incremental_log_clv_per_opportunity": {
      "mean": 0.0036850575844878312,
      "median": 0.0036792280343301543,
      "q025": 0.003392933246017353,
      "q975": 0.004004318403144215
    }
  },
  "forecast_reliability": "operational",
  "forecast_type": "outcome_blind_interim_operational_forecast",
  "frozen_window": {
    "campaign_end_utc": "2026-07-26T06:30:00+00:00",
    "campaign_start_utc": "2026-07-19T06:00:00+00:00",
    "collection_cadence_hours": 3.0,
    "latest_eligible_observation_utc": "2026-07-26T03:15:00+00:00",
    "observed_cycle_fraction": 0.4074074074074074,
    "planned_collection_cycles_from_first_observed_cycle": 54,
    "policy_activation_utc": "2026-07-19T11:00:00+00:00"
  },
  "gate_probabilities": {
    "all_phase43_volume_gates": 1.0,
    "at_least_15_selections_per_policy": 1.0,
    "at_least_300_candidates": 1.0,
    "at_least_75_unique_events": 1.0,
    "at_least_three_cutoffs_with_40_candidates": 1.0,
    "raw_positive_capacity_all_cutoffs": 1.0,
    "residual_positive_capacity_all_cutoffs": 1.0
  },
  "generated_at_utc": "2026-07-24T03:59:55.727876+00:00",
  "input": {
    "first_cycle_utc": "2026-07-19T11:00:21.154292+00:00",
    "latest_cycle_utc": "2026-07-24T03:58:28.404995+00:00",
    "observed_collection_cycles": 22,
    "path": "prospective-data/data/derived/latest/shadow/event-shadow-candidates.csv.gz",
    "post_activation_rows": 460,
    "post_activation_snapshots": 72,
    "post_activation_unique_events": 81,
    "sha256": "940176054caf701ab5873c3641f29e772fdea6a323c7764f9c14d1aabffbe969"
  },
  "planning_assumption": {
    "cycle_inference": "new cycle after more than 1.0 hour between snapshot ingestion times",
    "forecast_model": "Jeffreys-prior gamma-Poisson per inferred collection cycle with beta-binomial positive-score capacity",
    "historical_cluster_sigma_equivalent": 0.015268280246644523,
    "power": 0.8,
    "two_sided_alpha": 0.05,
    "z_alpha_plus_power": 2.801585
  },
  "probabilities_decision_grade": true,
  "status": "completed",
  "warnings": []
}
