/opt/hostedtoolcache/Python/3.11.15/x64/lib/python3.11/site-packages/sklearn/utils/validation.py:2827: UserWarning: X does not have valid feature names, but HistGradientBoostingClassifier was fitted with feature names
  warnings.warn(
/opt/hostedtoolcache/Python/3.11.15/x64/lib/python3.11/site-packages/sklearn/utils/validation.py:2827: UserWarning: X does not have valid feature names, but HistGradientBoostingClassifier was fitted with feature names
  warnings.warn(
/opt/hostedtoolcache/Python/3.11.15/x64/lib/python3.11/site-packages/sklearn/utils/validation.py:2827: UserWarning: X does not have valid feature names, but HistGradientBoostingRegressor was fitted with feature names
  warnings.warn(
/opt/hostedtoolcache/Python/3.11.15/x64/lib/python3.11/site-packages/sklearn/utils/validation.py:2827: UserWarning: X does not have valid feature names, but HistGradientBoostingRegressor was fitted with feature names
  warnings.warn(
/opt/hostedtoolcache/Python/3.11.15/x64/lib/python3.11/site-packages/sklearn/utils/validation.py:2827: UserWarning: X does not have valid feature names, but HistGradientBoostingRegressor was fitted with feature names
  warnings.warn(
/opt/hostedtoolcache/Python/3.11.15/x64/lib/python3.11/site-packages/sklearn/utils/validation.py:2827: UserWarning: X does not have valid feature names, but HistGradientBoostingRegressor was fitted with feature names
  warnings.warn(
/opt/hostedtoolcache/Python/3.11.15/x64/lib/python3.11/site-packages/sklearn/utils/validation.py:2827: UserWarning: X does not have valid feature names, but HistGradientBoostingRegressor was fitted with feature names
  warnings.warn(
/opt/hostedtoolcache/Python/3.11.15/x64/lib/python3.11/site-packages/sklearn/utils/validation.py:2827: UserWarning: X does not have valid feature names, but HistGradientBoostingRegressor was fitted with feature names
  warnings.warn(
{
  "adapter_id": "support_constrained_coverage_normalized_v1",
  "diagnostics": {
    "bookmakers": 20,
    "closing_targets_used": false,
    "events": 5,
    "input_rows": 1767,
    "match_outcomes_used": false,
    "normalized_active_feature_median": 1.0,
    "original_active_feature_median": 0.4838709677419355,
    "panel_groups": 5,
    "panel_peer_capacity": {
      "maximum": 19,
      "median": 15.0,
      "minimum": 15
    },
    "policy": {
      "activation_utc": "2026-07-19T12:00:00Z",
      "adapter_id": "support_constrained_coverage_normalized_v1",
      "cutoff_tolerance_hours": 1.75,
      "maximum_historical_hours": 48.0,
      "minimum_historical_hours": 6.0
    },
    "post_activation_rows": 872,
    "pre_activation_rows_excluded": 895,
    "repaired_candidate_events": 5,
    "repaired_event_candidates": 5,
    "score_change": {
      "action_mean_absolute_change": 0.0009823556585684314,
      "action_pearson": 0.8165139368384707,
      "action_spearman": 0.6828414207103553,
      "raw_mean_absolute_change": 0.0006877061463740716,
      "raw_pearson": 0.9459439195690192,
      "raw_spearman": 0.7075141344257034
    },
    "snapshots": 2,
    "status": "prepared",
    "timing_by_cutoff": {
      "12": {
        "excluded_rows": 40,
        "post_activation_rows": 40,
        "supported_rows": 0
      },
      "24": {
        "excluded_rows": 466,
        "post_activation_rows": 504,
        "supported_rows": 38
      },
      "48": {
        "excluded_rows": 260,
        "post_activation_rows": 308,
        "supported_rows": 48
      },
      "6": {
        "excluded_rows": 20,
        "post_activation_rows": 20,
        "supported_rows": 0
      }
    },
    "timing_excluded_rows": 786,
    "timing_supported_rows": 86
  },
  "outputs": {
    "event_candidates": {
      "path": "support-repaired-event-candidates.csv.gz",
      "rows": 5,
      "sha256": "6b90860f0740e0ec51dd430f045c386f037efbed27f7c4bea591f0d6ed79a794"
    },
    "per_book_scores": {
      "path": "support-repaired-per-book-scores.csv.gz",
      "rows": 86,
      "sha256": "cc68b4564b184bbf67aa67625b1ba151b69dde5429202d8a9c0de44f9c7258dd"
    }
  },
  "policy": {
    "closing_targets_used": false,
    "match_outcomes_used": false,
    "no_execution": true,
    "original_v2_shadow_replaced": false,
    "parallel_unvalidated_transfer": true,
    "research_only": true
  },
  "schema_version": 1,
  "source": {
    "bundle": {
      "bundle_id": "generic-action-shadow-v1-8bb898c3c067",
      "manifest_sha256": "1bc04196e86b9802eedba50411f834e5155de814dffccc16289f6c65d12da757"
    },
    "per_book_scores": {
      "path": "prospective-data/data/derived/latest/shadow/per-book-shadow-scores.csv.gz",
      "rows": 1767,
      "sha256": "7f6ab2d02ba0f19a05b14eb20211bc2b2bc4a00d30147735648f010b038bb75a"
    }
  },
  "status": "scored"
}
