{
  "concentration": {
    "bookmaker": {
      "categories": 18,
      "largest_category": "boylesports",
      "largest_share": 0.17494089834515367,
      "top5_share": 0.6004728132387707
    },
    "snapshot": {
      "categories": 67,
      "largest_category": "20260722T113212_053045Z__soccer_usa_mls__f9bcb2d09673",
      "largest_share": 0.03546099290780142,
      "top5_share": 0.1773049645390071
    },
    "sport": null
  },
  "current_effective_sample": {
    "candidate_rows": 423,
    "event_efficiency": 0.8591451234970998,
    "event_kish_effective_size": 48.11212691583759,
    "snapshot_kish_effective_size": 46.92604248623132,
    "unique_events": 56
  },
  "evidence_boundary": {
    "closing_targets_read": false,
    "match_results_read": false,
    "policy_scores_used_as_performance_labels": false,
    "running_policy_changed": false
  },
  "forecast": {
    "final_candidates": {
      "mean": 1202.6974,
      "median": 1202.0,
      "q025": 1114.0,
      "q975": 1296.0
    },
    "final_total_exact_5pct_quota": {
      "mean": 58.4149,
      "median": 58.0,
      "q025": 54.0,
      "q975": 63.0
    },
    "final_unique_events": {
      "mean": 159.98015,
      "median": 159.0,
      "q025": 128.0,
      "q975": 195.0
    },
    "minimum_detectable_incremental_log_clv_per_opportunity": {
      "mean": 0.0036644303428946374,
      "median": 0.003659839999609511,
      "q025": 0.0033047861041114114,
      "q975": 0.004079018515923837
    }
  },
  "forecast_reliability": "operational",
  "forecast_type": "outcome_blind_interim_operational_forecast",
  "frozen_window": {
    "campaign_end_utc": "2026-07-26T06:30:00+00:00",
    "campaign_start_utc": "2026-07-19T06:00:00+00:00",
    "collection_cadence_hours": 3.0,
    "latest_eligible_observation_utc": "2026-07-26T03:15:00+00:00",
    "observed_cycle_fraction": 0.35185185185185186,
    "planned_collection_cycles_from_first_observed_cycle": 54,
    "policy_activation_utc": "2026-07-19T11:00:00+00:00"
  },
  "gate_probabilities": {
    "all_phase43_volume_gates": 1.0,
    "at_least_15_selections_per_policy": 1.0,
    "at_least_300_candidates": 1.0,
    "at_least_75_unique_events": 1.0,
    "at_least_three_cutoffs_with_40_candidates": 1.0,
    "raw_positive_capacity_all_cutoffs": 1.0,
    "residual_positive_capacity_all_cutoffs": 1.0
  },
  "generated_at_utc": "2026-07-23T14:40:19.827198+00:00",
  "input": {
    "first_cycle_utc": "2026-07-19T11:00:21.154292+00:00",
    "latest_cycle_utc": "2026-07-23T09:14:22.035399+00:00",
    "observed_collection_cycles": 19,
    "path": "prospective-data/data/derived/latest/shadow/event-shadow-candidates.csv.gz",
    "post_activation_rows": 423,
    "post_activation_snapshots": 67,
    "post_activation_unique_events": 56,
    "sha256": "18b9bc816785870c7067dc484be4bac23b8498a493154858e2514bc4eecdb8e3"
  },
  "planning_assumption": {
    "cycle_inference": "new cycle after more than 1.0 hour between snapshot ingestion times",
    "forecast_model": "Jeffreys-prior gamma-Poisson per inferred collection cycle with beta-binomial positive-score capacity",
    "historical_cluster_sigma_equivalent": 0.015268280246644523,
    "power": 0.8,
    "two_sided_alpha": 0.05,
    "z_alpha_plus_power": 2.801585
  },
  "probabilities_decision_grade": true,
  "status": "completed",
  "warnings": []
}
