{
  "concentration": {
    "bookmaker": {
      "categories": 15,
      "largest_category": "boylesports",
      "largest_share": 0.265625,
      "top5_share": 0.671875
    },
    "snapshot": {
      "categories": 30,
      "largest_category": "20260720T201259_842827Z__soccer_usa_mls__56971ed537c5",
      "largest_share": 0.1171875,
      "top5_share": 0.390625
    },
    "sport": null
  },
  "current_effective_sample": {
    "candidate_rows": 128,
    "event_efficiency": 0.6852936255646646,
    "event_kish_effective_size": 29.467625899280577,
    "snapshot_kish_effective_size": 18.660592255125284,
    "unique_events": 43
  },
  "evidence_boundary": {
    "closing_targets_read": false,
    "match_results_read": false,
    "policy_scores_used_as_performance_labels": false,
    "running_policy_changed": false
  },
  "forecast": {
    "final_candidates": {
      "mean": 770.0062,
      "median": 768.0,
      "q025": 654.0,
      "q975": 898.0
    },
    "final_total_exact_5pct_quota": {
      "mean": 37.0114,
      "median": 37.0,
      "q025": 31.0,
      "q975": 43.0
    },
    "final_unique_events": {
      "mean": 260.33725,
      "median": 259.0,
      "q025": 196.0,
      "q975": 335.0
    },
    "minimum_detectable_incremental_log_clv_per_opportunity": {
      "mean": 0.003225578526325346,
      "median": 0.003210744136604216,
      "q025": 0.002823144948394516,
      "q975": 0.003690859765775251
    }
  },
  "forecast_reliability": "operational",
  "forecast_type": "outcome_blind_interim_operational_forecast",
  "frozen_window": {
    "campaign_end_utc": "2026-07-26T06:30:00+00:00",
    "campaign_start_utc": "2026-07-19T06:00:00+00:00",
    "collection_cadence_hours": 3.0,
    "latest_eligible_observation_utc": "2026-07-26T03:15:00+00:00",
    "observed_cycle_fraction": 0.16666666666666666,
    "planned_collection_cycles_from_first_observed_cycle": 54,
    "policy_activation_utc": "2026-07-19T11:00:00+00:00"
  },
  "gate_probabilities": {
    "all_phase43_volume_gates": 0.8041,
    "at_least_15_selections_per_policy": 1.0,
    "at_least_300_candidates": 1.0,
    "at_least_75_unique_events": 1.0,
    "at_least_three_cutoffs_with_40_candidates": 0.8041,
    "raw_positive_capacity_all_cutoffs": 1.0,
    "residual_positive_capacity_all_cutoffs": 1.0
  },
  "generated_at_utc": "2026-07-21T10:24:31.212334+00:00",
  "input": {
    "first_cycle_utc": "2026-07-19T11:00:21.154292+00:00",
    "latest_cycle_utc": "2026-07-20T22:39:48.024389+00:00",
    "observed_collection_cycles": 9,
    "path": "prospective-data/data/derived/latest/shadow/event-shadow-candidates.csv.gz",
    "post_activation_rows": 128,
    "post_activation_snapshots": 30,
    "post_activation_unique_events": 43,
    "sha256": "5491d71a86ee48d34d711147247389204cb09433aeb50ce61e77e8751c8b236b"
  },
  "planning_assumption": {
    "cycle_inference": "new cycle after more than 1.0 hour between snapshot ingestion times",
    "forecast_model": "Jeffreys-prior gamma-Poisson per inferred collection cycle with beta-binomial positive-score capacity",
    "historical_cluster_sigma_equivalent": 0.015268280246644523,
    "power": 0.8,
    "two_sided_alpha": 0.05,
    "z_alpha_plus_power": 2.801585
  },
  "probabilities_decision_grade": true,
  "status": "completed",
  "warnings": [
    "T6_volume_structurally_weak"
  ]
}
