/opt/hostedtoolcache/Python/3.11.15/x64/lib/python3.11/site-packages/sklearn/utils/validation.py:2827: UserWarning: X does not have valid feature names, but HistGradientBoostingClassifier was fitted with feature names
  warnings.warn(
/opt/hostedtoolcache/Python/3.11.15/x64/lib/python3.11/site-packages/sklearn/utils/validation.py:2827: UserWarning: X does not have valid feature names, but HistGradientBoostingClassifier was fitted with feature names
  warnings.warn(
/opt/hostedtoolcache/Python/3.11.15/x64/lib/python3.11/site-packages/sklearn/utils/validation.py:2827: UserWarning: X does not have valid feature names, but HistGradientBoostingRegressor was fitted with feature names
  warnings.warn(
/opt/hostedtoolcache/Python/3.11.15/x64/lib/python3.11/site-packages/sklearn/utils/validation.py:2827: UserWarning: X does not have valid feature names, but HistGradientBoostingRegressor was fitted with feature names
  warnings.warn(
/opt/hostedtoolcache/Python/3.11.15/x64/lib/python3.11/site-packages/sklearn/utils/validation.py:2827: UserWarning: X does not have valid feature names, but HistGradientBoostingRegressor was fitted with feature names
  warnings.warn(
/opt/hostedtoolcache/Python/3.11.15/x64/lib/python3.11/site-packages/sklearn/utils/validation.py:2827: UserWarning: X does not have valid feature names, but HistGradientBoostingRegressor was fitted with feature names
  warnings.warn(
/opt/hostedtoolcache/Python/3.11.15/x64/lib/python3.11/site-packages/sklearn/utils/validation.py:2827: UserWarning: X does not have valid feature names, but HistGradientBoostingRegressor was fitted with feature names
  warnings.warn(
/opt/hostedtoolcache/Python/3.11.15/x64/lib/python3.11/site-packages/sklearn/utils/validation.py:2827: UserWarning: X does not have valid feature names, but HistGradientBoostingRegressor was fitted with feature names
  warnings.warn(
{
  "adapter_id": "support_constrained_coverage_normalized_v1",
  "diagnostics": {
    "bookmakers": 21,
    "closing_targets_used": false,
    "events": 14,
    "input_rows": 4510,
    "match_outcomes_used": false,
    "normalized_active_feature_median": 1.0,
    "original_active_feature_median": 0.6129032258064516,
    "panel_groups": 20,
    "panel_peer_capacity": {
      "maximum": 20,
      "median": 19.0,
      "minimum": 11
    },
    "policy": {
      "activation_utc": "2026-07-19T12:00:00Z",
      "adapter_id": "support_constrained_coverage_normalized_v1",
      "cutoff_tolerance_hours": 1.75,
      "maximum_historical_hours": 48.0,
      "minimum_historical_hours": 6.0
    },
    "post_activation_rows": 3615,
    "pre_activation_rows_excluded": 895,
    "repaired_candidate_events": 14,
    "repaired_event_candidates": 20,
    "score_change": {
      "action_mean_absolute_change": 0.001016070480620577,
      "action_pearson": 0.8873916501761171,
      "action_spearman": 0.8045002322022011,
      "raw_mean_absolute_change": 0.0010419083288802627,
      "raw_pearson": 0.8614569225416941,
      "raw_spearman": 0.7784732418391695
    },
    "snapshots": 9,
    "status": "prepared",
    "timing_by_cutoff": {
      "12": {
        "excluded_rows": 175,
        "post_activation_rows": 260,
        "supported_rows": 85
      },
      "24": {
        "excluded_rows": 1312,
        "post_activation_rows": 1403,
        "supported_rows": 91
      },
      "48": {
        "excluded_rows": 1762,
        "post_activation_rows": 1858,
        "supported_rows": 96
      },
      "6": {
        "excluded_rows": 20,
        "post_activation_rows": 94,
        "supported_rows": 74
      }
    },
    "timing_excluded_rows": 3269,
    "timing_supported_rows": 346
  },
  "outputs": {
    "event_candidates": {
      "path": "support-repaired-event-candidates.csv.gz",
      "rows": 20,
      "sha256": "2244e6455b88d9936e63c7cf3370648ae7f52a5e1d3abbd2c1c5e72982a27aa1"
    },
    "per_book_scores": {
      "path": "support-repaired-per-book-scores.csv.gz",
      "rows": 346,
      "sha256": "0cd434ab791598289146cd23d157bd42c23402304c55972b133d10bb07b3fe5f"
    }
  },
  "policy": {
    "closing_targets_used": false,
    "match_outcomes_used": false,
    "no_execution": true,
    "original_v2_shadow_replaced": false,
    "parallel_unvalidated_transfer": true,
    "research_only": true
  },
  "schema_version": 1,
  "source": {
    "bundle": {
      "bundle_id": "generic-action-shadow-v1-8bb898c3c067",
      "manifest_sha256": "1bc04196e86b9802eedba50411f834e5155de814dffccc16289f6c65d12da757"
    },
    "per_book_scores": {
      "path": "prospective-data/data/derived/latest/shadow/per-book-shadow-scores.csv.gz",
      "rows": 4510,
      "sha256": "527dd290f36a1770c1c9cc621398cc886a1c949102e812afd805cf0027daa69c"
    }
  },
  "status": "scored"
}
