/opt/hostedtoolcache/Python/3.11.15/x64/lib/python3.11/site-packages/sklearn/utils/validation.py:2827: UserWarning: X does not have valid feature names, but HistGradientBoostingClassifier was fitted with feature names
  warnings.warn(
/opt/hostedtoolcache/Python/3.11.15/x64/lib/python3.11/site-packages/sklearn/utils/validation.py:2827: UserWarning: X does not have valid feature names, but HistGradientBoostingClassifier was fitted with feature names
  warnings.warn(
/opt/hostedtoolcache/Python/3.11.15/x64/lib/python3.11/site-packages/sklearn/utils/validation.py:2827: UserWarning: X does not have valid feature names, but HistGradientBoostingRegressor was fitted with feature names
  warnings.warn(
/opt/hostedtoolcache/Python/3.11.15/x64/lib/python3.11/site-packages/sklearn/utils/validation.py:2827: UserWarning: X does not have valid feature names, but HistGradientBoostingRegressor was fitted with feature names
  warnings.warn(
/opt/hostedtoolcache/Python/3.11.15/x64/lib/python3.11/site-packages/sklearn/utils/validation.py:2827: UserWarning: X does not have valid feature names, but HistGradientBoostingRegressor was fitted with feature names
  warnings.warn(
/opt/hostedtoolcache/Python/3.11.15/x64/lib/python3.11/site-packages/sklearn/utils/validation.py:2827: UserWarning: X does not have valid feature names, but HistGradientBoostingRegressor was fitted with feature names
  warnings.warn(
/opt/hostedtoolcache/Python/3.11.15/x64/lib/python3.11/site-packages/sklearn/utils/validation.py:2827: UserWarning: X does not have valid feature names, but HistGradientBoostingRegressor was fitted with feature names
  warnings.warn(
/opt/hostedtoolcache/Python/3.11.15/x64/lib/python3.11/site-packages/sklearn/utils/validation.py:2827: UserWarning: X does not have valid feature names, but HistGradientBoostingRegressor was fitted with feature names
  warnings.warn(
{
  "adapter_id": "support_constrained_coverage_normalized_v1",
  "diagnostics": {
    "bookmakers": 16,
    "closing_targets_used": false,
    "events": 3,
    "input_rows": 1081,
    "match_outcomes_used": false,
    "normalized_active_feature_median": 1.0,
    "original_active_feature_median": 0.4838709677419355,
    "panel_groups": 3,
    "panel_peer_capacity": {
      "maximum": 15,
      "median": 15.0,
      "minimum": 15
    },
    "policy": {
      "activation_utc": "2026-07-19T12:00:00Z",
      "adapter_id": "support_constrained_coverage_normalized_v1",
      "cutoff_tolerance_hours": 1.75,
      "maximum_historical_hours": 48.0,
      "minimum_historical_hours": 6.0
    },
    "post_activation_rows": 186,
    "pre_activation_rows_excluded": 895,
    "repaired_candidate_events": 3,
    "repaired_event_candidates": 3,
    "score_change": {
      "action_mean_absolute_change": 0.0012907126160383708,
      "action_pearson": 0.7652925375206564,
      "action_spearman": 0.5308897106808789,
      "raw_mean_absolute_change": 0.0007970461996206053,
      "raw_pearson": 0.9502159776718819,
      "raw_spearman": 0.7508157494017839
    },
    "snapshots": 1,
    "status": "prepared",
    "timing_by_cutoff": {
      "24": {
        "excluded_rows": 99,
        "post_activation_rows": 99,
        "supported_rows": 0
      },
      "48": {
        "excluded_rows": 19,
        "post_activation_rows": 67,
        "supported_rows": 48
      },
      "6": {
        "excluded_rows": 20,
        "post_activation_rows": 20,
        "supported_rows": 0
      }
    },
    "timing_excluded_rows": 138,
    "timing_supported_rows": 48
  },
  "outputs": {
    "event_candidates": {
      "path": "support-repaired-event-candidates.csv.gz",
      "rows": 3,
      "sha256": "79f5066fd04607e0a68c1ec2a110dd1d6975c32c5528483efd80465467b20ae6"
    },
    "per_book_scores": {
      "path": "support-repaired-per-book-scores.csv.gz",
      "rows": 48,
      "sha256": "28b64e4c3df1dc7783b4874df1da7e5fba210b511f8bf16c9283ba8d18fd4b2a"
    }
  },
  "policy": {
    "closing_targets_used": false,
    "match_outcomes_used": false,
    "no_execution": true,
    "original_v2_shadow_replaced": false,
    "parallel_unvalidated_transfer": true,
    "research_only": true
  },
  "schema_version": 1,
  "source": {
    "bundle": {
      "bundle_id": "generic-action-shadow-v1-8bb898c3c067",
      "manifest_sha256": "1bc04196e86b9802eedba50411f834e5155de814dffccc16289f6c65d12da757"
    },
    "per_book_scores": {
      "path": "prospective-data/data/derived/latest/shadow/per-book-shadow-scores.csv.gz",
      "rows": 1081,
      "sha256": "0b5e41f65eb6a2fe22a008b59f5b47316c5cf3e839a2f0256d8028e37ff274d4"
    }
  },
  "status": "scored"
}
