/opt/hostedtoolcache/Python/3.11.15/x64/lib/python3.11/site-packages/sklearn/utils/validation.py:2827: UserWarning: X does not have valid feature names, but HistGradientBoostingClassifier was fitted with feature names
  warnings.warn(
/opt/hostedtoolcache/Python/3.11.15/x64/lib/python3.11/site-packages/sklearn/utils/validation.py:2827: UserWarning: X does not have valid feature names, but HistGradientBoostingClassifier was fitted with feature names
  warnings.warn(
/opt/hostedtoolcache/Python/3.11.15/x64/lib/python3.11/site-packages/sklearn/utils/validation.py:2827: UserWarning: X does not have valid feature names, but HistGradientBoostingRegressor was fitted with feature names
  warnings.warn(
/opt/hostedtoolcache/Python/3.11.15/x64/lib/python3.11/site-packages/sklearn/utils/validation.py:2827: UserWarning: X does not have valid feature names, but HistGradientBoostingRegressor was fitted with feature names
  warnings.warn(
/opt/hostedtoolcache/Python/3.11.15/x64/lib/python3.11/site-packages/sklearn/utils/validation.py:2827: UserWarning: X does not have valid feature names, but HistGradientBoostingRegressor was fitted with feature names
  warnings.warn(
/opt/hostedtoolcache/Python/3.11.15/x64/lib/python3.11/site-packages/sklearn/utils/validation.py:2827: UserWarning: X does not have valid feature names, but HistGradientBoostingRegressor was fitted with feature names
  warnings.warn(
/opt/hostedtoolcache/Python/3.11.15/x64/lib/python3.11/site-packages/sklearn/utils/validation.py:2827: UserWarning: X does not have valid feature names, but HistGradientBoostingRegressor was fitted with feature names
  warnings.warn(
/opt/hostedtoolcache/Python/3.11.15/x64/lib/python3.11/site-packages/sklearn/utils/validation.py:2827: UserWarning: X does not have valid feature names, but HistGradientBoostingRegressor was fitted with feature names
  warnings.warn(
{
  "adapter_id": "support_constrained_coverage_normalized_v1",
  "diagnostics": {
    "bookmakers": 21,
    "closing_targets_used": false,
    "events": 40,
    "input_rows": 8268,
    "match_outcomes_used": false,
    "normalized_active_feature_median": 1.0,
    "original_active_feature_median": 0.6129032258064516,
    "panel_groups": 87,
    "panel_peer_capacity": {
      "maximum": 20,
      "median": 19.0,
      "minimum": 11
    },
    "policy": {
      "activation_utc": "2026-07-19T12:00:00Z",
      "adapter_id": "support_constrained_coverage_normalized_v1",
      "cutoff_tolerance_hours": 1.75,
      "maximum_historical_hours": 48.0,
      "minimum_historical_hours": 6.0
    },
    "post_activation_rows": 7373,
    "pre_activation_rows_excluded": 895,
    "repaired_candidate_events": 40,
    "repaired_event_candidates": 88,
    "score_change": {
      "action_mean_absolute_change": 0.0009601356532242188,
      "action_pearson": 0.9008728022923179,
      "action_spearman": 0.8530735817084155,
      "raw_mean_absolute_change": 0.0006903965954466594,
      "raw_pearson": 0.9336135633040866,
      "raw_spearman": 0.8877290011322218
    },
    "snapshots": 31,
    "status": "prepared",
    "timing_by_cutoff": {
      "12": {
        "excluded_rows": 610,
        "post_activation_rows": 1307,
        "supported_rows": 697
      },
      "24": {
        "excluded_rows": 2478,
        "post_activation_rows": 2866,
        "supported_rows": 388
      },
      "48": {
        "excluded_rows": 2124,
        "post_activation_rows": 2289,
        "supported_rows": 165
      },
      "6": {
        "excluded_rows": 577,
        "post_activation_rows": 911,
        "supported_rows": 334
      }
    },
    "timing_excluded_rows": 5789,
    "timing_supported_rows": 1584
  },
  "outputs": {
    "event_candidates": {
      "path": "support-repaired-event-candidates.csv.gz",
      "rows": 88,
      "sha256": "ab67335954c59dc22d462e97316e839eba2b72f0b9ae6b6a507b6b1f695e2a9a"
    },
    "per_book_scores": {
      "path": "support-repaired-per-book-scores.csv.gz",
      "rows": 1584,
      "sha256": "5cebeb9f65605d661aae19a83a58f3f3327fe286c6749036f6e2ad8269996133"
    }
  },
  "policy": {
    "closing_targets_used": false,
    "match_outcomes_used": false,
    "no_execution": true,
    "original_v2_shadow_replaced": false,
    "parallel_unvalidated_transfer": true,
    "research_only": true
  },
  "schema_version": 1,
  "source": {
    "bundle": {
      "bundle_id": "generic-action-shadow-v1-8bb898c3c067",
      "manifest_sha256": "1bc04196e86b9802eedba50411f834e5155de814dffccc16289f6c65d12da757"
    },
    "per_book_scores": {
      "path": "prospective-data/data/derived/latest/shadow/per-book-shadow-scores.csv.gz",
      "rows": 8268,
      "sha256": "b3e3cbf72e32d3d28633c7d55820239a0bce11454df89c79a9f6edd78ffefc1a"
    }
  },
  "status": "scored"
}
