/opt/hostedtoolcache/Python/3.11.15/x64/lib/python3.11/site-packages/sklearn/utils/validation.py:2827: UserWarning: X does not have valid feature names, but HistGradientBoostingClassifier was fitted with feature names
  warnings.warn(
/opt/hostedtoolcache/Python/3.11.15/x64/lib/python3.11/site-packages/sklearn/utils/validation.py:2827: UserWarning: X does not have valid feature names, but HistGradientBoostingClassifier was fitted with feature names
  warnings.warn(
/opt/hostedtoolcache/Python/3.11.15/x64/lib/python3.11/site-packages/sklearn/utils/validation.py:2827: UserWarning: X does not have valid feature names, but HistGradientBoostingRegressor was fitted with feature names
  warnings.warn(
/opt/hostedtoolcache/Python/3.11.15/x64/lib/python3.11/site-packages/sklearn/utils/validation.py:2827: UserWarning: X does not have valid feature names, but HistGradientBoostingRegressor was fitted with feature names
  warnings.warn(
/opt/hostedtoolcache/Python/3.11.15/x64/lib/python3.11/site-packages/sklearn/utils/validation.py:2827: UserWarning: X does not have valid feature names, but HistGradientBoostingRegressor was fitted with feature names
  warnings.warn(
/opt/hostedtoolcache/Python/3.11.15/x64/lib/python3.11/site-packages/sklearn/utils/validation.py:2827: UserWarning: X does not have valid feature names, but HistGradientBoostingRegressor was fitted with feature names
  warnings.warn(
/opt/hostedtoolcache/Python/3.11.15/x64/lib/python3.11/site-packages/sklearn/utils/validation.py:2827: UserWarning: X does not have valid feature names, but HistGradientBoostingRegressor was fitted with feature names
  warnings.warn(
/opt/hostedtoolcache/Python/3.11.15/x64/lib/python3.11/site-packages/sklearn/utils/validation.py:2827: UserWarning: X does not have valid feature names, but HistGradientBoostingRegressor was fitted with feature names
  warnings.warn(
{
  "adapter_id": "canonical_cutoff_coverage_normalized_v1",
  "diagnostics": {
    "bookmakers": 21,
    "canonical_candidate_events": 8,
    "canonical_event_candidates": 16,
    "closing_targets_used": false,
    "cutoff_distance_hours": {
      "maximum": 5.994123807777768,
      "median": 2.9504195551388914,
      "p90": 5.994123807777768
    },
    "events": 8,
    "globally_excluded_rows": 58,
    "globally_supported_rows": 294,
    "input_rows": 1247,
    "match_outcomes_used": false,
    "normalized_active_feature_median": 1.0,
    "original_active_feature_median": 0.5806451612903226,
    "panel_groups": 16,
    "panel_peer_capacity": {
      "maximum": 20,
      "median": 18.0,
      "minimum": 15
    },
    "policy": {
      "activation_utc": "2026-07-19T15:00:00Z",
      "adapter_id": "canonical_cutoff_coverage_normalized_v1",
      "maximum_historical_hours": 48.0,
      "minimum_historical_hours": 6.0
    },
    "post_activation_rows": 352,
    "pre_activation_rows_excluded": 895,
    "rows_by_cutoff": {
      "24": {
        "distance_median_hours": 2.9504195551388914,
        "distance_p90_hours": 5.994123807777768,
        "events": 5,
        "rows": 198
      },
      "48": {
        "distance_median_hours": 2.549711378749997,
        "distance_p90_hours": 4.593157286666667,
        "events": 3,
        "rows": 96
      }
    },
    "score_change": {
      "action_mean_absolute_change": 0.0007728434785651081,
      "action_pearson": 0.9367491095033481,
      "action_spearman": 0.8335581974664413,
      "raw_mean_absolute_change": 0.0005568637117494437,
      "raw_pearson": 0.9746484018553688,
      "raw_spearman": 0.8876077588751283
    },
    "snapshots": 8,
    "status": "prepared"
  },
  "outputs": {
    "event_candidates": {
      "path": "canonical-timing-event-candidates.csv.gz",
      "rows": 16,
      "sha256": "9712b9ae0bb4bf0c8dc59ecdeb7423d7d7269104c6b1e602b4a9066769e83740"
    },
    "per_book_scores": {
      "path": "canonical-timing-per-book-scores.csv.gz",
      "rows": 294,
      "sha256": "1d8eaed61c3e66a8b6f44b0baa81720841583b4a61e384042f5acccb3fde8674"
    }
  },
  "policy": {
    "closing_targets_used": false,
    "match_outcomes_used": false,
    "no_execution": true,
    "original_v2_shadow_replaced": false,
    "parallel_unvalidated_transfer": true,
    "research_only": true,
    "support_repaired_shadow_replaced": false
  },
  "schema_version": 1,
  "source": {
    "bundle": {
      "bundle_id": "generic-action-shadow-v1-8bb898c3c067",
      "manifest_sha256": "1bc04196e86b9802eedba50411f834e5155de814dffccc16289f6c65d12da757"
    },
    "per_book_scores": {
      "path": "prospective-data/data/derived/latest/shadow/per-book-shadow-scores.csv.gz",
      "rows": 1247,
      "sha256": "2d285e19f8dda8fdeab12b053fa4f50c21c5b381fb7a9ea4f2e4464994e45d2e"
    }
  },
  "status": "scored"
}
