{
  "concentration": {
    "bookmaker": {
      "categories": 15,
      "largest_category": "coral",
      "largest_share": 0.2698412698412698,
      "top5_share": 0.708994708994709
    },
    "snapshot": {
      "categories": 56,
      "largest_category": "20260722T113212_053045Z__soccer_usa_mls__f9bcb2d09673",
      "largest_share": 0.047619047619047616,
      "top5_share": 0.21164021164021163
    },
    "sport": null
  },
  "current_effective_sample": {
    "candidate_rows": 189,
    "event_efficiency": 0.7066049492611715,
    "event_kish_effective_size": 28.970802919708028,
    "snapshot_kish_effective_size": 39.91173184357542,
    "unique_events": 41
  },
  "evidence_boundary": {
    "closing_targets_read": false,
    "match_results_read": false,
    "policy_scores_used_as_performance_labels": false,
    "running_policy_changed": false
  },
  "forecast": {
    "final_candidates": {
      "mean": 527.85825,
      "median": 527.0,
      "q025": 470.0,
      "q975": 591.0
    },
    "final_total_exact_5pct_quota": {
      "mean": 24.63785,
      "median": 25.0,
      "q025": 22.0,
      "q975": 28.0
    },
    "final_unique_events": {
      "mean": 115.24165,
      "median": 114.0,
      "q025": 89.0,
      "q975": 145.0
    },
    "minimum_detectable_incremental_log_clv_per_opportunity": {
      "mean": 0.004767819283617368,
      "median": 0.004765990398098117,
      "q025": 0.004225923078206402,
      "q975": 0.0053939955694855355
    }
  },
  "forecast_reliability": "operational",
  "forecast_type": "outcome_blind_interim_operational_forecast",
  "frozen_window": {
    "campaign_end_utc": "2026-07-26T06:30:00+00:00",
    "campaign_start_utc": "2026-07-19T06:00:00+00:00",
    "collection_cadence_hours": 3.0,
    "latest_eligible_observation_utc": "2026-07-26T03:15:00+00:00",
    "observed_cycle_fraction": 0.3584905660377358,
    "planned_collection_cycles_from_first_observed_cycle": 53,
    "policy_activation_utc": "2026-07-19T15:00:00+00:00"
  },
  "gate_probabilities": {
    "all_phase43_volume_gates": 0.99965,
    "at_least_15_selections_per_policy": 1.0,
    "at_least_300_candidates": 1.0,
    "at_least_75_unique_events": 0.99965,
    "at_least_three_cutoffs_with_40_candidates": 1.0,
    "raw_positive_capacity_all_cutoffs": 1.0,
    "residual_positive_capacity_all_cutoffs": 1.0
  },
  "generated_at_utc": "2026-07-23T20:01:56.612014+00:00",
  "input": {
    "first_cycle_utc": "2026-07-19T15:05:35.051985+00:00",
    "latest_cycle_utc": "2026-07-23T20:00:43.082345+00:00",
    "observed_collection_cycles": 19,
    "path": "artifacts/home-only-power-forecast/home-candidates-for-forecast.csv.gz",
    "post_activation_rows": 189,
    "post_activation_snapshots": 56,
    "post_activation_unique_events": 41,
    "sha256": "d3d5073e35aa061eb4397e28b266e99c9fdc58fe3a7edeb4dfbadce302aa5605"
  },
  "planning_assumption": {
    "cycle_inference": "new cycle after more than 1.0 hour between snapshot ingestion times",
    "forecast_model": "Jeffreys-prior gamma-Poisson per inferred collection cycle with beta-binomial positive-score capacity",
    "historical_cluster_sigma_equivalent": 0.015268280246644523,
    "power": 0.8,
    "two_sided_alpha": 0.05,
    "z_alpha_plus_power": 2.801585
  },
  "probabilities_decision_grade": true,
  "status": "completed",
  "warnings": []
}
{
  "challenger": {
    "activation_utc": "2026-07-19T15:00:00Z",
    "confirmatory_status": "future_only_challenger",
    "id": "home_only_original_v2_candidates",
    "source_experiment": "experiment_024_post_hoc_diagnostic"
  },
  "concentration": {
    "bookmaker": {
      "categories": 15,
      "largest_category": "coral",
      "largest_share": 0.2698412698412698,
      "top5_share": 0.708994708994709
    },
    "snapshot": {
      "categories": 56,
      "largest_category": "20260722T113212_053045Z__soccer_usa_mls__f9bcb2d09673",
      "largest_share": 0.047619047619047616,
      "top5_share": 0.21164021164021163
    },
    "sport": null
  },
  "current_effective_sample": {
    "candidate_rows": 189,
    "event_efficiency": 0.7066049492611715,
    "event_kish_effective_size": 28.970802919708028,
    "snapshot_kish_effective_size": 39.91173184357542,
    "unique_events": 41
  },
  "evidence_boundary": {
    "candidate_outcome_filter": "home",
    "closing_targets_read": false,
    "existing_volume_gates_changed": false,
    "filter_applied_before_forecast": true,
    "home_only_policy_changed": false,
    "match_results_read": false,
    "policy_scores_used_as_performance_labels": false,
    "running_policy_changed": false
  },
  "forecast": {
    "final_candidates": {
      "mean": 527.85825,
      "median": 527.0,
      "q025": 470.0,
      "q975": 591.0
    },
    "final_total_exact_5pct_quota": {
      "mean": 24.63785,
      "median": 25.0,
      "q025": 22.0,
      "q975": 28.0
    },
    "final_unique_events": {
      "mean": 115.24165,
      "median": 114.0,
      "q025": 89.0,
      "q975": 145.0
    },
    "minimum_detectable_incremental_log_clv_per_opportunity": {
      "mean": 0.004767819283617368,
      "median": 0.004765990398098117,
      "q025": 0.004225923078206402,
      "q975": 0.0053939955694855355
    }
  },
  "forecast_reliability": "operational",
  "forecast_type": "outcome_blind_home_only_evidence_power_forecast",
  "frozen_window": {
    "campaign_end_utc": "2026-07-26T06:30:00+00:00",
    "campaign_start_utc": "2026-07-19T06:00:00+00:00",
    "collection_cadence_hours": 3.0,
    "latest_eligible_observation_utc": "2026-07-26T03:15:00+00:00",
    "observed_cycle_fraction": 0.3584905660377358,
    "planned_collection_cycles_from_first_observed_cycle": 53,
    "policy_activation_utc": "2026-07-19T15:00:00+00:00"
  },
  "gate_probabilities": {
    "all_phase43_volume_gates": 0.99965,
    "at_least_15_selections_per_policy": 1.0,
    "at_least_300_candidates": 1.0,
    "at_least_75_unique_events": 0.99965,
    "at_least_three_cutoffs_with_40_candidates": 1.0,
    "raw_positive_capacity_all_cutoffs": 1.0,
    "residual_positive_capacity_all_cutoffs": 1.0
  },
  "generated_at_utc": "2026-07-23T20:01:56.612014+00:00",
  "home_filter": {
    "activation_utc": "2026-07-19T15:00:00+00:00",
    "filter_applied_before_forecast": true,
    "home_events_post_activation": 41,
    "home_rows_all_times": 206,
    "home_rows_post_activation": 189,
    "home_snapshots_post_activation": 56,
    "performance_fields_used": false,
    "source_events": 58,
    "source_rows": 461
  },
  "input": {
    "first_cycle_utc": "2026-07-19T15:05:35.051985+00:00",
    "latest_cycle_utc": "2026-07-23T20:00:43.082345+00:00",
    "observed_collection_cycles": 19,
    "path": "artifacts/home-only-power-forecast/home-candidates-for-forecast.csv.gz",
    "post_activation_rows": 189,
    "post_activation_snapshots": 56,
    "post_activation_unique_events": 41,
    "sha256": "d3d5073e35aa061eb4397e28b266e99c9fdc58fe3a7edeb4dfbadce302aa5605"
  },
  "planning_assumption": {
    "cycle_inference": "new cycle after more than 1.0 hour between snapshot ingestion times",
    "forecast_model": "Jeffreys-prior gamma-Poisson per inferred collection cycle with beta-binomial positive-score capacity",
    "historical_cluster_sigma_equivalent": 0.015268280246644523,
    "power": 0.8,
    "two_sided_alpha": 0.05,
    "z_alpha_plus_power": 2.801585
  },
  "probabilities_decision_grade": true,
  "source_input": {
    "path": "prospective-data/data/derived/latest/shadow/event-shadow-candidates.csv.gz",
    "rows": 461,
    "sha256": "d457ddd7060750e8fb64370b56043fac3bc56f0610fd3b0379ec1ccbd5a11361"
  },
  "status": "completed",
  "warnings": []
}
