/opt/hostedtoolcache/Python/3.11.15/x64/lib/python3.11/site-packages/sklearn/utils/validation.py:2827: UserWarning: X does not have valid feature names, but HistGradientBoostingClassifier was fitted with feature names
  warnings.warn(
/opt/hostedtoolcache/Python/3.11.15/x64/lib/python3.11/site-packages/sklearn/utils/validation.py:2827: UserWarning: X does not have valid feature names, but HistGradientBoostingClassifier was fitted with feature names
  warnings.warn(
/opt/hostedtoolcache/Python/3.11.15/x64/lib/python3.11/site-packages/sklearn/utils/validation.py:2827: UserWarning: X does not have valid feature names, but HistGradientBoostingRegressor was fitted with feature names
  warnings.warn(
/opt/hostedtoolcache/Python/3.11.15/x64/lib/python3.11/site-packages/sklearn/utils/validation.py:2827: UserWarning: X does not have valid feature names, but HistGradientBoostingRegressor was fitted with feature names
  warnings.warn(
/opt/hostedtoolcache/Python/3.11.15/x64/lib/python3.11/site-packages/sklearn/utils/validation.py:2827: UserWarning: X does not have valid feature names, but HistGradientBoostingRegressor was fitted with feature names
  warnings.warn(
/opt/hostedtoolcache/Python/3.11.15/x64/lib/python3.11/site-packages/sklearn/utils/validation.py:2827: UserWarning: X does not have valid feature names, but HistGradientBoostingRegressor was fitted with feature names
  warnings.warn(
/opt/hostedtoolcache/Python/3.11.15/x64/lib/python3.11/site-packages/sklearn/utils/validation.py:2827: UserWarning: X does not have valid feature names, but HistGradientBoostingRegressor was fitted with feature names
  warnings.warn(
/opt/hostedtoolcache/Python/3.11.15/x64/lib/python3.11/site-packages/sklearn/utils/validation.py:2827: UserWarning: X does not have valid feature names, but HistGradientBoostingRegressor was fitted with feature names
  warnings.warn(
{
  "adapter_id": "canonical_cutoff_coverage_normalized_v1",
  "diagnostics": {
    "bookmakers": 21,
    "canonical_candidate_events": 52,
    "canonical_event_candidates": 280,
    "closing_targets_used": false,
    "cutoff_distance_hours": {
      "maximum": 11.963124981666667,
      "median": 3.894497984444442,
      "p90": 10.963013920833333
    },
    "events": 52,
    "globally_excluded_rows": 1692,
    "globally_supported_rows": 5032,
    "input_rows": 7619,
    "match_outcomes_used": false,
    "normalized_active_feature_median": 1.0,
    "original_active_feature_median": 0.5806451612903226,
    "panel_groups": 280,
    "panel_peer_capacity": {
      "maximum": 20,
      "median": 18.0,
      "minimum": 11
    },
    "policy": {
      "activation_utc": "2026-07-19T15:00:00Z",
      "adapter_id": "canonical_cutoff_coverage_normalized_v1",
      "maximum_historical_hours": 48.0,
      "minimum_historical_hours": 6.0
    },
    "post_activation_rows": 6724,
    "pre_activation_rows_excluded": 895,
    "rows_by_cutoff": {
      "12": {
        "distance_median_hours": 1.7274499944444415,
        "distance_p90_hours": 4.727449994444445,
        "events": 36,
        "rows": 1226
      },
      "24": {
        "distance_median_hours": 4.86414662527778,
        "distance_p90_hours": 10.963124981666667,
        "events": 47,
        "rows": 2596
      },
      "48": {
        "distance_median_hours": 9.272784657222225,
        "distance_p90_hours": 11.272784657222218,
        "events": 31,
        "rows": 838
      },
      "6": {
        "distance_median_hours": 1.1869719008333286,
        "distance_p90_hours": 2.8722556627777713,
        "events": 20,
        "rows": 372
      }
    },
    "score_change": {
      "action_mean_absolute_change": 0.001180371486016725,
      "action_pearson": 0.9379367364123992,
      "action_spearman": 0.8556285985892226,
      "raw_mean_absolute_change": 0.0008394059616994776,
      "raw_pearson": 0.9656338375542498,
      "raw_spearman": 0.898451863300697
    },
    "snapshots": 53,
    "status": "prepared"
  },
  "outputs": {
    "event_candidates": {
      "path": "canonical-timing-event-candidates.csv.gz",
      "rows": 280,
      "sha256": "ad167a515c693d3bcc1a465cbc84b0c46cda842bde05a3d12d651d8f1211a254"
    },
    "per_book_scores": {
      "path": "canonical-timing-per-book-scores.csv.gz",
      "rows": 5032,
      "sha256": "14a9f23a399d4617749e3387695afc9e214741f93a21e7d5c9022f72d2da11af"
    }
  },
  "policy": {
    "closing_targets_used": false,
    "match_outcomes_used": false,
    "no_execution": true,
    "original_v2_shadow_replaced": false,
    "parallel_unvalidated_transfer": true,
    "research_only": true,
    "support_repaired_shadow_replaced": false
  },
  "schema_version": 1,
  "source": {
    "bundle": {
      "bundle_id": "generic-action-shadow-v1-8bb898c3c067",
      "manifest_sha256": "1bc04196e86b9802eedba50411f834e5155de814dffccc16289f6c65d12da757"
    },
    "per_book_scores": {
      "path": "prospective-data/data/derived/latest/shadow/per-book-shadow-scores.csv.gz",
      "rows": 7619,
      "sha256": "72f0b51e3e1c0db6ae010b0774c087f626ae4cd1c0f4707078f533416d53b677"
    }
  },
  "status": "scored"
}
