{
  "concentration": {
    "bookmaker": {
      "categories": 15,
      "largest_category": "coral",
      "largest_share": 0.23225806451612904,
      "top5_share": 0.6774193548387096
    },
    "snapshot": {
      "categories": 43,
      "largest_category": "20260722T113212_053045Z__soccer_usa_mls__f9bcb2d09673",
      "largest_share": 0.05806451612903226,
      "top5_share": 0.25806451612903225
    },
    "sport": null
  },
  "current_effective_sample": {
    "candidate_rows": 155,
    "event_efficiency": 0.7324918442635446,
    "event_kish_effective_size": 28.56718192627824,
    "snapshot_kish_effective_size": 31.57030223390276,
    "unique_events": 39
  },
  "evidence_boundary": {
    "closing_targets_read": false,
    "match_results_read": false,
    "policy_scores_used_as_performance_labels": false,
    "running_policy_changed": false
  },
  "forecast": {
    "final_candidates": {
      "mean": 548.63185,
      "median": 548.0,
      "q025": 479.0,
      "q975": 625.0
    },
    "final_total_exact_5pct_quota": {
      "mean": 25.8203,
      "median": 26.0,
      "q025": 22.0,
      "q975": 30.0
    },
    "final_unique_events": {
      "mean": 139.01385,
      "median": 138.0,
      "q025": 105.0,
      "q975": 179.0
    },
    "minimum_detectable_incremental_log_clv_per_opportunity": {
      "mean": 0.004268001549253412,
      "median": 0.0042545436751184424,
      "q025": 0.0037356485754005287,
      "q975": 0.0048775067595781115
    }
  },
  "forecast_reliability": "operational",
  "forecast_type": "outcome_blind_interim_operational_forecast",
  "frozen_window": {
    "campaign_end_utc": "2026-07-26T06:30:00+00:00",
    "campaign_start_utc": "2026-07-19T06:00:00+00:00",
    "collection_cadence_hours": 3.0,
    "latest_eligible_observation_utc": "2026-07-26T03:15:00+00:00",
    "observed_cycle_fraction": 0.2830188679245283,
    "planned_collection_cycles_from_first_observed_cycle": 53,
    "policy_activation_utc": "2026-07-19T15:00:00+00:00"
  },
  "gate_probabilities": {
    "all_phase43_volume_gates": 1.0,
    "at_least_15_selections_per_policy": 1.0,
    "at_least_300_candidates": 1.0,
    "at_least_75_unique_events": 1.0,
    "at_least_three_cutoffs_with_40_candidates": 1.0,
    "raw_positive_capacity_all_cutoffs": 1.0,
    "residual_positive_capacity_all_cutoffs": 1.0
  },
  "generated_at_utc": "2026-07-22T17:41:52.554072+00:00",
  "input": {
    "first_cycle_utc": "2026-07-19T15:05:35.051985+00:00",
    "latest_cycle_utc": "2026-07-22T17:37:39.879614+00:00",
    "observed_collection_cycles": 15,
    "path": "artifacts/home-only-power-forecast/home-candidates-for-forecast.csv.gz",
    "post_activation_rows": 155,
    "post_activation_snapshots": 43,
    "post_activation_unique_events": 39,
    "sha256": "7a657de4408e5d625eb172f6aaea70c7978074fd627d9f5e9bbfe4fcfd31209a"
  },
  "planning_assumption": {
    "cycle_inference": "new cycle after more than 1.0 hour between snapshot ingestion times",
    "forecast_model": "Jeffreys-prior gamma-Poisson per inferred collection cycle with beta-binomial positive-score capacity",
    "historical_cluster_sigma_equivalent": 0.015268280246644523,
    "power": 0.8,
    "two_sided_alpha": 0.05,
    "z_alpha_plus_power": 2.801585
  },
  "probabilities_decision_grade": true,
  "status": "completed",
  "warnings": [
    "T6_volume_structurally_weak"
  ]
}
{
  "challenger": {
    "activation_utc": "2026-07-19T15:00:00Z",
    "confirmatory_status": "future_only_challenger",
    "id": "home_only_original_v2_candidates",
    "source_experiment": "experiment_024_post_hoc_diagnostic"
  },
  "concentration": {
    "bookmaker": {
      "categories": 15,
      "largest_category": "coral",
      "largest_share": 0.23225806451612904,
      "top5_share": 0.6774193548387096
    },
    "snapshot": {
      "categories": 43,
      "largest_category": "20260722T113212_053045Z__soccer_usa_mls__f9bcb2d09673",
      "largest_share": 0.05806451612903226,
      "top5_share": 0.25806451612903225
    },
    "sport": null
  },
  "current_effective_sample": {
    "candidate_rows": 155,
    "event_efficiency": 0.7324918442635446,
    "event_kish_effective_size": 28.56718192627824,
    "snapshot_kish_effective_size": 31.57030223390276,
    "unique_events": 39
  },
  "evidence_boundary": {
    "candidate_outcome_filter": "home",
    "closing_targets_read": false,
    "existing_volume_gates_changed": false,
    "filter_applied_before_forecast": true,
    "home_only_policy_changed": false,
    "match_results_read": false,
    "policy_scores_used_as_performance_labels": false,
    "running_policy_changed": false
  },
  "forecast": {
    "final_candidates": {
      "mean": 548.63185,
      "median": 548.0,
      "q025": 479.0,
      "q975": 625.0
    },
    "final_total_exact_5pct_quota": {
      "mean": 25.8203,
      "median": 26.0,
      "q025": 22.0,
      "q975": 30.0
    },
    "final_unique_events": {
      "mean": 139.01385,
      "median": 138.0,
      "q025": 105.0,
      "q975": 179.0
    },
    "minimum_detectable_incremental_log_clv_per_opportunity": {
      "mean": 0.004268001549253412,
      "median": 0.0042545436751184424,
      "q025": 0.0037356485754005287,
      "q975": 0.0048775067595781115
    }
  },
  "forecast_reliability": "operational",
  "forecast_type": "outcome_blind_home_only_evidence_power_forecast",
  "frozen_window": {
    "campaign_end_utc": "2026-07-26T06:30:00+00:00",
    "campaign_start_utc": "2026-07-19T06:00:00+00:00",
    "collection_cadence_hours": 3.0,
    "latest_eligible_observation_utc": "2026-07-26T03:15:00+00:00",
    "observed_cycle_fraction": 0.2830188679245283,
    "planned_collection_cycles_from_first_observed_cycle": 53,
    "policy_activation_utc": "2026-07-19T15:00:00+00:00"
  },
  "gate_probabilities": {
    "all_phase43_volume_gates": 1.0,
    "at_least_15_selections_per_policy": 1.0,
    "at_least_300_candidates": 1.0,
    "at_least_75_unique_events": 1.0,
    "at_least_three_cutoffs_with_40_candidates": 1.0,
    "raw_positive_capacity_all_cutoffs": 1.0,
    "residual_positive_capacity_all_cutoffs": 1.0
  },
  "generated_at_utc": "2026-07-22T17:41:52.554072+00:00",
  "home_filter": {
    "activation_utc": "2026-07-19T15:00:00+00:00",
    "filter_applied_before_forecast": true,
    "home_events_post_activation": 39,
    "home_rows_all_times": 172,
    "home_rows_post_activation": 155,
    "home_snapshots_post_activation": 43,
    "performance_fields_used": false,
    "source_events": 58,
    "source_rows": 390
  },
  "input": {
    "first_cycle_utc": "2026-07-19T15:05:35.051985+00:00",
    "latest_cycle_utc": "2026-07-22T17:37:39.879614+00:00",
    "observed_collection_cycles": 15,
    "path": "artifacts/home-only-power-forecast/home-candidates-for-forecast.csv.gz",
    "post_activation_rows": 155,
    "post_activation_snapshots": 43,
    "post_activation_unique_events": 39,
    "sha256": "7a657de4408e5d625eb172f6aaea70c7978074fd627d9f5e9bbfe4fcfd31209a"
  },
  "planning_assumption": {
    "cycle_inference": "new cycle after more than 1.0 hour between snapshot ingestion times",
    "forecast_model": "Jeffreys-prior gamma-Poisson per inferred collection cycle with beta-binomial positive-score capacity",
    "historical_cluster_sigma_equivalent": 0.015268280246644523,
    "power": 0.8,
    "two_sided_alpha": 0.05,
    "z_alpha_plus_power": 2.801585
  },
  "probabilities_decision_grade": true,
  "source_input": {
    "path": "prospective-data/data/derived/latest/shadow/event-shadow-candidates.csv.gz",
    "rows": 390,
    "sha256": "bf1f307a2b8496333e60be7fb6e4ea8de2045650e427ba546ece2f7f3e1c86c4"
  },
  "status": "completed",
  "warnings": [
    "T6_volume_structurally_weak"
  ]
}
