{
  "concentration": {
    "bookmaker": {
      "categories": 16,
      "largest_category": "coral",
      "largest_share": 0.2670157068062827,
      "top5_share": 0.7068062827225131
    },
    "snapshot": {
      "categories": 57,
      "largest_category": "20260722T113212_053045Z__soccer_usa_mls__f9bcb2d09673",
      "largest_share": 0.04712041884816754,
      "top5_share": 0.2094240837696335
    },
    "sport": null
  },
  "current_effective_sample": {
    "candidate_rows": 191,
    "event_efficiency": 0.6869597966293193,
    "event_kish_effective_size": 29.53927125506073,
    "snapshot_kish_effective_size": 40.57953281423804,
    "unique_events": 43
  },
  "evidence_boundary": {
    "closing_targets_read": false,
    "match_results_read": false,
    "policy_scores_used_as_performance_labels": false,
    "running_policy_changed": false
  },
  "forecast": {
    "final_candidates": {
      "mean": 506.7346,
      "median": 506.0,
      "q025": 453.0,
      "q975": 564.0
    },
    "final_total_exact_5pct_quota": {
      "mean": 23.5637,
      "median": 24.0,
      "q025": 21.0,
      "q975": 27.0
    },
    "final_unique_events": {
      "mean": 114.7062,
      "median": 114.0,
      "q025": 90.0,
      "q975": 144.0
    },
    "minimum_detectable_incremental_log_clv_per_opportunity": {
      "mean": 0.004844682077560641,
      "median": 0.004833657118089506,
      "q025": 0.004300777941110817,
      "q975": 0.005440101601807878
    }
  },
  "forecast_reliability": "operational",
  "forecast_type": "outcome_blind_interim_operational_forecast",
  "frozen_window": {
    "campaign_end_utc": "2026-07-26T06:30:00+00:00",
    "campaign_start_utc": "2026-07-19T06:00:00+00:00",
    "collection_cadence_hours": 3.0,
    "latest_eligible_observation_utc": "2026-07-26T03:15:00+00:00",
    "observed_cycle_fraction": 0.37735849056603776,
    "planned_collection_cycles_from_first_observed_cycle": 53,
    "policy_activation_utc": "2026-07-19T15:00:00+00:00"
  },
  "gate_probabilities": {
    "all_phase43_volume_gates": 0.9998,
    "at_least_15_selections_per_policy": 1.0,
    "at_least_300_candidates": 1.0,
    "at_least_75_unique_events": 0.9998,
    "at_least_three_cutoffs_with_40_candidates": 1.0,
    "raw_positive_capacity_all_cutoffs": 1.0,
    "residual_positive_capacity_all_cutoffs": 1.0
  },
  "generated_at_utc": "2026-07-24T03:56:22.681411+00:00",
  "input": {
    "first_cycle_utc": "2026-07-19T15:05:35.051985+00:00",
    "latest_cycle_utc": "2026-07-23T22:38:33.256740+00:00",
    "observed_collection_cycles": 20,
    "path": "artifacts/home-only-power-forecast/home-candidates-for-forecast.csv.gz",
    "post_activation_rows": 191,
    "post_activation_snapshots": 57,
    "post_activation_unique_events": 43,
    "sha256": "7cdc90a51e622d7d3a55ad962fab131c43551a07dfab0605d96b195c6490d92d"
  },
  "planning_assumption": {
    "cycle_inference": "new cycle after more than 1.0 hour between snapshot ingestion times",
    "forecast_model": "Jeffreys-prior gamma-Poisson per inferred collection cycle with beta-binomial positive-score capacity",
    "historical_cluster_sigma_equivalent": 0.015268280246644523,
    "power": 0.8,
    "two_sided_alpha": 0.05,
    "z_alpha_plus_power": 2.801585
  },
  "probabilities_decision_grade": true,
  "status": "completed",
  "warnings": []
}
{
  "challenger": {
    "activation_utc": "2026-07-19T15:00:00Z",
    "confirmatory_status": "future_only_challenger",
    "id": "home_only_original_v2_candidates",
    "source_experiment": "experiment_024_post_hoc_diagnostic"
  },
  "concentration": {
    "bookmaker": {
      "categories": 16,
      "largest_category": "coral",
      "largest_share": 0.2670157068062827,
      "top5_share": 0.7068062827225131
    },
    "snapshot": {
      "categories": 57,
      "largest_category": "20260722T113212_053045Z__soccer_usa_mls__f9bcb2d09673",
      "largest_share": 0.04712041884816754,
      "top5_share": 0.2094240837696335
    },
    "sport": null
  },
  "current_effective_sample": {
    "candidate_rows": 191,
    "event_efficiency": 0.6869597966293193,
    "event_kish_effective_size": 29.53927125506073,
    "snapshot_kish_effective_size": 40.57953281423804,
    "unique_events": 43
  },
  "evidence_boundary": {
    "candidate_outcome_filter": "home",
    "closing_targets_read": false,
    "existing_volume_gates_changed": false,
    "filter_applied_before_forecast": true,
    "home_only_policy_changed": false,
    "match_results_read": false,
    "policy_scores_used_as_performance_labels": false,
    "running_policy_changed": false
  },
  "forecast": {
    "final_candidates": {
      "mean": 506.7346,
      "median": 506.0,
      "q025": 453.0,
      "q975": 564.0
    },
    "final_total_exact_5pct_quota": {
      "mean": 23.5637,
      "median": 24.0,
      "q025": 21.0,
      "q975": 27.0
    },
    "final_unique_events": {
      "mean": 114.7062,
      "median": 114.0,
      "q025": 90.0,
      "q975": 144.0
    },
    "minimum_detectable_incremental_log_clv_per_opportunity": {
      "mean": 0.004844682077560641,
      "median": 0.004833657118089506,
      "q025": 0.004300777941110817,
      "q975": 0.005440101601807878
    }
  },
  "forecast_reliability": "operational",
  "forecast_type": "outcome_blind_home_only_evidence_power_forecast",
  "frozen_window": {
    "campaign_end_utc": "2026-07-26T06:30:00+00:00",
    "campaign_start_utc": "2026-07-19T06:00:00+00:00",
    "collection_cadence_hours": 3.0,
    "latest_eligible_observation_utc": "2026-07-26T03:15:00+00:00",
    "observed_cycle_fraction": 0.37735849056603776,
    "planned_collection_cycles_from_first_observed_cycle": 53,
    "policy_activation_utc": "2026-07-19T15:00:00+00:00"
  },
  "gate_probabilities": {
    "all_phase43_volume_gates": 0.9998,
    "at_least_15_selections_per_policy": 1.0,
    "at_least_300_candidates": 1.0,
    "at_least_75_unique_events": 0.9998,
    "at_least_three_cutoffs_with_40_candidates": 1.0,
    "raw_positive_capacity_all_cutoffs": 1.0,
    "residual_positive_capacity_all_cutoffs": 1.0
  },
  "generated_at_utc": "2026-07-24T03:56:22.681411+00:00",
  "home_filter": {
    "activation_utc": "2026-07-19T15:00:00+00:00",
    "filter_applied_before_forecast": true,
    "home_events_post_activation": 43,
    "home_rows_all_times": 208,
    "home_rows_post_activation": 191,
    "home_snapshots_post_activation": 57,
    "performance_fields_used": false,
    "source_events": 66,
    "source_rows": 469
  },
  "input": {
    "first_cycle_utc": "2026-07-19T15:05:35.051985+00:00",
    "latest_cycle_utc": "2026-07-23T22:38:33.256740+00:00",
    "observed_collection_cycles": 20,
    "path": "artifacts/home-only-power-forecast/home-candidates-for-forecast.csv.gz",
    "post_activation_rows": 191,
    "post_activation_snapshots": 57,
    "post_activation_unique_events": 43,
    "sha256": "7cdc90a51e622d7d3a55ad962fab131c43551a07dfab0605d96b195c6490d92d"
  },
  "planning_assumption": {
    "cycle_inference": "new cycle after more than 1.0 hour between snapshot ingestion times",
    "forecast_model": "Jeffreys-prior gamma-Poisson per inferred collection cycle with beta-binomial positive-score capacity",
    "historical_cluster_sigma_equivalent": 0.015268280246644523,
    "power": 0.8,
    "two_sided_alpha": 0.05,
    "z_alpha_plus_power": 2.801585
  },
  "probabilities_decision_grade": true,
  "source_input": {
    "path": "prospective-data/data/derived/latest/shadow/event-shadow-candidates.csv.gz",
    "rows": 469,
    "sha256": "f434d975c5af82640ba1d3e47634d8469a8ec49b8df30611f3f6b7c5358f32ee"
  },
  "status": "completed",
  "warnings": []
}
