{
  "concentration": {
    "bookmaker": {
      "categories": 11,
      "largest_category": "casumo",
      "largest_share": 0.20689655172413793,
      "top5_share": 0.7931034482758621
    },
    "snapshot": {
      "categories": 14,
      "largest_category": "20260720T201259_842827Z__soccer_usa_mls__56971ed537c5",
      "largest_share": 0.2413793103448276,
      "top5_share": 0.6206896551724138
    },
    "sport": null
  },
  "current_effective_sample": {
    "candidate_rows": 29,
    "event_efficiency": 0.6606441476826393,
    "event_kish_effective_size": 12.552238805970148,
    "snapshot_kish_effective_size": 8.670103092783505,
    "unique_events": 19
  },
  "evidence_boundary": {
    "closing_targets_read": false,
    "match_results_read": false,
    "policy_scores_used_as_performance_labels": false,
    "running_policy_changed": false
  },
  "forecast": {
    "final_candidates": {
      "mean": 222.61065,
      "median": 220.0,
      "q025": 155.0,
      "q975": 304.0
    },
    "final_total_exact_5pct_quota": {
      "mean": 10.41025,
      "median": 10.0,
      "q025": 7.0,
      "q975": 15.0
    },
    "final_unique_events": {
      "mean": 147.023,
      "median": 145.0,
      "q025": 93.0,
      "q975": 213.0
    },
    "minimum_detectable_incremental_log_clv_per_opportunity": {
      "mean": 0.004414698921843992,
      "median": 0.004370449728061496,
      "q025": 0.0036059552137101434,
      "q975": 0.005457184738084692
    }
  },
  "forecast_reliability": "preliminary",
  "forecast_type": "outcome_blind_interim_operational_forecast",
  "frozen_window": {
    "campaign_end_utc": "2026-07-26T06:30:00+00:00",
    "campaign_start_utc": "2026-07-19T06:00:00+00:00",
    "collection_cadence_hours": 3.0,
    "latest_eligible_observation_utc": "2026-07-26T03:15:00+00:00",
    "observed_cycle_fraction": 0.1320754716981132,
    "planned_collection_cycles_from_first_observed_cycle": 53,
    "policy_activation_utc": "2026-07-19T15:00:00+00:00"
  },
  "gate_probabilities": {
    "all_phase43_volume_gates": 0.0,
    "at_least_15_selections_per_policy": 0.0279,
    "at_least_300_candidates": 0.0314,
    "at_least_75_unique_events": 0.9981,
    "at_least_three_cutoffs_with_40_candidates": 0.0009,
    "raw_positive_capacity_all_cutoffs": 0.996,
    "residual_positive_capacity_all_cutoffs": 0.9965
  },
  "generated_at_utc": "2026-07-20T20:14:00.520581+00:00",
  "input": {
    "first_cycle_utc": "2026-07-19T15:05:35.051985+00:00",
    "latest_cycle_utc": "2026-07-20T20:12:59.842827+00:00",
    "observed_collection_cycles": 7,
    "path": "artifacts/home-only-power-forecast/home-candidates-for-forecast.csv.gz",
    "post_activation_rows": 29,
    "post_activation_snapshots": 14,
    "post_activation_unique_events": 19,
    "sha256": "d1a612f8bd02588ec0ae9fcade20868a65fd7502be1b05607125402d1b5dcb4c"
  },
  "planning_assumption": {
    "cycle_inference": "new cycle after more than 1.0 hour between snapshot ingestion times",
    "forecast_model": "Jeffreys-prior gamma-Poisson per inferred collection cycle with beta-binomial positive-score capacity",
    "historical_cluster_sigma_equivalent": 0.015268280246644523,
    "power": 0.8,
    "two_sided_alpha": 0.05,
    "z_alpha_plus_power": 2.801585
  },
  "probabilities_decision_grade": true,
  "status": "completed",
  "warnings": [
    "T12_volume_structurally_weak",
    "T24_volume_structurally_weak",
    "T6_volume_structurally_weak",
    "candidate_300_gate_at_risk",
    "selection_15_gate_at_risk",
    "three_cutoffs_with_40_gate_at_risk"
  ]
}
{
  "challenger": {
    "activation_utc": "2026-07-19T15:00:00Z",
    "confirmatory_status": "future_only_challenger",
    "id": "home_only_original_v2_candidates",
    "source_experiment": "experiment_024_post_hoc_diagnostic"
  },
  "concentration": {
    "bookmaker": {
      "categories": 11,
      "largest_category": "casumo",
      "largest_share": 0.20689655172413793,
      "top5_share": 0.7931034482758621
    },
    "snapshot": {
      "categories": 14,
      "largest_category": "20260720T201259_842827Z__soccer_usa_mls__56971ed537c5",
      "largest_share": 0.2413793103448276,
      "top5_share": 0.6206896551724138
    },
    "sport": null
  },
  "current_effective_sample": {
    "candidate_rows": 29,
    "event_efficiency": 0.6606441476826393,
    "event_kish_effective_size": 12.552238805970148,
    "snapshot_kish_effective_size": 8.670103092783505,
    "unique_events": 19
  },
  "evidence_boundary": {
    "candidate_outcome_filter": "home",
    "closing_targets_read": false,
    "existing_volume_gates_changed": false,
    "filter_applied_before_forecast": true,
    "home_only_policy_changed": false,
    "match_results_read": false,
    "policy_scores_used_as_performance_labels": false,
    "running_policy_changed": false
  },
  "forecast": {
    "final_candidates": {
      "mean": 222.61065,
      "median": 220.0,
      "q025": 155.0,
      "q975": 304.0
    },
    "final_total_exact_5pct_quota": {
      "mean": 10.41025,
      "median": 10.0,
      "q025": 7.0,
      "q975": 15.0
    },
    "final_unique_events": {
      "mean": 147.023,
      "median": 145.0,
      "q025": 93.0,
      "q975": 213.0
    },
    "minimum_detectable_incremental_log_clv_per_opportunity": {
      "mean": 0.004414698921843992,
      "median": 0.004370449728061496,
      "q025": 0.0036059552137101434,
      "q975": 0.005457184738084692
    }
  },
  "forecast_reliability": "preliminary",
  "forecast_type": "outcome_blind_home_only_evidence_power_forecast",
  "frozen_window": {
    "campaign_end_utc": "2026-07-26T06:30:00+00:00",
    "campaign_start_utc": "2026-07-19T06:00:00+00:00",
    "collection_cadence_hours": 3.0,
    "latest_eligible_observation_utc": "2026-07-26T03:15:00+00:00",
    "observed_cycle_fraction": 0.1320754716981132,
    "planned_collection_cycles_from_first_observed_cycle": 53,
    "policy_activation_utc": "2026-07-19T15:00:00+00:00"
  },
  "gate_probabilities": {
    "all_phase43_volume_gates": 0.0,
    "at_least_15_selections_per_policy": 0.0279,
    "at_least_300_candidates": 0.0314,
    "at_least_75_unique_events": 0.9981,
    "at_least_three_cutoffs_with_40_candidates": 0.0009,
    "raw_positive_capacity_all_cutoffs": 0.996,
    "residual_positive_capacity_all_cutoffs": 0.9965
  },
  "generated_at_utc": "2026-07-20T20:14:00.520581+00:00",
  "home_filter": {
    "activation_utc": "2026-07-19T15:00:00+00:00",
    "filter_applied_before_forecast": true,
    "home_events_post_activation": 19,
    "home_rows_all_times": 46,
    "home_rows_post_activation": 29,
    "home_snapshots_post_activation": 14,
    "performance_fields_used": false,
    "source_events": 45,
    "source_rows": 128
  },
  "input": {
    "first_cycle_utc": "2026-07-19T15:05:35.051985+00:00",
    "latest_cycle_utc": "2026-07-20T20:12:59.842827+00:00",
    "observed_collection_cycles": 7,
    "path": "artifacts/home-only-power-forecast/home-candidates-for-forecast.csv.gz",
    "post_activation_rows": 29,
    "post_activation_snapshots": 14,
    "post_activation_unique_events": 19,
    "sha256": "d1a612f8bd02588ec0ae9fcade20868a65fd7502be1b05607125402d1b5dcb4c"
  },
  "planning_assumption": {
    "cycle_inference": "new cycle after more than 1.0 hour between snapshot ingestion times",
    "forecast_model": "Jeffreys-prior gamma-Poisson per inferred collection cycle with beta-binomial positive-score capacity",
    "historical_cluster_sigma_equivalent": 0.015268280246644523,
    "power": 0.8,
    "two_sided_alpha": 0.05,
    "z_alpha_plus_power": 2.801585
  },
  "probabilities_decision_grade": true,
  "source_input": {
    "path": "prospective-data/data/derived/latest/shadow/event-shadow-candidates.csv.gz",
    "rows": 128,
    "sha256": "55d2f3ac3dc05215d1bbee0ce0eec703ee6f1e45dd634e393a8963a257cf7d5a"
  },
  "status": "completed",
  "warnings": [
    "T12_volume_structurally_weak",
    "T24_volume_structurally_weak",
    "T6_volume_structurally_weak",
    "candidate_300_gate_at_risk",
    "selection_15_gate_at_risk",
    "three_cutoffs_with_40_gate_at_risk"
  ]
}
