/opt/hostedtoolcache/Python/3.11.15/x64/lib/python3.11/site-packages/sklearn/utils/validation.py:2827: UserWarning: X does not have valid feature names, but HistGradientBoostingClassifier was fitted with feature names
  warnings.warn(
/opt/hostedtoolcache/Python/3.11.15/x64/lib/python3.11/site-packages/sklearn/utils/validation.py:2827: UserWarning: X does not have valid feature names, but HistGradientBoostingClassifier was fitted with feature names
  warnings.warn(
/opt/hostedtoolcache/Python/3.11.15/x64/lib/python3.11/site-packages/sklearn/utils/validation.py:2827: UserWarning: X does not have valid feature names, but HistGradientBoostingRegressor was fitted with feature names
  warnings.warn(
/opt/hostedtoolcache/Python/3.11.15/x64/lib/python3.11/site-packages/sklearn/utils/validation.py:2827: UserWarning: X does not have valid feature names, but HistGradientBoostingRegressor was fitted with feature names
  warnings.warn(
/opt/hostedtoolcache/Python/3.11.15/x64/lib/python3.11/site-packages/sklearn/utils/validation.py:2827: UserWarning: X does not have valid feature names, but HistGradientBoostingRegressor was fitted with feature names
  warnings.warn(
/opt/hostedtoolcache/Python/3.11.15/x64/lib/python3.11/site-packages/sklearn/utils/validation.py:2827: UserWarning: X does not have valid feature names, but HistGradientBoostingRegressor was fitted with feature names
  warnings.warn(
/opt/hostedtoolcache/Python/3.11.15/x64/lib/python3.11/site-packages/sklearn/utils/validation.py:2827: UserWarning: X does not have valid feature names, but HistGradientBoostingRegressor was fitted with feature names
  warnings.warn(
/opt/hostedtoolcache/Python/3.11.15/x64/lib/python3.11/site-packages/sklearn/utils/validation.py:2827: UserWarning: X does not have valid feature names, but HistGradientBoostingRegressor was fitted with feature names
  warnings.warn(
{
  "adapter_id": "canonical_cutoff_coverage_normalized_v1",
  "diagnostics": {
    "bookmakers": 21,
    "canonical_candidate_events": 59,
    "canonical_event_candidates": 312,
    "closing_targets_used": false,
    "cutoff_distance_hours": {
      "maximum": 11.963124981666667,
      "median": 3.2605457225,
      "p90": 10.779354361666662
    },
    "events": 59,
    "globally_excluded_rows": 1925,
    "globally_supported_rows": 5539,
    "input_rows": 8359,
    "match_outcomes_used": false,
    "normalized_active_feature_median": 1.0,
    "original_active_feature_median": 0.5806451612903226,
    "panel_groups": 312,
    "panel_peer_capacity": {
      "maximum": 20,
      "median": 18.0,
      "minimum": 8
    },
    "policy": {
      "activation_utc": "2026-07-19T15:00:00Z",
      "adapter_id": "canonical_cutoff_coverage_normalized_v1",
      "maximum_historical_hours": 48.0,
      "minimum_historical_hours": 6.0
    },
    "post_activation_rows": 7464,
    "pre_activation_rows_excluded": 895,
    "rows_by_cutoff": {
      "12": {
        "distance_median_hours": 1.7274499944444415,
        "distance_p90_hours": 4.727449994444445,
        "events": 41,
        "rows": 1307
      },
      "24": {
        "distance_median_hours": 4.389372491666663,
        "distance_p90_hours": 10.963013920833333,
        "events": 52,
        "rows": 2925
      },
      "48": {
        "distance_median_hours": 9.220367118888888,
        "distance_p90_hours": 11.272784657222218,
        "events": 33,
        "rows": 859
      },
      "6": {
        "distance_median_hours": 0.872255662777774,
        "distance_p90_hours": 2.8722556627777713,
        "events": 20,
        "rows": 448
      }
    },
    "score_change": {
      "action_mean_absolute_change": 0.0013060264534036125,
      "action_pearson": 0.9298800713717711,
      "action_spearman": 0.8501194838542993,
      "raw_mean_absolute_change": 0.0010138597726095323,
      "raw_pearson": 0.9480666850492615,
      "raw_spearman": 0.8916857144915272
    },
    "snapshots": 63,
    "status": "prepared"
  },
  "outputs": {
    "event_candidates": {
      "path": "canonical-timing-event-candidates.csv.gz",
      "rows": 312,
      "sha256": "2ef9e3737d3f9134f7226995e9e01fe08ab11a765e26716d5973ac5be2f6660f"
    },
    "per_book_scores": {
      "path": "canonical-timing-per-book-scores.csv.gz",
      "rows": 5539,
      "sha256": "2c0c6de636a5391eb6872ef313f00d2bc6ec615e99ef5079cd4ba21e7a0b5f68"
    }
  },
  "policy": {
    "closing_targets_used": false,
    "match_outcomes_used": false,
    "no_execution": true,
    "original_v2_shadow_replaced": false,
    "parallel_unvalidated_transfer": true,
    "research_only": true,
    "support_repaired_shadow_replaced": false
  },
  "schema_version": 1,
  "source": {
    "bundle": {
      "bundle_id": "generic-action-shadow-v1-8bb898c3c067",
      "manifest_sha256": "1bc04196e86b9802eedba50411f834e5155de814dffccc16289f6c65d12da757"
    },
    "per_book_scores": {
      "path": "prospective-data/data/derived/latest/shadow/per-book-shadow-scores.csv.gz",
      "rows": 8359,
      "sha256": "e1610b8a5bcf6350bbbe1e6f9c233967ef21a95c57abe240cad62995393cf723"
    }
  },
  "status": "scored"
}
