/opt/hostedtoolcache/Python/3.11.15/x64/lib/python3.11/site-packages/sklearn/utils/validation.py:2827: UserWarning: X does not have valid feature names, but HistGradientBoostingClassifier was fitted with feature names
  warnings.warn(
/opt/hostedtoolcache/Python/3.11.15/x64/lib/python3.11/site-packages/sklearn/utils/validation.py:2827: UserWarning: X does not have valid feature names, but HistGradientBoostingClassifier was fitted with feature names
  warnings.warn(
/opt/hostedtoolcache/Python/3.11.15/x64/lib/python3.11/site-packages/sklearn/utils/validation.py:2827: UserWarning: X does not have valid feature names, but HistGradientBoostingRegressor was fitted with feature names
  warnings.warn(
/opt/hostedtoolcache/Python/3.11.15/x64/lib/python3.11/site-packages/sklearn/utils/validation.py:2827: UserWarning: X does not have valid feature names, but HistGradientBoostingRegressor was fitted with feature names
  warnings.warn(
/opt/hostedtoolcache/Python/3.11.15/x64/lib/python3.11/site-packages/sklearn/utils/validation.py:2827: UserWarning: X does not have valid feature names, but HistGradientBoostingRegressor was fitted with feature names
  warnings.warn(
/opt/hostedtoolcache/Python/3.11.15/x64/lib/python3.11/site-packages/sklearn/utils/validation.py:2827: UserWarning: X does not have valid feature names, but HistGradientBoostingRegressor was fitted with feature names
  warnings.warn(
/opt/hostedtoolcache/Python/3.11.15/x64/lib/python3.11/site-packages/sklearn/utils/validation.py:2827: UserWarning: X does not have valid feature names, but HistGradientBoostingRegressor was fitted with feature names
  warnings.warn(
/opt/hostedtoolcache/Python/3.11.15/x64/lib/python3.11/site-packages/sklearn/utils/validation.py:2827: UserWarning: X does not have valid feature names, but HistGradientBoostingRegressor was fitted with feature names
  warnings.warn(
{
  "adapter_id": "canonical_cutoff_coverage_normalized_v1",
  "diagnostics": {
    "bookmakers": 21,
    "canonical_candidate_events": 52,
    "canonical_event_candidates": 305,
    "closing_targets_used": false,
    "cutoff_distance_hours": {
      "maximum": 11.963124981666667,
      "median": 3.2717081422222165,
      "p90": 10.779354361666662
    },
    "events": 52,
    "globally_excluded_rows": 1914,
    "globally_supported_rows": 5459,
    "input_rows": 8268,
    "match_outcomes_used": false,
    "normalized_active_feature_median": 1.0,
    "original_active_feature_median": 0.5806451612903226,
    "panel_groups": 305,
    "panel_peer_capacity": {
      "maximum": 20,
      "median": 18.0,
      "minimum": 11
    },
    "policy": {
      "activation_utc": "2026-07-19T15:00:00Z",
      "adapter_id": "canonical_cutoff_coverage_normalized_v1",
      "maximum_historical_hours": 48.0,
      "minimum_historical_hours": 6.0
    },
    "post_activation_rows": 7373,
    "pre_activation_rows_excluded": 895,
    "rows_by_cutoff": {
      "12": {
        "distance_median_hours": 1.7274499944444415,
        "distance_p90_hours": 4.727449994444445,
        "events": 41,
        "rows": 1307
      },
      "24": {
        "distance_median_hours": 4.389581874166666,
        "distance_p90_hours": 10.963013920833333,
        "events": 47,
        "rows": 2866
      },
      "48": {
        "distance_median_hours": 9.272784657222225,
        "distance_p90_hours": 11.272784657222218,
        "events": 31,
        "rows": 838
      },
      "6": {
        "distance_median_hours": 0.872255662777774,
        "distance_p90_hours": 2.8722556627777713,
        "events": 20,
        "rows": 448
      }
    },
    "score_change": {
      "action_mean_absolute_change": 0.0012579980503333896,
      "action_pearson": 0.9335989902888882,
      "action_spearman": 0.859891107576714,
      "raw_mean_absolute_change": 0.000947338961085234,
      "raw_pearson": 0.9528498956371595,
      "raw_spearman": 0.9023944267697178
    },
    "snapshots": 62,
    "status": "prepared"
  },
  "outputs": {
    "event_candidates": {
      "path": "canonical-timing-event-candidates.csv.gz",
      "rows": 305,
      "sha256": "9acbee545a765178ce3bd34e8e4974c8a8d457a3680d44a098e53d6f459bb340"
    },
    "per_book_scores": {
      "path": "canonical-timing-per-book-scores.csv.gz",
      "rows": 5459,
      "sha256": "d2a9501bb7aa4146d1cd2154405f798485d6387c6f8f458916c48685b1de6035"
    }
  },
  "policy": {
    "closing_targets_used": false,
    "match_outcomes_used": false,
    "no_execution": true,
    "original_v2_shadow_replaced": false,
    "parallel_unvalidated_transfer": true,
    "research_only": true,
    "support_repaired_shadow_replaced": false
  },
  "schema_version": 1,
  "source": {
    "bundle": {
      "bundle_id": "generic-action-shadow-v1-8bb898c3c067",
      "manifest_sha256": "1bc04196e86b9802eedba50411f834e5155de814dffccc16289f6c65d12da757"
    },
    "per_book_scores": {
      "path": "prospective-data/data/derived/latest/shadow/per-book-shadow-scores.csv.gz",
      "rows": 8268,
      "sha256": "b3e3cbf72e32d3d28633c7d55820239a0bce11454df89c79a9f6edd78ffefc1a"
    }
  },
  "status": "scored"
}
