{
  "concentration": {
    "bookmaker": {
      "categories": 8,
      "largest_category": "boylesports",
      "largest_share": 0.34375,
      "top5_share": 0.875
    },
    "snapshot": {
      "categories": 12,
      "largest_category": "20260719T110021_154292Z__soccer_sweden_allsvenskan__e4c7d9b6f017",
      "largest_share": 0.15625,
      "top5_share": 0.53125
    },
    "sport": null
  },
  "current_effective_sample": {
    "candidate_rows": 32,
    "event_efficiency": 0.8951048951048951,
    "event_kish_effective_size": 11.636363636363637,
    "snapshot_kish_effective_size": 10.893617021276595,
    "unique_events": 13
  },
  "evidence_boundary": {
    "closing_targets_read": false,
    "match_results_read": false,
    "policy_scores_used_as_performance_labels": false,
    "running_policy_changed": false
  },
  "forecast": {
    "final_candidates": {
      "mean": 583.8406,
      "median": 577.0,
      "q025": 406.0,
      "q975": 795.0
    },
    "final_total_exact_5pct_quota": {
      "mean": 28.8122,
      "median": 29.0,
      "q025": 20.0,
      "q975": 39.02499999999782
    },
    "final_unique_events": {
      "mean": 242.4131,
      "median": 237.0,
      "q025": 134.0,
      "q975": 382.0
    },
    "minimum_detectable_incremental_log_clv_per_opportunity": {
      "mean": 0.00298303081965789,
      "median": 0.0029368569090758804,
      "q025": 0.0023132644232747427,
      "q975": 0.003905751074921591
    }
  },
  "forecast_reliability": "preliminary",
  "forecast_type": "outcome_blind_interim_operational_forecast",
  "frozen_window": {
    "campaign_end_utc": "2026-07-26T06:30:00+00:00",
    "campaign_start_utc": "2026-07-19T06:00:00+00:00",
    "collection_cadence_hours": 3.0,
    "latest_eligible_observation_utc": "2026-07-26T03:15:00+00:00",
    "observed_cycle_fraction": 0.05555555555555555,
    "planned_collection_cycles_from_first_observed_cycle": 54,
    "policy_activation_utc": "2026-07-19T11:00:00+00:00"
  },
  "gate_probabilities": {
    "all_phase43_volume_gates": 0.9364,
    "at_least_15_selections_per_policy": 0.99965,
    "at_least_300_candidates": 0.99985,
    "at_least_75_unique_events": 0.99995,
    "at_least_three_cutoffs_with_40_candidates": 0.9633,
    "raw_positive_capacity_all_cutoffs": 0.9851,
    "residual_positive_capacity_all_cutoffs": 0.9861
  },
  "generated_at_utc": "2026-07-19T19:55:11.932784+00:00",
  "input": {
    "first_cycle_utc": "2026-07-19T11:00:21.154292+00:00",
    "latest_cycle_utc": "2026-07-19T19:54:24.017436+00:00",
    "observed_collection_cycles": 3,
    "path": "prospective-data/data/derived/latest/shadow/event-shadow-candidates.csv.gz",
    "post_activation_rows": 32,
    "post_activation_snapshots": 12,
    "post_activation_unique_events": 13,
    "sha256": "0ed8907643924e7da15c7ae5c9f10bb15eb54a842a33cd7a1809ff042759e2c6"
  },
  "planning_assumption": {
    "cycle_inference": "new cycle after more than 1.0 hour between snapshot ingestion times",
    "forecast_model": "Jeffreys-prior gamma-Poisson per inferred collection cycle with beta-binomial positive-score capacity",
    "historical_cluster_sigma_equivalent": 0.015268280246644523,
    "power": 0.8,
    "two_sided_alpha": 0.05,
    "z_alpha_plus_power": 2.801585
  },
  "probabilities_decision_grade": true,
  "status": "completed",
  "warnings": [
    "T12_volume_structurally_weak"
  ]
}
