{
  "concentration": {
    "bookmaker": {
      "categories": 15,
      "largest_category": "coral",
      "largest_share": 0.23529411764705882,
      "top5_share": 0.6823529411764706
    },
    "snapshot": {
      "categories": 47,
      "largest_category": "20260722T113212_053045Z__soccer_usa_mls__f9bcb2d09673",
      "largest_share": 0.052941176470588235,
      "top5_share": 0.23529411764705882
    },
    "sport": null
  },
  "current_effective_sample": {
    "candidate_rows": 170,
    "event_efficiency": 0.7153465346534653,
    "event_kish_effective_size": 28.613861386138613,
    "snapshot_kish_effective_size": 34.65227817745804,
    "unique_events": 40
  },
  "evidence_boundary": {
    "closing_targets_read": false,
    "match_results_read": false,
    "policy_scores_used_as_performance_labels": false,
    "running_policy_changed": false
  },
  "forecast": {
    "final_candidates": {
      "mean": 564.00265,
      "median": 563.0,
      "q025": 496.0,
      "q975": 636.0
    },
    "final_total_exact_5pct_quota": {
      "mean": 26.48875,
      "median": 26.0,
      "q025": 23.0,
      "q975": 30.0
    },
    "final_unique_events": {
      "mean": 133.62325,
      "median": 133.0,
      "q025": 102.0,
      "q975": 170.0
    },
    "minimum_detectable_incremental_log_clv_per_opportunity": {
      "mean": 0.00440361317262395,
      "median": 0.004385406610607468,
      "q025": 0.0038789236087801446,
      "q975": 0.005007668846005425
    }
  },
  "forecast_reliability": "operational",
  "forecast_type": "outcome_blind_interim_operational_forecast",
  "frozen_window": {
    "campaign_end_utc": "2026-07-26T06:30:00+00:00",
    "campaign_start_utc": "2026-07-19T06:00:00+00:00",
    "collection_cadence_hours": 3.0,
    "latest_eligible_observation_utc": "2026-07-26T03:15:00+00:00",
    "observed_cycle_fraction": 0.3018867924528302,
    "planned_collection_cycles_from_first_observed_cycle": 53,
    "policy_activation_utc": "2026-07-19T15:00:00+00:00"
  },
  "gate_probabilities": {
    "all_phase43_volume_gates": 1.0,
    "at_least_15_selections_per_policy": 1.0,
    "at_least_300_candidates": 1.0,
    "at_least_75_unique_events": 1.0,
    "at_least_three_cutoffs_with_40_candidates": 1.0,
    "raw_positive_capacity_all_cutoffs": 1.0,
    "residual_positive_capacity_all_cutoffs": 1.0
  },
  "generated_at_utc": "2026-07-22T20:16:53.535181+00:00",
  "input": {
    "first_cycle_utc": "2026-07-19T15:05:35.051985+00:00",
    "latest_cycle_utc": "2026-07-22T20:13:41.101887+00:00",
    "observed_collection_cycles": 16,
    "path": "artifacts/home-only-power-forecast/home-candidates-for-forecast.csv.gz",
    "post_activation_rows": 170,
    "post_activation_snapshots": 47,
    "post_activation_unique_events": 40,
    "sha256": "f2720e4423a42879e8ec994d6b2053128314c917ef776ba18c2b108507b15aad"
  },
  "planning_assumption": {
    "cycle_inference": "new cycle after more than 1.0 hour between snapshot ingestion times",
    "forecast_model": "Jeffreys-prior gamma-Poisson per inferred collection cycle with beta-binomial positive-score capacity",
    "historical_cluster_sigma_equivalent": 0.015268280246644523,
    "power": 0.8,
    "two_sided_alpha": 0.05,
    "z_alpha_plus_power": 2.801585
  },
  "probabilities_decision_grade": true,
  "status": "completed",
  "warnings": []
}
{
  "challenger": {
    "activation_utc": "2026-07-19T15:00:00Z",
    "confirmatory_status": "future_only_challenger",
    "id": "home_only_original_v2_candidates",
    "source_experiment": "experiment_024_post_hoc_diagnostic"
  },
  "concentration": {
    "bookmaker": {
      "categories": 15,
      "largest_category": "coral",
      "largest_share": 0.23529411764705882,
      "top5_share": 0.6823529411764706
    },
    "snapshot": {
      "categories": 47,
      "largest_category": "20260722T113212_053045Z__soccer_usa_mls__f9bcb2d09673",
      "largest_share": 0.052941176470588235,
      "top5_share": 0.23529411764705882
    },
    "sport": null
  },
  "current_effective_sample": {
    "candidate_rows": 170,
    "event_efficiency": 0.7153465346534653,
    "event_kish_effective_size": 28.613861386138613,
    "snapshot_kish_effective_size": 34.65227817745804,
    "unique_events": 40
  },
  "evidence_boundary": {
    "candidate_outcome_filter": "home",
    "closing_targets_read": false,
    "existing_volume_gates_changed": false,
    "filter_applied_before_forecast": true,
    "home_only_policy_changed": false,
    "match_results_read": false,
    "policy_scores_used_as_performance_labels": false,
    "running_policy_changed": false
  },
  "forecast": {
    "final_candidates": {
      "mean": 564.00265,
      "median": 563.0,
      "q025": 496.0,
      "q975": 636.0
    },
    "final_total_exact_5pct_quota": {
      "mean": 26.48875,
      "median": 26.0,
      "q025": 23.0,
      "q975": 30.0
    },
    "final_unique_events": {
      "mean": 133.62325,
      "median": 133.0,
      "q025": 102.0,
      "q975": 170.0
    },
    "minimum_detectable_incremental_log_clv_per_opportunity": {
      "mean": 0.00440361317262395,
      "median": 0.004385406610607468,
      "q025": 0.0038789236087801446,
      "q975": 0.005007668846005425
    }
  },
  "forecast_reliability": "operational",
  "forecast_type": "outcome_blind_home_only_evidence_power_forecast",
  "frozen_window": {
    "campaign_end_utc": "2026-07-26T06:30:00+00:00",
    "campaign_start_utc": "2026-07-19T06:00:00+00:00",
    "collection_cadence_hours": 3.0,
    "latest_eligible_observation_utc": "2026-07-26T03:15:00+00:00",
    "observed_cycle_fraction": 0.3018867924528302,
    "planned_collection_cycles_from_first_observed_cycle": 53,
    "policy_activation_utc": "2026-07-19T15:00:00+00:00"
  },
  "gate_probabilities": {
    "all_phase43_volume_gates": 1.0,
    "at_least_15_selections_per_policy": 1.0,
    "at_least_300_candidates": 1.0,
    "at_least_75_unique_events": 1.0,
    "at_least_three_cutoffs_with_40_candidates": 1.0,
    "raw_positive_capacity_all_cutoffs": 1.0,
    "residual_positive_capacity_all_cutoffs": 1.0
  },
  "generated_at_utc": "2026-07-22T20:16:53.535181+00:00",
  "home_filter": {
    "activation_utc": "2026-07-19T15:00:00+00:00",
    "filter_applied_before_forecast": true,
    "home_events_post_activation": 40,
    "home_rows_all_times": 187,
    "home_rows_post_activation": 170,
    "home_snapshots_post_activation": 47,
    "performance_fields_used": false,
    "source_events": 58,
    "source_rows": 424
  },
  "input": {
    "first_cycle_utc": "2026-07-19T15:05:35.051985+00:00",
    "latest_cycle_utc": "2026-07-22T20:13:41.101887+00:00",
    "observed_collection_cycles": 16,
    "path": "artifacts/home-only-power-forecast/home-candidates-for-forecast.csv.gz",
    "post_activation_rows": 170,
    "post_activation_snapshots": 47,
    "post_activation_unique_events": 40,
    "sha256": "f2720e4423a42879e8ec994d6b2053128314c917ef776ba18c2b108507b15aad"
  },
  "planning_assumption": {
    "cycle_inference": "new cycle after more than 1.0 hour between snapshot ingestion times",
    "forecast_model": "Jeffreys-prior gamma-Poisson per inferred collection cycle with beta-binomial positive-score capacity",
    "historical_cluster_sigma_equivalent": 0.015268280246644523,
    "power": 0.8,
    "two_sided_alpha": 0.05,
    "z_alpha_plus_power": 2.801585
  },
  "probabilities_decision_grade": true,
  "source_input": {
    "path": "prospective-data/data/derived/latest/shadow/event-shadow-candidates.csv.gz",
    "rows": 424,
    "sha256": "506265461fbff04ee5b6a9df97631c79135baf65a1443ec5fe743dc91b534384"
  },
  "status": "completed",
  "warnings": []
}
