{
  "concentration": {
    "bookmaker": {
      "categories": 11,
      "largest_category": "boylesports",
      "largest_share": 0.2903225806451613,
      "top5_share": 0.7903225806451613
    },
    "snapshot": {
      "categories": 22,
      "largest_category": "20260720T170808_520760Z__soccer_korea_kleague1__41e9419acd7c",
      "largest_share": 0.0967741935483871,
      "top5_share": 0.3709677419354839
    },
    "sport": null
  },
  "current_effective_sample": {
    "candidate_rows": 62,
    "event_efficiency": 0.7602848101265823,
    "event_kish_effective_size": 12.164556962025317,
    "snapshot_kish_effective_size": 18.48076923076923,
    "unique_events": 16
  },
  "evidence_boundary": {
    "closing_targets_read": false,
    "match_results_read": false,
    "policy_scores_used_as_performance_labels": false,
    "running_policy_changed": false
  },
  "forecast": {
    "final_candidates": {
      "mean": 481.2255,
      "median": 479.0,
      "q025": 379.0,
      "q975": 597.0
    },
    "final_total_exact_5pct_quota": {
      "mean": 22.68245,
      "median": 23.0,
      "q025": 17.0,
      "q975": 29.0
    },
    "final_unique_events": {
      "mean": 126.72135,
      "median": 125.0,
      "q025": 76.0,
      "q975": 189.0
    },
    "minimum_detectable_incremental_log_clv_per_opportunity": {
      "mean": 0.004446638128290533,
      "median": 0.004387839797634353,
      "q025": 0.0035684109821648687,
      "q975": 0.005627285805988187
    }
  },
  "forecast_reliability": "preliminary",
  "forecast_type": "outcome_blind_interim_operational_forecast",
  "frozen_window": {
    "campaign_end_utc": "2026-07-26T06:30:00+00:00",
    "campaign_start_utc": "2026-07-19T06:00:00+00:00",
    "collection_cadence_hours": 3.0,
    "latest_eligible_observation_utc": "2026-07-26T03:15:00+00:00",
    "observed_cycle_fraction": 0.12962962962962962,
    "planned_collection_cycles_from_first_observed_cycle": 54,
    "policy_activation_utc": "2026-07-19T11:00:00+00:00"
  },
  "gate_probabilities": {
    "all_phase43_volume_gates": 0.51625,
    "at_least_15_selections_per_policy": 0.99925,
    "at_least_300_candidates": 0.99995,
    "at_least_75_unique_events": 0.9799,
    "at_least_three_cutoffs_with_40_candidates": 0.5269,
    "raw_positive_capacity_all_cutoffs": 0.99995,
    "residual_positive_capacity_all_cutoffs": 1.0
  },
  "generated_at_utc": "2026-07-20T20:04:59.611811+00:00",
  "input": {
    "first_cycle_utc": "2026-07-19T11:00:21.154292+00:00",
    "latest_cycle_utc": "2026-07-20T17:08:08.520760+00:00",
    "observed_collection_cycles": 7,
    "path": "prospective-data/data/derived/latest/shadow/event-shadow-candidates.csv.gz",
    "post_activation_rows": 62,
    "post_activation_snapshots": 22,
    "post_activation_unique_events": 16,
    "sha256": "f9652768103ee062f1313719f7e8b25ccdc118b5d75fe708cfbcfa8a394fa796"
  },
  "planning_assumption": {
    "cycle_inference": "new cycle after more than 1.0 hour between snapshot ingestion times",
    "forecast_model": "Jeffreys-prior gamma-Poisson per inferred collection cycle with beta-binomial positive-score capacity",
    "historical_cluster_sigma_equivalent": 0.015268280246644523,
    "power": 0.8,
    "two_sided_alpha": 0.05,
    "z_alpha_plus_power": 2.801585
  },
  "probabilities_decision_grade": true,
  "status": "completed",
  "warnings": [
    "T12_volume_structurally_weak",
    "three_cutoffs_with_40_gate_at_risk"
  ]
}
