/opt/hostedtoolcache/Python/3.11.15/x64/lib/python3.11/site-packages/sklearn/utils/validation.py:2827: UserWarning: X does not have valid feature names, but HistGradientBoostingClassifier was fitted with feature names
  warnings.warn(
/opt/hostedtoolcache/Python/3.11.15/x64/lib/python3.11/site-packages/sklearn/utils/validation.py:2827: UserWarning: X does not have valid feature names, but HistGradientBoostingClassifier was fitted with feature names
  warnings.warn(
/opt/hostedtoolcache/Python/3.11.15/x64/lib/python3.11/site-packages/sklearn/utils/validation.py:2827: UserWarning: X does not have valid feature names, but HistGradientBoostingRegressor was fitted with feature names
  warnings.warn(
/opt/hostedtoolcache/Python/3.11.15/x64/lib/python3.11/site-packages/sklearn/utils/validation.py:2827: UserWarning: X does not have valid feature names, but HistGradientBoostingRegressor was fitted with feature names
  warnings.warn(
/opt/hostedtoolcache/Python/3.11.15/x64/lib/python3.11/site-packages/sklearn/utils/validation.py:2827: UserWarning: X does not have valid feature names, but HistGradientBoostingRegressor was fitted with feature names
  warnings.warn(
/opt/hostedtoolcache/Python/3.11.15/x64/lib/python3.11/site-packages/sklearn/utils/validation.py:2827: UserWarning: X does not have valid feature names, but HistGradientBoostingRegressor was fitted with feature names
  warnings.warn(
/opt/hostedtoolcache/Python/3.11.15/x64/lib/python3.11/site-packages/sklearn/utils/validation.py:2827: UserWarning: X does not have valid feature names, but HistGradientBoostingRegressor was fitted with feature names
  warnings.warn(
/opt/hostedtoolcache/Python/3.11.15/x64/lib/python3.11/site-packages/sklearn/utils/validation.py:2827: UserWarning: X does not have valid feature names, but HistGradientBoostingRegressor was fitted with feature names
  warnings.warn(
{
  "adapter_id": "canonical_cutoff_coverage_normalized_v1",
  "diagnostics": {
    "bookmakers": 21,
    "canonical_candidate_events": 17,
    "canonical_event_candidates": 54,
    "closing_targets_used": false,
    "cutoff_distance_hours": {
      "maximum": 11.909875315,
      "median": 4.993850044722219,
      "p90": 9.406784852222223
    },
    "events": 17,
    "globally_excluded_rows": 473,
    "globally_supported_rows": 949,
    "input_rows": 2317,
    "match_outcomes_used": false,
    "normalized_active_feature_median": 1.0,
    "original_active_feature_median": 0.5806451612903226,
    "panel_groups": 54,
    "panel_peer_capacity": {
      "maximum": 20,
      "median": 18.0,
      "minimum": 12
    },
    "policy": {
      "activation_utc": "2026-07-19T15:00:00Z",
      "adapter_id": "canonical_cutoff_coverage_normalized_v1",
      "maximum_historical_hours": 48.0,
      "minimum_historical_hours": 6.0
    },
    "post_activation_rows": 1422,
    "pre_activation_rows_excluded": 895,
    "rows_by_cutoff": {
      "12": {
        "distance_median_hours": 5.364299788888889,
        "distance_p90_hours": 5.409740296944442,
        "events": 5,
        "rows": 91
      },
      "24": {
        "distance_median_hours": 4.993850044722219,
        "distance_p90_hours": 7.447565128611107,
        "events": 13,
        "rows": 584
      },
      "48": {
        "distance_median_hours": 4.593157286666667,
        "distance_p90_hours": 9.406784852222223,
        "events": 7,
        "rows": 274
      }
    },
    "score_change": {
      "action_mean_absolute_change": 0.0009494885320685369,
      "action_pearson": 0.908816542889318,
      "action_spearman": 0.8121162643941872,
      "raw_mean_absolute_change": 0.0007575737284128149,
      "raw_pearson": 0.9442156188294917,
      "raw_spearman": 0.8617995524077534
    },
    "snapshots": 21,
    "status": "prepared"
  },
  "outputs": {
    "event_candidates": {
      "path": "canonical-timing-event-candidates.csv.gz",
      "rows": 54,
      "sha256": "7ce3115d0fb7c6c95d42984460108f8d4baf1eba35cd074230e405d321272654"
    },
    "per_book_scores": {
      "path": "canonical-timing-per-book-scores.csv.gz",
      "rows": 949,
      "sha256": "c665ae618db4cbb22b70f64e78fdca46f949e5f3c616f918f3b2bdef6c9089c4"
    }
  },
  "policy": {
    "closing_targets_used": false,
    "match_outcomes_used": false,
    "no_execution": true,
    "original_v2_shadow_replaced": false,
    "parallel_unvalidated_transfer": true,
    "research_only": true,
    "support_repaired_shadow_replaced": false
  },
  "schema_version": 1,
  "source": {
    "bundle": {
      "bundle_id": "generic-action-shadow-v1-8bb898c3c067",
      "manifest_sha256": "1bc04196e86b9802eedba50411f834e5155de814dffccc16289f6c65d12da757"
    },
    "per_book_scores": {
      "path": "prospective-data/data/derived/latest/shadow/per-book-shadow-scores.csv.gz",
      "rows": 2317,
      "sha256": "059bc26fa8f0058547747676cdb76636a7d5491054063846a24169138f48cfd4"
    }
  },
  "status": "scored"
}
