/opt/hostedtoolcache/Python/3.11.15/x64/lib/python3.11/site-packages/sklearn/utils/validation.py:2827: UserWarning: X does not have valid feature names, but HistGradientBoostingClassifier was fitted with feature names
  warnings.warn(
/opt/hostedtoolcache/Python/3.11.15/x64/lib/python3.11/site-packages/sklearn/utils/validation.py:2827: UserWarning: X does not have valid feature names, but HistGradientBoostingClassifier was fitted with feature names
  warnings.warn(
/opt/hostedtoolcache/Python/3.11.15/x64/lib/python3.11/site-packages/sklearn/utils/validation.py:2827: UserWarning: X does not have valid feature names, but HistGradientBoostingRegressor was fitted with feature names
  warnings.warn(
/opt/hostedtoolcache/Python/3.11.15/x64/lib/python3.11/site-packages/sklearn/utils/validation.py:2827: UserWarning: X does not have valid feature names, but HistGradientBoostingRegressor was fitted with feature names
  warnings.warn(
/opt/hostedtoolcache/Python/3.11.15/x64/lib/python3.11/site-packages/sklearn/utils/validation.py:2827: UserWarning: X does not have valid feature names, but HistGradientBoostingRegressor was fitted with feature names
  warnings.warn(
/opt/hostedtoolcache/Python/3.11.15/x64/lib/python3.11/site-packages/sklearn/utils/validation.py:2827: UserWarning: X does not have valid feature names, but HistGradientBoostingRegressor was fitted with feature names
  warnings.warn(
/opt/hostedtoolcache/Python/3.11.15/x64/lib/python3.11/site-packages/sklearn/utils/validation.py:2827: UserWarning: X does not have valid feature names, but HistGradientBoostingRegressor was fitted with feature names
  warnings.warn(
/opt/hostedtoolcache/Python/3.11.15/x64/lib/python3.11/site-packages/sklearn/utils/validation.py:2827: UserWarning: X does not have valid feature names, but HistGradientBoostingRegressor was fitted with feature names
  warnings.warn(
{
  "adapter_id": "support_constrained_coverage_normalized_v1",
  "diagnostics": {
    "bookmakers": 20,
    "closing_targets_used": false,
    "events": 5,
    "input_rows": 1583,
    "match_outcomes_used": false,
    "normalized_active_feature_median": 1.0,
    "original_active_feature_median": 0.4838709677419355,
    "panel_groups": 5,
    "panel_peer_capacity": {
      "maximum": 19,
      "median": 15.0,
      "minimum": 15
    },
    "policy": {
      "activation_utc": "2026-07-19T12:00:00Z",
      "adapter_id": "support_constrained_coverage_normalized_v1",
      "cutoff_tolerance_hours": 1.75,
      "maximum_historical_hours": 48.0,
      "minimum_historical_hours": 6.0
    },
    "post_activation_rows": 688,
    "pre_activation_rows_excluded": 895,
    "repaired_candidate_events": 5,
    "repaired_event_candidates": 5,
    "score_change": {
      "action_mean_absolute_change": 0.0009823556585684314,
      "action_pearson": 0.8165139368384707,
      "action_spearman": 0.6828414207103553,
      "raw_mean_absolute_change": 0.0006877061463740716,
      "raw_pearson": 0.9459439195690192,
      "raw_spearman": 0.7075141344257034
    },
    "snapshots": 2,
    "status": "prepared",
    "timing_by_cutoff": {
      "12": {
        "excluded_rows": 40,
        "post_activation_rows": 40,
        "supported_rows": 0
      },
      "24": {
        "excluded_rows": 370,
        "post_activation_rows": 408,
        "supported_rows": 38
      },
      "48": {
        "excluded_rows": 172,
        "post_activation_rows": 220,
        "supported_rows": 48
      },
      "6": {
        "excluded_rows": 20,
        "post_activation_rows": 20,
        "supported_rows": 0
      }
    },
    "timing_excluded_rows": 602,
    "timing_supported_rows": 86
  },
  "outputs": {
    "event_candidates": {
      "path": "support-repaired-event-candidates.csv.gz",
      "rows": 5,
      "sha256": "fc109c6b6f86f10f510a89a56ad266e4918aeddd38d09de1f222ce41a87ef9b1"
    },
    "per_book_scores": {
      "path": "support-repaired-per-book-scores.csv.gz",
      "rows": 86,
      "sha256": "f715e377ff645092bf104b506a49ad2c088503f81b893c9ac03890c8b9e73465"
    }
  },
  "policy": {
    "closing_targets_used": false,
    "match_outcomes_used": false,
    "no_execution": true,
    "original_v2_shadow_replaced": false,
    "parallel_unvalidated_transfer": true,
    "research_only": true
  },
  "schema_version": 1,
  "source": {
    "bundle": {
      "bundle_id": "generic-action-shadow-v1-8bb898c3c067",
      "manifest_sha256": "1bc04196e86b9802eedba50411f834e5155de814dffccc16289f6c65d12da757"
    },
    "per_book_scores": {
      "path": "prospective-data/data/derived/latest/shadow/per-book-shadow-scores.csv.gz",
      "rows": 1583,
      "sha256": "f162ace7d805b028eef40c1fe4d5e3275f897ea3fba4be3c35532db2a85b9020"
    }
  },
  "status": "scored"
}
