/opt/hostedtoolcache/Python/3.11.15/x64/lib/python3.11/site-packages/sklearn/utils/validation.py:2827: UserWarning: X does not have valid feature names, but HistGradientBoostingClassifier was fitted with feature names
  warnings.warn(
/opt/hostedtoolcache/Python/3.11.15/x64/lib/python3.11/site-packages/sklearn/utils/validation.py:2827: UserWarning: X does not have valid feature names, but HistGradientBoostingClassifier was fitted with feature names
  warnings.warn(
/opt/hostedtoolcache/Python/3.11.15/x64/lib/python3.11/site-packages/sklearn/utils/validation.py:2827: UserWarning: X does not have valid feature names, but HistGradientBoostingRegressor was fitted with feature names
  warnings.warn(
/opt/hostedtoolcache/Python/3.11.15/x64/lib/python3.11/site-packages/sklearn/utils/validation.py:2827: UserWarning: X does not have valid feature names, but HistGradientBoostingRegressor was fitted with feature names
  warnings.warn(
/opt/hostedtoolcache/Python/3.11.15/x64/lib/python3.11/site-packages/sklearn/utils/validation.py:2827: UserWarning: X does not have valid feature names, but HistGradientBoostingRegressor was fitted with feature names
  warnings.warn(
/opt/hostedtoolcache/Python/3.11.15/x64/lib/python3.11/site-packages/sklearn/utils/validation.py:2827: UserWarning: X does not have valid feature names, but HistGradientBoostingRegressor was fitted with feature names
  warnings.warn(
/opt/hostedtoolcache/Python/3.11.15/x64/lib/python3.11/site-packages/sklearn/utils/validation.py:2827: UserWarning: X does not have valid feature names, but HistGradientBoostingRegressor was fitted with feature names
  warnings.warn(
/opt/hostedtoolcache/Python/3.11.15/x64/lib/python3.11/site-packages/sklearn/utils/validation.py:2827: UserWarning: X does not have valid feature names, but HistGradientBoostingRegressor was fitted with feature names
  warnings.warn(
{
  "adapter_id": "canonical_cutoff_coverage_normalized_v1",
  "diagnostics": {
    "bookmakers": 21,
    "canonical_candidate_events": 17,
    "canonical_event_candidates": 65,
    "closing_targets_used": false,
    "cutoff_distance_hours": {
      "maximum": 11.909875315,
      "median": 4.86414662527778,
      "p90": 9.406784852222223
    },
    "events": 17,
    "globally_excluded_rows": 857,
    "globally_supported_rows": 1133,
    "input_rows": 2885,
    "match_outcomes_used": false,
    "normalized_active_feature_median": 1.0,
    "original_active_feature_median": 0.5161290322580645,
    "panel_groups": 65,
    "panel_peer_capacity": {
      "maximum": 20,
      "median": 16.0,
      "minimum": 12
    },
    "policy": {
      "activation_utc": "2026-07-19T15:00:00Z",
      "adapter_id": "canonical_cutoff_coverage_normalized_v1",
      "maximum_historical_hours": 48.0,
      "minimum_historical_hours": 6.0
    },
    "post_activation_rows": 1990,
    "pre_activation_rows_excluded": 895,
    "rows_by_cutoff": {
      "12": {
        "distance_median_hours": 4.887020042916667,
        "distance_p90_hours": 5.409740296944442,
        "events": 5,
        "rows": 142
      },
      "24": {
        "distance_median_hours": 4.86414662527778,
        "distance_p90_hours": 7.380830325944449,
        "events": 13,
        "rows": 669
      },
      "48": {
        "distance_median_hours": 5.590462781944453,
        "distance_p90_hours": 9.71688937361111,
        "events": 7,
        "rows": 322
      }
    },
    "score_change": {
      "action_mean_absolute_change": 0.0010654665611726146,
      "action_pearson": 0.883611667667747,
      "action_spearman": 0.7904185455883238,
      "raw_mean_absolute_change": 0.0008267324623158528,
      "raw_pearson": 0.9306218690761322,
      "raw_spearman": 0.8539202838050529
    },
    "snapshots": 24,
    "status": "prepared"
  },
  "outputs": {
    "event_candidates": {
      "path": "canonical-timing-event-candidates.csv.gz",
      "rows": 65,
      "sha256": "8ae7139137692aebecb09674d65d076842bf467642aed0e66597dffd0a3ae230"
    },
    "per_book_scores": {
      "path": "canonical-timing-per-book-scores.csv.gz",
      "rows": 1133,
      "sha256": "83f891ec1564980b3f624a8a05b81dae914b75895d4a37a1b8e6bd120d2b69c5"
    }
  },
  "policy": {
    "closing_targets_used": false,
    "match_outcomes_used": false,
    "no_execution": true,
    "original_v2_shadow_replaced": false,
    "parallel_unvalidated_transfer": true,
    "research_only": true,
    "support_repaired_shadow_replaced": false
  },
  "schema_version": 1,
  "source": {
    "bundle": {
      "bundle_id": "generic-action-shadow-v1-8bb898c3c067",
      "manifest_sha256": "1bc04196e86b9802eedba50411f834e5155de814dffccc16289f6c65d12da757"
    },
    "per_book_scores": {
      "path": "prospective-data/data/derived/latest/shadow/per-book-shadow-scores.csv.gz",
      "rows": 2885,
      "sha256": "f452643b322ba008ed8095d05ee493a3fa6e74ae84b64a604ad6f639cb6416c9"
    }
  },
  "status": "scored"
}
