{
  "concentration": {
    "bookmaker": {
      "categories": 5,
      "largest_category": "casumo",
      "largest_share": 0.3333333333333333,
      "top5_share": 1.0
    },
    "snapshot": {
      "categories": 10,
      "largest_category": "20260720T145801_914501Z__soccer_korea_kleague1__cd8f8fa7f941",
      "largest_share": 0.2,
      "top5_share": 0.6666666666666666
    },
    "sport": null
  },
  "current_effective_sample": {
    "candidate_rows": 15,
    "event_efficiency": 0.7653061224489797,
    "event_kish_effective_size": 4.591836734693878,
    "snapshot_kish_effective_size": 8.333333333333334,
    "unique_events": 6
  },
  "evidence_boundary": {
    "closing_targets_read": false,
    "match_results_read": false,
    "policy_scores_used_as_performance_labels": false,
    "running_policy_changed": false
  },
  "forecast": {
    "final_candidates": {
      "mean": 136.22185,
      "median": 133.0,
      "q025": 80.0,
      "q975": 207.0
    },
    "final_total_exact_5pct_quota": {
      "mean": 6.13605,
      "median": 6.0,
      "q025": 3.0,
      "q975": 10.0
    },
    "final_unique_events": {
      "mean": 56.80215,
      "median": 54.0,
      "q025": 24.0,
      "q975": 105.0
    },
    "minimum_detectable_incremental_log_clv_per_opportunity": {
      "mean": 0.006847571408266187,
      "median": 0.00665394876452376,
      "q025": 0.004771793957042424,
      "q975": 0.00998092314678564
    }
  },
  "forecast_reliability": "preliminary",
  "forecast_type": "outcome_blind_interim_operational_forecast",
  "frozen_window": {
    "campaign_end_utc": "2026-07-26T06:30:00+00:00",
    "campaign_start_utc": "2026-07-19T06:00:00+00:00",
    "collection_cadence_hours": 3.0,
    "latest_eligible_observation_utc": "2026-07-26T03:15:00+00:00",
    "observed_cycle_fraction": 0.11320754716981132,
    "planned_collection_cycles_from_first_observed_cycle": 53,
    "policy_activation_utc": "2026-07-19T15:00:00+00:00"
  },
  "gate_probabilities": {
    "all_phase43_volume_gates": 0.0,
    "at_least_15_selections_per_policy": 5e-05,
    "at_least_300_candidates": 5e-05,
    "at_least_75_unique_events": 0.1869,
    "at_least_three_cutoffs_with_40_candidates": 0.0018,
    "raw_positive_capacity_all_cutoffs": 0.99325,
    "residual_positive_capacity_all_cutoffs": 0.99375
  },
  "generated_at_utc": "2026-07-20T20:09:23.596708+00:00",
  "input": {
    "first_cycle_utc": "2026-07-19T15:05:35.051985+00:00",
    "latest_cycle_utc": "2026-07-20T17:08:08.520760+00:00",
    "observed_collection_cycles": 6,
    "path": "artifacts/home-only-power-forecast/home-candidates-for-forecast.csv.gz",
    "post_activation_rows": 15,
    "post_activation_snapshots": 10,
    "post_activation_unique_events": 6,
    "sha256": "92a998731d07d85d5f030861d6082cb000bef8472b2e20382b755dc2f8e2902e"
  },
  "planning_assumption": {
    "cycle_inference": "new cycle after more than 1.0 hour between snapshot ingestion times",
    "forecast_model": "Jeffreys-prior gamma-Poisson per inferred collection cycle with beta-binomial positive-score capacity",
    "historical_cluster_sigma_equivalent": 0.015268280246644523,
    "power": 0.8,
    "two_sided_alpha": 0.05,
    "z_alpha_plus_power": 2.801585
  },
  "probabilities_decision_grade": true,
  "status": "completed",
  "warnings": [
    "T12_volume_structurally_weak",
    "T24_volume_structurally_weak",
    "T6_volume_structurally_weak",
    "candidate_300_gate_at_risk",
    "selection_15_gate_at_risk",
    "three_cutoffs_with_40_gate_at_risk",
    "unique_event_75_gate_at_risk"
  ]
}
{
  "challenger": {
    "activation_utc": "2026-07-19T15:00:00Z",
    "confirmatory_status": "future_only_challenger",
    "id": "home_only_original_v2_candidates",
    "source_experiment": "experiment_024_post_hoc_diagnostic"
  },
  "concentration": {
    "bookmaker": {
      "categories": 5,
      "largest_category": "casumo",
      "largest_share": 0.3333333333333333,
      "top5_share": 1.0
    },
    "snapshot": {
      "categories": 10,
      "largest_category": "20260720T145801_914501Z__soccer_korea_kleague1__cd8f8fa7f941",
      "largest_share": 0.2,
      "top5_share": 0.6666666666666666
    },
    "sport": null
  },
  "current_effective_sample": {
    "candidate_rows": 15,
    "event_efficiency": 0.7653061224489797,
    "event_kish_effective_size": 4.591836734693878,
    "snapshot_kish_effective_size": 8.333333333333334,
    "unique_events": 6
  },
  "evidence_boundary": {
    "candidate_outcome_filter": "home",
    "closing_targets_read": false,
    "existing_volume_gates_changed": false,
    "filter_applied_before_forecast": true,
    "home_only_policy_changed": false,
    "match_results_read": false,
    "policy_scores_used_as_performance_labels": false,
    "running_policy_changed": false
  },
  "forecast": {
    "final_candidates": {
      "mean": 136.22185,
      "median": 133.0,
      "q025": 80.0,
      "q975": 207.0
    },
    "final_total_exact_5pct_quota": {
      "mean": 6.13605,
      "median": 6.0,
      "q025": 3.0,
      "q975": 10.0
    },
    "final_unique_events": {
      "mean": 56.80215,
      "median": 54.0,
      "q025": 24.0,
      "q975": 105.0
    },
    "minimum_detectable_incremental_log_clv_per_opportunity": {
      "mean": 0.006847571408266187,
      "median": 0.00665394876452376,
      "q025": 0.004771793957042424,
      "q975": 0.00998092314678564
    }
  },
  "forecast_reliability": "preliminary",
  "forecast_type": "outcome_blind_home_only_evidence_power_forecast",
  "frozen_window": {
    "campaign_end_utc": "2026-07-26T06:30:00+00:00",
    "campaign_start_utc": "2026-07-19T06:00:00+00:00",
    "collection_cadence_hours": 3.0,
    "latest_eligible_observation_utc": "2026-07-26T03:15:00+00:00",
    "observed_cycle_fraction": 0.11320754716981132,
    "planned_collection_cycles_from_first_observed_cycle": 53,
    "policy_activation_utc": "2026-07-19T15:00:00+00:00"
  },
  "gate_probabilities": {
    "all_phase43_volume_gates": 0.0,
    "at_least_15_selections_per_policy": 5e-05,
    "at_least_300_candidates": 5e-05,
    "at_least_75_unique_events": 0.1869,
    "at_least_three_cutoffs_with_40_candidates": 0.0018,
    "raw_positive_capacity_all_cutoffs": 0.99325,
    "residual_positive_capacity_all_cutoffs": 0.99375
  },
  "generated_at_utc": "2026-07-20T20:09:23.596708+00:00",
  "home_filter": {
    "activation_utc": "2026-07-19T15:00:00+00:00",
    "filter_applied_before_forecast": true,
    "home_events_post_activation": 6,
    "home_rows_all_times": 32,
    "home_rows_post_activation": 15,
    "home_snapshots_post_activation": 10,
    "performance_fields_used": false,
    "source_events": 18,
    "source_rows": 95
  },
  "input": {
    "first_cycle_utc": "2026-07-19T15:05:35.051985+00:00",
    "latest_cycle_utc": "2026-07-20T17:08:08.520760+00:00",
    "observed_collection_cycles": 6,
    "path": "artifacts/home-only-power-forecast/home-candidates-for-forecast.csv.gz",
    "post_activation_rows": 15,
    "post_activation_snapshots": 10,
    "post_activation_unique_events": 6,
    "sha256": "92a998731d07d85d5f030861d6082cb000bef8472b2e20382b755dc2f8e2902e"
  },
  "planning_assumption": {
    "cycle_inference": "new cycle after more than 1.0 hour between snapshot ingestion times",
    "forecast_model": "Jeffreys-prior gamma-Poisson per inferred collection cycle with beta-binomial positive-score capacity",
    "historical_cluster_sigma_equivalent": 0.015268280246644523,
    "power": 0.8,
    "two_sided_alpha": 0.05,
    "z_alpha_plus_power": 2.801585
  },
  "probabilities_decision_grade": true,
  "source_input": {
    "path": "prospective-data/data/derived/latest/shadow/event-shadow-candidates.csv.gz",
    "rows": 95,
    "sha256": "f9652768103ee062f1313719f7e8b25ccdc118b5d75fe708cfbcfa8a394fa796"
  },
  "status": "completed",
  "warnings": [
    "T12_volume_structurally_weak",
    "T24_volume_structurally_weak",
    "T6_volume_structurally_weak",
    "candidate_300_gate_at_risk",
    "selection_15_gate_at_risk",
    "three_cutoffs_with_40_gate_at_risk",
    "unique_event_75_gate_at_risk"
  ]
}
