/opt/hostedtoolcache/Python/3.11.15/x64/lib/python3.11/site-packages/sklearn/utils/validation.py:2827: UserWarning: X does not have valid feature names, but HistGradientBoostingClassifier was fitted with feature names
  warnings.warn(
/opt/hostedtoolcache/Python/3.11.15/x64/lib/python3.11/site-packages/sklearn/utils/validation.py:2827: UserWarning: X does not have valid feature names, but HistGradientBoostingClassifier was fitted with feature names
  warnings.warn(
/opt/hostedtoolcache/Python/3.11.15/x64/lib/python3.11/site-packages/sklearn/utils/validation.py:2827: UserWarning: X does not have valid feature names, but HistGradientBoostingRegressor was fitted with feature names
  warnings.warn(
/opt/hostedtoolcache/Python/3.11.15/x64/lib/python3.11/site-packages/sklearn/utils/validation.py:2827: UserWarning: X does not have valid feature names, but HistGradientBoostingRegressor was fitted with feature names
  warnings.warn(
/opt/hostedtoolcache/Python/3.11.15/x64/lib/python3.11/site-packages/sklearn/utils/validation.py:2827: UserWarning: X does not have valid feature names, but HistGradientBoostingRegressor was fitted with feature names
  warnings.warn(
/opt/hostedtoolcache/Python/3.11.15/x64/lib/python3.11/site-packages/sklearn/utils/validation.py:2827: UserWarning: X does not have valid feature names, but HistGradientBoostingRegressor was fitted with feature names
  warnings.warn(
/opt/hostedtoolcache/Python/3.11.15/x64/lib/python3.11/site-packages/sklearn/utils/validation.py:2827: UserWarning: X does not have valid feature names, but HistGradientBoostingRegressor was fitted with feature names
  warnings.warn(
/opt/hostedtoolcache/Python/3.11.15/x64/lib/python3.11/site-packages/sklearn/utils/validation.py:2827: UserWarning: X does not have valid feature names, but HistGradientBoostingRegressor was fitted with feature names
  warnings.warn(
{
  "adapter_id": "canonical_cutoff_coverage_normalized_v1",
  "diagnostics": {
    "bookmakers": 21,
    "canonical_candidate_events": 61,
    "canonical_event_candidates": 321,
    "closing_targets_used": false,
    "cutoff_distance_hours": {
      "maximum": 11.963124981666667,
      "median": 2.9633185986111066,
      "p90": 10.779354361666662
    },
    "events": 61,
    "globally_excluded_rows": 2196,
    "globally_supported_rows": 5649,
    "input_rows": 8740,
    "match_outcomes_used": false,
    "normalized_active_feature_median": 1.0,
    "original_active_feature_median": 0.5806451612903226,
    "panel_groups": 321,
    "panel_peer_capacity": {
      "maximum": 20,
      "median": 18.0,
      "minimum": 8
    },
    "policy": {
      "activation_utc": "2026-07-19T15:00:00Z",
      "adapter_id": "canonical_cutoff_coverage_normalized_v1",
      "maximum_historical_hours": 48.0,
      "minimum_historical_hours": 6.0
    },
    "post_activation_rows": 7845,
    "pre_activation_rows_excluded": 895,
    "rows_by_cutoff": {
      "12": {
        "distance_median_hours": 1.7274499944444415,
        "distance_p90_hours": 4.727449994444445,
        "events": 41,
        "rows": 1307
      },
      "24": {
        "distance_median_hours": 4.389372491666663,
        "distance_p90_hours": 10.963013920833333,
        "events": 52,
        "rows": 2984
      },
      "48": {
        "distance_median_hours": 9.220367118888888,
        "distance_p90_hours": 11.220798115277788,
        "events": 35,
        "rows": 910
      },
      "6": {
        "distance_median_hours": 0.872255662777774,
        "distance_p90_hours": 2.8722556627777713,
        "events": 20,
        "rows": 448
      }
    },
    "score_change": {
      "action_mean_absolute_change": 0.0013616680369840774,
      "action_pearson": 0.925970023465344,
      "action_spearman": 0.8424583390453433,
      "raw_mean_absolute_change": 0.0010855260219168519,
      "raw_pearson": 0.9436320953177276,
      "raw_spearman": 0.8832478491973699
    },
    "snapshots": 65,
    "status": "prepared"
  },
  "outputs": {
    "event_candidates": {
      "path": "canonical-timing-event-candidates.csv.gz",
      "rows": 321,
      "sha256": "8b071de98bcaaa11dd94689672ef835159ad4b2046b40a8b1d7a132c59efdaf9"
    },
    "per_book_scores": {
      "path": "canonical-timing-per-book-scores.csv.gz",
      "rows": 5649,
      "sha256": "800f4a8dbd611bf8402ed5c030595ca3b3c870ee42a12fd5fd77a56b2d1229cf"
    }
  },
  "policy": {
    "closing_targets_used": false,
    "match_outcomes_used": false,
    "no_execution": true,
    "original_v2_shadow_replaced": false,
    "parallel_unvalidated_transfer": true,
    "research_only": true,
    "support_repaired_shadow_replaced": false
  },
  "schema_version": 1,
  "source": {
    "bundle": {
      "bundle_id": "generic-action-shadow-v1-8bb898c3c067",
      "manifest_sha256": "1bc04196e86b9802eedba50411f834e5155de814dffccc16289f6c65d12da757"
    },
    "per_book_scores": {
      "path": "prospective-data/data/derived/latest/shadow/per-book-shadow-scores.csv.gz",
      "rows": 8740,
      "sha256": "692bce8754bb1d31347fb5a080b8c0e603ae97ddd174556d542f3a5c0c6d2ae3"
    }
  },
  "status": "scored"
}
