{
  "concentration": {
    "bookmaker": {
      "categories": 15,
      "largest_category": "boylesports",
      "largest_share": 0.2631578947368421,
      "top5_share": 0.6842105263157895
    },
    "snapshot": {
      "categories": 26,
      "largest_category": "20260720T201259_842827Z__soccer_usa_mls__56971ed537c5",
      "largest_share": 0.15789473684210525,
      "top5_share": 0.42105263157894735
    },
    "sport": null
  },
  "current_effective_sample": {
    "candidate_rows": 95,
    "event_efficiency": 0.5208032777425126,
    "event_kish_effective_size": 22.39454094292804,
    "snapshot_kish_effective_size": 16.620626151012893,
    "unique_events": 43
  },
  "evidence_boundary": {
    "closing_targets_read": false,
    "match_results_read": false,
    "policy_scores_used_as_performance_labels": false,
    "running_policy_changed": false
  },
  "forecast": {
    "final_candidates": {
      "mean": 643.6578,
      "median": 642.0,
      "q025": 531.0,
      "q975": 767.0
    },
    "final_total_exact_5pct_quota": {
      "mean": 30.76835,
      "median": 31.0,
      "q025": 25.0,
      "q975": 37.0
    },
    "final_unique_events": {
      "mean": 292.93665,
      "median": 291.0,
      "q025": 219.0,
      "q975": 379.0
    },
    "minimum_detectable_incremental_log_clv_per_opportunity": {
      "mean": 0.003488843579573725,
      "median": 0.0034746460995143235,
      "q025": 0.003044650642366249,
      "q975": 0.004005299665796231
    }
  },
  "forecast_reliability": "operational",
  "forecast_type": "outcome_blind_interim_operational_forecast",
  "frozen_window": {
    "campaign_end_utc": "2026-07-26T06:30:00+00:00",
    "campaign_start_utc": "2026-07-19T06:00:00+00:00",
    "collection_cadence_hours": 3.0,
    "latest_eligible_observation_utc": "2026-07-26T03:15:00+00:00",
    "observed_cycle_fraction": 0.14814814814814814,
    "planned_collection_cycles_from_first_observed_cycle": 54,
    "policy_activation_utc": "2026-07-19T11:00:00+00:00"
  },
  "gate_probabilities": {
    "all_phase43_volume_gates": 0.6026,
    "at_least_15_selections_per_policy": 1.0,
    "at_least_300_candidates": 1.0,
    "at_least_75_unique_events": 1.0,
    "at_least_three_cutoffs_with_40_candidates": 0.6026,
    "raw_positive_capacity_all_cutoffs": 1.0,
    "residual_positive_capacity_all_cutoffs": 1.0
  },
  "generated_at_utc": "2026-07-20T20:13:59.797699+00:00",
  "input": {
    "first_cycle_utc": "2026-07-19T11:00:21.154292+00:00",
    "latest_cycle_utc": "2026-07-20T20:12:59.842827+00:00",
    "observed_collection_cycles": 8,
    "path": "prospective-data/data/derived/latest/shadow/event-shadow-candidates.csv.gz",
    "post_activation_rows": 95,
    "post_activation_snapshots": 26,
    "post_activation_unique_events": 43,
    "sha256": "55d2f3ac3dc05215d1bbee0ce0eec703ee6f1e45dd634e393a8963a257cf7d5a"
  },
  "planning_assumption": {
    "cycle_inference": "new cycle after more than 1.0 hour between snapshot ingestion times",
    "forecast_model": "Jeffreys-prior gamma-Poisson per inferred collection cycle with beta-binomial positive-score capacity",
    "historical_cluster_sigma_equivalent": 0.015268280246644523,
    "power": 0.8,
    "two_sided_alpha": 0.05,
    "z_alpha_plus_power": 2.801585
  },
  "probabilities_decision_grade": true,
  "status": "completed",
  "warnings": [
    "T12_volume_structurally_weak",
    "T6_volume_structurally_weak",
    "three_cutoffs_with_40_gate_at_risk"
  ]
}
