{
  "concentration": {
    "bookmaker": {
      "categories": 18,
      "largest_category": "boylesports",
      "largest_share": 0.1792717086834734,
      "top5_share": 0.5910364145658263
    },
    "snapshot": {
      "categories": 56,
      "largest_category": "20260720T201259_842827Z__soccer_usa_mls__56971ed537c5",
      "largest_share": 0.04201680672268908,
      "top5_share": 0.21008403361344538
    },
    "sport": null
  },
  "current_effective_sample": {
    "candidate_rows": 357,
    "event_efficiency": 0.8584967936627688,
    "event_kish_effective_size": 48.07582044511505,
    "snapshot_kish_effective_size": 38.868252516010976,
    "unique_events": 56
  },
  "evidence_boundary": {
    "closing_targets_read": false,
    "match_results_read": false,
    "policy_scores_used_as_performance_labels": false,
    "running_policy_changed": false
  },
  "forecast": {
    "final_candidates": {
      "mean": 1205.5891,
      "median": 1204.0,
      "q025": 1104.0,
      "q975": 1313.0
    },
    "final_total_exact_5pct_quota": {
      "mean": 58.5988,
      "median": 59.0,
      "q025": 53.0,
      "q975": 64.0
    },
    "final_unique_events": {
      "mean": 190.07275,
      "median": 189.0,
      "q025": 151.0,
      "q975": 234.0
    },
    "minimum_detectable_incremental_log_clv_per_opportunity": {
      "mean": 0.0033644215536269583,
      "median": 0.0033581004690938715,
      "q025": 0.0030179820943745357,
      "q975": 0.0037569560435955535
    }
  },
  "forecast_reliability": "operational",
  "forecast_type": "outcome_blind_interim_operational_forecast",
  "frozen_window": {
    "campaign_end_utc": "2026-07-26T06:30:00+00:00",
    "campaign_start_utc": "2026-07-19T06:00:00+00:00",
    "collection_cadence_hours": 3.0,
    "latest_eligible_observation_utc": "2026-07-26T03:15:00+00:00",
    "observed_cycle_fraction": 0.2962962962962963,
    "planned_collection_cycles_from_first_observed_cycle": 54,
    "policy_activation_utc": "2026-07-19T11:00:00+00:00"
  },
  "gate_probabilities": {
    "all_phase43_volume_gates": 1.0,
    "at_least_15_selections_per_policy": 1.0,
    "at_least_300_candidates": 1.0,
    "at_least_75_unique_events": 1.0,
    "at_least_three_cutoffs_with_40_candidates": 1.0,
    "raw_positive_capacity_all_cutoffs": 1.0,
    "residual_positive_capacity_all_cutoffs": 1.0
  },
  "generated_at_utc": "2026-07-22T20:07:21.465786+00:00",
  "input": {
    "first_cycle_utc": "2026-07-19T11:00:21.154292+00:00",
    "latest_cycle_utc": "2026-07-22T17:37:39.879614+00:00",
    "observed_collection_cycles": 16,
    "path": "prospective-data/data/derived/latest/shadow/event-shadow-candidates.csv.gz",
    "post_activation_rows": 357,
    "post_activation_snapshots": 56,
    "post_activation_unique_events": 56,
    "sha256": "bf1f307a2b8496333e60be7fb6e4ea8de2045650e427ba546ece2f7f3e1c86c4"
  },
  "planning_assumption": {
    "cycle_inference": "new cycle after more than 1.0 hour between snapshot ingestion times",
    "forecast_model": "Jeffreys-prior gamma-Poisson per inferred collection cycle with beta-binomial positive-score capacity",
    "historical_cluster_sigma_equivalent": 0.015268280246644523,
    "power": 0.8,
    "two_sided_alpha": 0.05,
    "z_alpha_plus_power": 2.801585
  },
  "probabilities_decision_grade": true,
  "status": "completed",
  "warnings": [
    "T6_volume_structurally_weak"
  ]
}
