{
  "concentration": {
    "bookmaker": {
      "categories": 18,
      "largest_category": "boylesports",
      "largest_share": 0.16972477064220184,
      "top5_share": 0.6009174311926605
    },
    "snapshot": {
      "categories": 70,
      "largest_category": "20260721T114313_321628Z__soccer_usa_mls__2354bc2020cf",
      "largest_share": 0.034403669724770644,
      "top5_share": 0.1720183486238532
    },
    "sport": null
  },
  "current_effective_sample": {
    "candidate_rows": 436,
    "event_efficiency": 0.7800026260504201,
    "event_kish_effective_size": 49.92016806722689,
    "snapshot_kish_effective_size": 48.86786632390746,
    "unique_events": 64
  },
  "evidence_boundary": {
    "closing_targets_read": false,
    "match_results_read": false,
    "policy_scores_used_as_performance_labels": false,
    "running_policy_changed": false
  },
  "forecast": {
    "final_candidates": {
      "mean": 1121.53085,
      "median": 1121.0,
      "q025": 1041.0,
      "q975": 1205.0
    },
    "final_total_exact_5pct_quota": {
      "mean": 54.3498,
      "median": 54.0,
      "q025": 50.0,
      "q975": 59.0
    },
    "final_unique_events": {
      "mean": 165.27555,
      "median": 165.0,
      "q025": 135.0,
      "q975": 198.0
    },
    "minimum_detectable_incremental_log_clv_per_opportunity": {
      "mean": 0.003780838757623257,
      "median": 0.003770543206429213,
      "q025": 0.003442019280348563,
      "q975": 0.004168492357183088
    }
  },
  "forecast_reliability": "operational",
  "forecast_type": "outcome_blind_interim_operational_forecast",
  "frozen_window": {
    "campaign_end_utc": "2026-07-26T06:30:00+00:00",
    "campaign_start_utc": "2026-07-19T06:00:00+00:00",
    "collection_cadence_hours": 3.0,
    "latest_eligible_observation_utc": "2026-07-26T03:15:00+00:00",
    "observed_cycle_fraction": 0.3888888888888889,
    "planned_collection_cycles_from_first_observed_cycle": 54,
    "policy_activation_utc": "2026-07-19T11:00:00+00:00"
  },
  "gate_probabilities": {
    "all_phase43_volume_gates": 1.0,
    "at_least_15_selections_per_policy": 1.0,
    "at_least_300_candidates": 1.0,
    "at_least_75_unique_events": 1.0,
    "at_least_three_cutoffs_with_40_candidates": 1.0,
    "raw_positive_capacity_all_cutoffs": 1.0,
    "residual_positive_capacity_all_cutoffs": 1.0
  },
  "generated_at_utc": "2026-07-24T03:52:24.146178+00:00",
  "input": {
    "first_cycle_utc": "2026-07-19T11:00:21.154292+00:00",
    "latest_cycle_utc": "2026-07-23T22:38:33.256740+00:00",
    "observed_collection_cycles": 21,
    "path": "prospective-data/data/derived/latest/shadow/event-shadow-candidates.csv.gz",
    "post_activation_rows": 436,
    "post_activation_snapshots": 70,
    "post_activation_unique_events": 64,
    "sha256": "f434d975c5af82640ba1d3e47634d8469a8ec49b8df30611f3f6b7c5358f32ee"
  },
  "planning_assumption": {
    "cycle_inference": "new cycle after more than 1.0 hour between snapshot ingestion times",
    "forecast_model": "Jeffreys-prior gamma-Poisson per inferred collection cycle with beta-binomial positive-score capacity",
    "historical_cluster_sigma_equivalent": 0.015268280246644523,
    "power": 0.8,
    "two_sided_alpha": 0.05,
    "z_alpha_plus_power": 2.801585
  },
  "probabilities_decision_grade": true,
  "status": "completed",
  "warnings": []
}
