/opt/hostedtoolcache/Python/3.11.15/x64/lib/python3.11/site-packages/sklearn/utils/validation.py:2827: UserWarning: X does not have valid feature names, but HistGradientBoostingClassifier was fitted with feature names
  warnings.warn(
/opt/hostedtoolcache/Python/3.11.15/x64/lib/python3.11/site-packages/sklearn/utils/validation.py:2827: UserWarning: X does not have valid feature names, but HistGradientBoostingClassifier was fitted with feature names
  warnings.warn(
/opt/hostedtoolcache/Python/3.11.15/x64/lib/python3.11/site-packages/sklearn/utils/validation.py:2827: UserWarning: X does not have valid feature names, but HistGradientBoostingRegressor was fitted with feature names
  warnings.warn(
/opt/hostedtoolcache/Python/3.11.15/x64/lib/python3.11/site-packages/sklearn/utils/validation.py:2827: UserWarning: X does not have valid feature names, but HistGradientBoostingRegressor was fitted with feature names
  warnings.warn(
/opt/hostedtoolcache/Python/3.11.15/x64/lib/python3.11/site-packages/sklearn/utils/validation.py:2827: UserWarning: X does not have valid feature names, but HistGradientBoostingRegressor was fitted with feature names
  warnings.warn(
/opt/hostedtoolcache/Python/3.11.15/x64/lib/python3.11/site-packages/sklearn/utils/validation.py:2827: UserWarning: X does not have valid feature names, but HistGradientBoostingRegressor was fitted with feature names
  warnings.warn(
/opt/hostedtoolcache/Python/3.11.15/x64/lib/python3.11/site-packages/sklearn/utils/validation.py:2827: UserWarning: X does not have valid feature names, but HistGradientBoostingRegressor was fitted with feature names
  warnings.warn(
/opt/hostedtoolcache/Python/3.11.15/x64/lib/python3.11/site-packages/sklearn/utils/validation.py:2827: UserWarning: X does not have valid feature names, but HistGradientBoostingRegressor was fitted with feature names
  warnings.warn(
{
  "adapter_id": "support_constrained_coverage_normalized_v1",
  "diagnostics": {
    "bookmakers": 21,
    "closing_targets_used": false,
    "events": 35,
    "input_rows": 7619,
    "match_outcomes_used": false,
    "normalized_active_feature_median": 1.0,
    "original_active_feature_median": 0.6129032258064516,
    "panel_groups": 75,
    "panel_peer_capacity": {
      "maximum": 20,
      "median": 19.0,
      "minimum": 11
    },
    "policy": {
      "activation_utc": "2026-07-19T12:00:00Z",
      "adapter_id": "support_constrained_coverage_normalized_v1",
      "cutoff_tolerance_hours": 1.75,
      "maximum_historical_hours": 48.0,
      "minimum_historical_hours": 6.0
    },
    "post_activation_rows": 6724,
    "pre_activation_rows_excluded": 895,
    "repaired_candidate_events": 35,
    "repaired_event_candidates": 76,
    "score_change": {
      "action_mean_absolute_change": 0.0009633635239964677,
      "action_pearson": 0.9038976913187278,
      "action_spearman": 0.8499978253453343,
      "raw_mean_absolute_change": 0.0006878407067991115,
      "raw_pearson": 0.934034062385613,
      "raw_spearman": 0.8840529444931784
    },
    "snapshots": 25,
    "status": "prepared",
    "timing_by_cutoff": {
      "12": {
        "excluded_rows": 584,
        "post_activation_rows": 1226,
        "supported_rows": 642
      },
      "24": {
        "excluded_rows": 2297,
        "post_activation_rows": 2596,
        "supported_rows": 299
      },
      "48": {
        "excluded_rows": 2124,
        "post_activation_rows": 2289,
        "supported_rows": 165
      },
      "6": {
        "excluded_rows": 355,
        "post_activation_rows": 613,
        "supported_rows": 258
      }
    },
    "timing_excluded_rows": 5360,
    "timing_supported_rows": 1364
  },
  "outputs": {
    "event_candidates": {
      "path": "support-repaired-event-candidates.csv.gz",
      "rows": 76,
      "sha256": "18e7ca4c3a4d4e9e71890d9ed8f07e012f0642993eba7efcb4061abe5eca269e"
    },
    "per_book_scores": {
      "path": "support-repaired-per-book-scores.csv.gz",
      "rows": 1364,
      "sha256": "c398379ba8b163548f3486c2d33c03241773598ef68c316ea0f24f12ae4b9ef0"
    }
  },
  "policy": {
    "closing_targets_used": false,
    "match_outcomes_used": false,
    "no_execution": true,
    "original_v2_shadow_replaced": false,
    "parallel_unvalidated_transfer": true,
    "research_only": true
  },
  "schema_version": 1,
  "source": {
    "bundle": {
      "bundle_id": "generic-action-shadow-v1-8bb898c3c067",
      "manifest_sha256": "1bc04196e86b9802eedba50411f834e5155de814dffccc16289f6c65d12da757"
    },
    "per_book_scores": {
      "path": "prospective-data/data/derived/latest/shadow/per-book-shadow-scores.csv.gz",
      "rows": 7619,
      "sha256": "72f0b51e3e1c0db6ae010b0774c087f626ae4cd1c0f4707078f533416d53b677"
    }
  },
  "status": "scored"
}
