{
  "concentration": {
    "bookmaker": {
      "categories": 4,
      "largest_category": "casumo",
      "largest_share": 0.3333333333333333,
      "top5_share": 1.0
    },
    "snapshot": {
      "categories": 7,
      "largest_category": "20260719T195424_425468Z__soccer_korea_kleague1__f0c785d204ba",
      "largest_share": 0.2222222222222222,
      "top5_share": 0.7777777777777778
    },
    "sport": null
  },
  "current_effective_sample": {
    "candidate_rows": 9,
    "event_efficiency": 0.8804347826086957,
    "event_kish_effective_size": 3.5217391304347827,
    "snapshot_kish_effective_size": 6.230769230769231,
    "unique_events": 4
  },
  "evidence_boundary": {
    "closing_targets_read": false,
    "match_results_read": false,
    "policy_scores_used_as_performance_labels": false,
    "running_policy_changed": false
  },
  "forecast": {
    "final_candidates": {
      "mean": 167.04735,
      "median": 161.0,
      "q025": 81.0,
      "q975": 286.0
    },
    "final_total_exact_5pct_quota": {
      "mean": 8.20925,
      "median": 8.0,
      "q025": 4.0,
      "q975": 14.0
    },
    "final_unique_events": {
      "mean": 78.75095,
      "median": 74.0,
      "q025": 25.0,
      "q975": 163.0
    },
    "minimum_detectable_incremental_log_clv_per_opportunity": {
      "mean": 0.00559167921388249,
      "median": 0.005299433790746515,
      "q025": 0.0035706849106577634,
      "q975": 0.00911749063983165
    }
  },
  "forecast_reliability": "preliminary",
  "forecast_type": "outcome_blind_interim_operational_forecast",
  "frozen_window": {
    "campaign_end_utc": "2026-07-26T06:30:00+00:00",
    "campaign_start_utc": "2026-07-19T06:00:00+00:00",
    "collection_cadence_hours": 3.0,
    "latest_eligible_observation_utc": "2026-07-26T03:15:00+00:00",
    "observed_cycle_fraction": 0.05660377358490566,
    "planned_collection_cycles_from_first_observed_cycle": 53,
    "policy_activation_utc": "2026-07-19T15:00:00+00:00"
  },
  "gate_probabilities": {
    "all_phase43_volume_gates": 0.0,
    "at_least_15_selections_per_policy": 0.02335,
    "at_least_300_candidates": 0.01625,
    "at_least_75_unique_events": 0.48835,
    "at_least_three_cutoffs_with_40_candidates": 0.01275,
    "raw_positive_capacity_all_cutoffs": 0.96975,
    "residual_positive_capacity_all_cutoffs": 0.9701
  },
  "generated_at_utc": "2026-07-20T04:24:41.463342+00:00",
  "input": {
    "first_cycle_utc": "2026-07-19T15:05:35.051985+00:00",
    "latest_cycle_utc": "2026-07-19T22:35:24.448866+00:00",
    "observed_collection_cycles": 3,
    "path": "artifacts/home-only-power-forecast/home-candidates-for-forecast.csv.gz",
    "post_activation_rows": 9,
    "post_activation_snapshots": 7,
    "post_activation_unique_events": 4,
    "sha256": "fe85ce2b76061ed2f5508a86024ac626c8232669ad4dcc0bed131d94ba407034"
  },
  "planning_assumption": {
    "cycle_inference": "new cycle after more than 1.0 hour between snapshot ingestion times",
    "forecast_model": "Jeffreys-prior gamma-Poisson per inferred collection cycle with beta-binomial positive-score capacity",
    "historical_cluster_sigma_equivalent": 0.015268280246644523,
    "power": 0.8,
    "two_sided_alpha": 0.05,
    "z_alpha_plus_power": 2.801585
  },
  "probabilities_decision_grade": true,
  "status": "completed",
  "warnings": [
    "T12_volume_structurally_weak",
    "T24_volume_structurally_weak",
    "T6_volume_structurally_weak",
    "candidate_300_gate_at_risk",
    "selection_15_gate_at_risk",
    "three_cutoffs_with_40_gate_at_risk",
    "unique_event_75_gate_at_risk"
  ]
}
{
  "challenger": {
    "activation_utc": "2026-07-19T15:00:00Z",
    "confirmatory_status": "future_only_challenger",
    "id": "home_only_original_v2_candidates",
    "source_experiment": "experiment_024_post_hoc_diagnostic"
  },
  "concentration": {
    "bookmaker": {
      "categories": 4,
      "largest_category": "casumo",
      "largest_share": 0.3333333333333333,
      "top5_share": 1.0
    },
    "snapshot": {
      "categories": 7,
      "largest_category": "20260719T195424_425468Z__soccer_korea_kleague1__f0c785d204ba",
      "largest_share": 0.2222222222222222,
      "top5_share": 0.7777777777777778
    },
    "sport": null
  },
  "current_effective_sample": {
    "candidate_rows": 9,
    "event_efficiency": 0.8804347826086957,
    "event_kish_effective_size": 3.5217391304347827,
    "snapshot_kish_effective_size": 6.230769230769231,
    "unique_events": 4
  },
  "evidence_boundary": {
    "candidate_outcome_filter": "home",
    "closing_targets_read": false,
    "existing_volume_gates_changed": false,
    "filter_applied_before_forecast": true,
    "home_only_policy_changed": false,
    "match_results_read": false,
    "policy_scores_used_as_performance_labels": false,
    "running_policy_changed": false
  },
  "forecast": {
    "final_candidates": {
      "mean": 167.04735,
      "median": 161.0,
      "q025": 81.0,
      "q975": 286.0
    },
    "final_total_exact_5pct_quota": {
      "mean": 8.20925,
      "median": 8.0,
      "q025": 4.0,
      "q975": 14.0
    },
    "final_unique_events": {
      "mean": 78.75095,
      "median": 74.0,
      "q025": 25.0,
      "q975": 163.0
    },
    "minimum_detectable_incremental_log_clv_per_opportunity": {
      "mean": 0.00559167921388249,
      "median": 0.005299433790746515,
      "q025": 0.0035706849106577634,
      "q975": 0.00911749063983165
    }
  },
  "forecast_reliability": "preliminary",
  "forecast_type": "outcome_blind_home_only_evidence_power_forecast",
  "frozen_window": {
    "campaign_end_utc": "2026-07-26T06:30:00+00:00",
    "campaign_start_utc": "2026-07-19T06:00:00+00:00",
    "collection_cadence_hours": 3.0,
    "latest_eligible_observation_utc": "2026-07-26T03:15:00+00:00",
    "observed_cycle_fraction": 0.05660377358490566,
    "planned_collection_cycles_from_first_observed_cycle": 53,
    "policy_activation_utc": "2026-07-19T15:00:00+00:00"
  },
  "gate_probabilities": {
    "all_phase43_volume_gates": 0.0,
    "at_least_15_selections_per_policy": 0.02335,
    "at_least_300_candidates": 0.01625,
    "at_least_75_unique_events": 0.48835,
    "at_least_three_cutoffs_with_40_candidates": 0.01275,
    "raw_positive_capacity_all_cutoffs": 0.96975,
    "residual_positive_capacity_all_cutoffs": 0.9701
  },
  "generated_at_utc": "2026-07-20T04:24:41.463342+00:00",
  "home_filter": {
    "activation_utc": "2026-07-19T15:00:00+00:00",
    "filter_applied_before_forecast": true,
    "home_events_post_activation": 4,
    "home_rows_all_times": 26,
    "home_rows_post_activation": 9,
    "home_snapshots_post_activation": 7,
    "performance_fields_used": false,
    "source_events": 15,
    "source_rows": 74
  },
  "input": {
    "first_cycle_utc": "2026-07-19T15:05:35.051985+00:00",
    "latest_cycle_utc": "2026-07-19T22:35:24.448866+00:00",
    "observed_collection_cycles": 3,
    "path": "artifacts/home-only-power-forecast/home-candidates-for-forecast.csv.gz",
    "post_activation_rows": 9,
    "post_activation_snapshots": 7,
    "post_activation_unique_events": 4,
    "sha256": "fe85ce2b76061ed2f5508a86024ac626c8232669ad4dcc0bed131d94ba407034"
  },
  "planning_assumption": {
    "cycle_inference": "new cycle after more than 1.0 hour between snapshot ingestion times",
    "forecast_model": "Jeffreys-prior gamma-Poisson per inferred collection cycle with beta-binomial positive-score capacity",
    "historical_cluster_sigma_equivalent": 0.015268280246644523,
    "power": 0.8,
    "two_sided_alpha": 0.05,
    "z_alpha_plus_power": 2.801585
  },
  "probabilities_decision_grade": true,
  "source_input": {
    "path": "prospective-data/data/derived/latest/shadow/event-shadow-candidates.csv.gz",
    "rows": 74,
    "sha256": "41e123b372afbb9b16d1cbc95eaa640f702ab4e82b6b357c0411037e511c39d1"
  },
  "status": "completed",
  "warnings": [
    "T12_volume_structurally_weak",
    "T24_volume_structurally_weak",
    "T6_volume_structurally_weak",
    "candidate_300_gate_at_risk",
    "selection_15_gate_at_risk",
    "three_cutoffs_with_40_gate_at_risk",
    "unique_event_75_gate_at_risk"
  ]
}
