/opt/hostedtoolcache/Python/3.11.15/x64/lib/python3.11/site-packages/sklearn/utils/validation.py:2827: UserWarning: X does not have valid feature names, but HistGradientBoostingClassifier was fitted with feature names
  warnings.warn(
/opt/hostedtoolcache/Python/3.11.15/x64/lib/python3.11/site-packages/sklearn/utils/validation.py:2827: UserWarning: X does not have valid feature names, but HistGradientBoostingClassifier was fitted with feature names
  warnings.warn(
/opt/hostedtoolcache/Python/3.11.15/x64/lib/python3.11/site-packages/sklearn/utils/validation.py:2827: UserWarning: X does not have valid feature names, but HistGradientBoostingRegressor was fitted with feature names
  warnings.warn(
/opt/hostedtoolcache/Python/3.11.15/x64/lib/python3.11/site-packages/sklearn/utils/validation.py:2827: UserWarning: X does not have valid feature names, but HistGradientBoostingRegressor was fitted with feature names
  warnings.warn(
/opt/hostedtoolcache/Python/3.11.15/x64/lib/python3.11/site-packages/sklearn/utils/validation.py:2827: UserWarning: X does not have valid feature names, but HistGradientBoostingRegressor was fitted with feature names
  warnings.warn(
/opt/hostedtoolcache/Python/3.11.15/x64/lib/python3.11/site-packages/sklearn/utils/validation.py:2827: UserWarning: X does not have valid feature names, but HistGradientBoostingRegressor was fitted with feature names
  warnings.warn(
/opt/hostedtoolcache/Python/3.11.15/x64/lib/python3.11/site-packages/sklearn/utils/validation.py:2827: UserWarning: X does not have valid feature names, but HistGradientBoostingRegressor was fitted with feature names
  warnings.warn(
/opt/hostedtoolcache/Python/3.11.15/x64/lib/python3.11/site-packages/sklearn/utils/validation.py:2827: UserWarning: X does not have valid feature names, but HistGradientBoostingRegressor was fitted with feature names
  warnings.warn(
{
  "adapter_id": "support_constrained_coverage_normalized_v1",
  "diagnostics": {
    "bookmakers": 21,
    "closing_targets_used": false,
    "events": 11,
    "input_rows": 3356,
    "match_outcomes_used": false,
    "normalized_active_feature_median": 1.0,
    "original_active_feature_median": 0.5806451612903226,
    "panel_groups": 11,
    "panel_peer_capacity": {
      "maximum": 19,
      "median": 18.0,
      "minimum": 11
    },
    "policy": {
      "activation_utc": "2026-07-19T12:00:00Z",
      "adapter_id": "support_constrained_coverage_normalized_v1",
      "cutoff_tolerance_hours": 1.75,
      "maximum_historical_hours": 48.0,
      "minimum_historical_hours": 6.0
    },
    "post_activation_rows": 2461,
    "pre_activation_rows_excluded": 895,
    "repaired_candidate_events": 11,
    "repaired_event_candidates": 11,
    "score_change": {
      "action_mean_absolute_change": 0.001248544680049472,
      "action_pearson": 0.796296656063431,
      "action_spearman": 0.7505085940231371,
      "raw_mean_absolute_change": 0.0013378119118551426,
      "raw_pearson": 0.8049034586770312,
      "raw_spearman": 0.6848540239757454
    },
    "snapshots": 4,
    "status": "prepared",
    "timing_by_cutoff": {
      "12": {
        "excluded_rows": 142,
        "post_activation_rows": 142,
        "supported_rows": 0
      },
      "24": {
        "excluded_rows": 663,
        "post_activation_rows": 754,
        "supported_rows": 91
      },
      "48": {
        "excluded_rows": 1449,
        "post_activation_rows": 1545,
        "supported_rows": 96
      },
      "6": {
        "excluded_rows": 20,
        "post_activation_rows": 20,
        "supported_rows": 0
      }
    },
    "timing_excluded_rows": 2274,
    "timing_supported_rows": 187
  },
  "outputs": {
    "event_candidates": {
      "path": "support-repaired-event-candidates.csv.gz",
      "rows": 11,
      "sha256": "3f256af97e91c3b542514671b38c6a23d9952f3833b18fba873b097af01f59f0"
    },
    "per_book_scores": {
      "path": "support-repaired-per-book-scores.csv.gz",
      "rows": 187,
      "sha256": "b4b990f3e4b8e7cb5d41de0f10a5bded5634e4cedce313ae1614302cb51b1a16"
    }
  },
  "policy": {
    "closing_targets_used": false,
    "match_outcomes_used": false,
    "no_execution": true,
    "original_v2_shadow_replaced": false,
    "parallel_unvalidated_transfer": true,
    "research_only": true
  },
  "schema_version": 1,
  "source": {
    "bundle": {
      "bundle_id": "generic-action-shadow-v1-8bb898c3c067",
      "manifest_sha256": "1bc04196e86b9802eedba50411f834e5155de814dffccc16289f6c65d12da757"
    },
    "per_book_scores": {
      "path": "prospective-data/data/derived/latest/shadow/per-book-shadow-scores.csv.gz",
      "rows": 3356,
      "sha256": "ced368965871d531403cec2b81833f73aca48eccbb8b3fad0598cb7db9b72e3b"
    }
  },
  "status": "scored"
}
