/opt/hostedtoolcache/Python/3.11.15/x64/lib/python3.11/site-packages/sklearn/utils/validation.py:2827: UserWarning: X does not have valid feature names, but HistGradientBoostingClassifier was fitted with feature names
  warnings.warn(
/opt/hostedtoolcache/Python/3.11.15/x64/lib/python3.11/site-packages/sklearn/utils/validation.py:2827: UserWarning: X does not have valid feature names, but HistGradientBoostingClassifier was fitted with feature names
  warnings.warn(
/opt/hostedtoolcache/Python/3.11.15/x64/lib/python3.11/site-packages/sklearn/utils/validation.py:2827: UserWarning: X does not have valid feature names, but HistGradientBoostingRegressor was fitted with feature names
  warnings.warn(
/opt/hostedtoolcache/Python/3.11.15/x64/lib/python3.11/site-packages/sklearn/utils/validation.py:2827: UserWarning: X does not have valid feature names, but HistGradientBoostingRegressor was fitted with feature names
  warnings.warn(
/opt/hostedtoolcache/Python/3.11.15/x64/lib/python3.11/site-packages/sklearn/utils/validation.py:2827: UserWarning: X does not have valid feature names, but HistGradientBoostingRegressor was fitted with feature names
  warnings.warn(
/opt/hostedtoolcache/Python/3.11.15/x64/lib/python3.11/site-packages/sklearn/utils/validation.py:2827: UserWarning: X does not have valid feature names, but HistGradientBoostingRegressor was fitted with feature names
  warnings.warn(
/opt/hostedtoolcache/Python/3.11.15/x64/lib/python3.11/site-packages/sklearn/utils/validation.py:2827: UserWarning: X does not have valid feature names, but HistGradientBoostingRegressor was fitted with feature names
  warnings.warn(
/opt/hostedtoolcache/Python/3.11.15/x64/lib/python3.11/site-packages/sklearn/utils/validation.py:2827: UserWarning: X does not have valid feature names, but HistGradientBoostingRegressor was fitted with feature names
  warnings.warn(
{
  "adapter_id": "support_constrained_coverage_normalized_v1",
  "diagnostics": {
    "bookmakers": 21,
    "closing_targets_used": false,
    "events": 14,
    "input_rows": 5158,
    "match_outcomes_used": false,
    "normalized_active_feature_median": 1.0,
    "original_active_feature_median": 0.6129032258064516,
    "panel_groups": 20,
    "panel_peer_capacity": {
      "maximum": 20,
      "median": 19.0,
      "minimum": 11
    },
    "policy": {
      "activation_utc": "2026-07-19T12:00:00Z",
      "adapter_id": "support_constrained_coverage_normalized_v1",
      "cutoff_tolerance_hours": 1.75,
      "maximum_historical_hours": 48.0,
      "minimum_historical_hours": 6.0
    },
    "post_activation_rows": 4263,
    "pre_activation_rows_excluded": 895,
    "repaired_candidate_events": 14,
    "repaired_event_candidates": 20,
    "score_change": {
      "action_mean_absolute_change": 0.001016070480620577,
      "action_pearson": 0.8873916501761171,
      "action_spearman": 0.8045002322022011,
      "raw_mean_absolute_change": 0.0010419083288802627,
      "raw_pearson": 0.8614569225416941,
      "raw_spearman": 0.7784732418391695
    },
    "snapshots": 9,
    "status": "prepared",
    "timing_by_cutoff": {
      "12": {
        "excluded_rows": 175,
        "post_activation_rows": 260,
        "supported_rows": 85
      },
      "24": {
        "excluded_rows": 1798,
        "post_activation_rows": 1889,
        "supported_rows": 91
      },
      "48": {
        "excluded_rows": 1891,
        "post_activation_rows": 1987,
        "supported_rows": 96
      },
      "6": {
        "excluded_rows": 53,
        "post_activation_rows": 127,
        "supported_rows": 74
      }
    },
    "timing_excluded_rows": 3917,
    "timing_supported_rows": 346
  },
  "outputs": {
    "event_candidates": {
      "path": "support-repaired-event-candidates.csv.gz",
      "rows": 20,
      "sha256": "9b8d33e3eb8cb917640cb31d5b9cf8f11f56cb2e6fbc6a0e5276342cac7934e1"
    },
    "per_book_scores": {
      "path": "support-repaired-per-book-scores.csv.gz",
      "rows": 346,
      "sha256": "f918b8e2926d76df8ef74123b7a4801bf13219d612e4a2cce4aa9cbfa2190e0c"
    }
  },
  "policy": {
    "closing_targets_used": false,
    "match_outcomes_used": false,
    "no_execution": true,
    "original_v2_shadow_replaced": false,
    "parallel_unvalidated_transfer": true,
    "research_only": true
  },
  "schema_version": 1,
  "source": {
    "bundle": {
      "bundle_id": "generic-action-shadow-v1-8bb898c3c067",
      "manifest_sha256": "1bc04196e86b9802eedba50411f834e5155de814dffccc16289f6c65d12da757"
    },
    "per_book_scores": {
      "path": "prospective-data/data/derived/latest/shadow/per-book-shadow-scores.csv.gz",
      "rows": 5158,
      "sha256": "cae30009d6b986ba2247b43b5011e4aee4ccb0fe1e74860c82cc1219e83f9aec"
    }
  },
  "status": "scored"
}
