/opt/hostedtoolcache/Python/3.11.15/x64/lib/python3.11/site-packages/sklearn/utils/validation.py:2827: UserWarning: X does not have valid feature names, but HistGradientBoostingClassifier was fitted with feature names
  warnings.warn(
/opt/hostedtoolcache/Python/3.11.15/x64/lib/python3.11/site-packages/sklearn/utils/validation.py:2827: UserWarning: X does not have valid feature names, but HistGradientBoostingClassifier was fitted with feature names
  warnings.warn(
/opt/hostedtoolcache/Python/3.11.15/x64/lib/python3.11/site-packages/sklearn/utils/validation.py:2827: UserWarning: X does not have valid feature names, but HistGradientBoostingRegressor was fitted with feature names
  warnings.warn(
/opt/hostedtoolcache/Python/3.11.15/x64/lib/python3.11/site-packages/sklearn/utils/validation.py:2827: UserWarning: X does not have valid feature names, but HistGradientBoostingRegressor was fitted with feature names
  warnings.warn(
/opt/hostedtoolcache/Python/3.11.15/x64/lib/python3.11/site-packages/sklearn/utils/validation.py:2827: UserWarning: X does not have valid feature names, but HistGradientBoostingRegressor was fitted with feature names
  warnings.warn(
/opt/hostedtoolcache/Python/3.11.15/x64/lib/python3.11/site-packages/sklearn/utils/validation.py:2827: UserWarning: X does not have valid feature names, but HistGradientBoostingRegressor was fitted with feature names
  warnings.warn(
/opt/hostedtoolcache/Python/3.11.15/x64/lib/python3.11/site-packages/sklearn/utils/validation.py:2827: UserWarning: X does not have valid feature names, but HistGradientBoostingRegressor was fitted with feature names
  warnings.warn(
/opt/hostedtoolcache/Python/3.11.15/x64/lib/python3.11/site-packages/sklearn/utils/validation.py:2827: UserWarning: X does not have valid feature names, but HistGradientBoostingRegressor was fitted with feature names
  warnings.warn(
{
  "adapter_id": "canonical_cutoff_coverage_normalized_v1",
  "diagnostics": {
    "bookmakers": 21,
    "canonical_candidate_events": 52,
    "canonical_event_candidates": 292,
    "closing_targets_used": false,
    "cutoff_distance_hours": {
      "maximum": 11.963124981666667,
      "median": 3.3897800186111127,
      "p90": 10.963013920833333
    },
    "events": 52,
    "globally_excluded_rows": 1914,
    "globally_supported_rows": 5243,
    "input_rows": 8052,
    "match_outcomes_used": false,
    "normalized_active_feature_median": 1.0,
    "original_active_feature_median": 0.5806451612903226,
    "panel_groups": 292,
    "panel_peer_capacity": {
      "maximum": 20,
      "median": 18.0,
      "minimum": 11
    },
    "policy": {
      "activation_utc": "2026-07-19T15:00:00Z",
      "adapter_id": "canonical_cutoff_coverage_normalized_v1",
      "maximum_historical_hours": 48.0,
      "minimum_historical_hours": 6.0
    },
    "post_activation_rows": 7157,
    "pre_activation_rows_excluded": 895,
    "rows_by_cutoff": {
      "12": {
        "distance_median_hours": 1.7274499944444415,
        "distance_p90_hours": 4.727449994444445,
        "events": 36,
        "rows": 1226
      },
      "24": {
        "distance_median_hours": 4.389780018611113,
        "distance_p90_hours": 10.963013920833333,
        "events": 47,
        "rows": 2731
      },
      "48": {
        "distance_median_hours": 9.272784657222225,
        "distance_p90_hours": 11.272784657222218,
        "events": 31,
        "rows": 838
      },
      "6": {
        "distance_median_hours": 0.872255662777774,
        "distance_p90_hours": 2.8722556627777713,
        "events": 20,
        "rows": 448
      }
    },
    "score_change": {
      "action_mean_absolute_change": 0.0012118224046332564,
      "action_pearson": 0.9361503485752694,
      "action_spearman": 0.858734214649702,
      "raw_mean_absolute_change": 0.0008798968363495154,
      "raw_pearson": 0.9596837895263464,
      "raw_spearman": 0.901620376392339
    },
    "snapshots": 57,
    "status": "prepared"
  },
  "outputs": {
    "event_candidates": {
      "path": "canonical-timing-event-candidates.csv.gz",
      "rows": 292,
      "sha256": "a127c4746484195dd0e7b225ef6d5cdd3954cf55c828909947c2bc99948ecab1"
    },
    "per_book_scores": {
      "path": "canonical-timing-per-book-scores.csv.gz",
      "rows": 5243,
      "sha256": "d4c86e52ffdf007bce6c478fb2b10ef93d6233f762daf7fcdbbc92a41343e38f"
    }
  },
  "policy": {
    "closing_targets_used": false,
    "match_outcomes_used": false,
    "no_execution": true,
    "original_v2_shadow_replaced": false,
    "parallel_unvalidated_transfer": true,
    "research_only": true,
    "support_repaired_shadow_replaced": false
  },
  "schema_version": 1,
  "source": {
    "bundle": {
      "bundle_id": "generic-action-shadow-v1-8bb898c3c067",
      "manifest_sha256": "1bc04196e86b9802eedba50411f834e5155de814dffccc16289f6c65d12da757"
    },
    "per_book_scores": {
      "path": "prospective-data/data/derived/latest/shadow/per-book-shadow-scores.csv.gz",
      "rows": 8052,
      "sha256": "3a2eb90021deac7254f960f7e169ed91c7e757d6ca9933ab2ed46ef09d7ba6a0"
    }
  },
  "status": "scored"
}
