{
  "concentration": {
    "bookmaker": {
      "categories": 18,
      "largest_category": "boylesports",
      "largest_share": 0.18575851393188855,
      "top5_share": 0.5913312693498453
    },
    "snapshot": {
      "categories": 52,
      "largest_category": "20260721T200636_791933Z__soccer_usa_mls__0ec80b84aba9",
      "largest_share": 0.04643962848297214,
      "top5_share": 0.23219814241486067
    },
    "sport": null
  },
  "current_effective_sample": {
    "candidate_rows": 323,
    "event_efficiency": 0.856559934318555,
    "event_kish_effective_size": 47.967356321839084,
    "snapshot_kish_effective_size": 35.570746675758606,
    "unique_events": 56
  },
  "evidence_boundary": {
    "closing_targets_read": false,
    "match_results_read": false,
    "policy_scores_used_as_performance_labels": false,
    "running_policy_changed": false
  },
  "forecast": {
    "final_candidates": {
      "mean": 1163.58625,
      "median": 1163.0,
      "q025": 1059.0,
      "q975": 1274.0
    },
    "final_total_exact_5pct_quota": {
      "mean": 56.51885,
      "median": 57.0,
      "q025": 51.0,
      "q975": 62.0
    },
    "final_unique_events": {
      "mean": 202.7651,
      "median": 202.0,
      "q025": 161.0,
      "q975": 250.0
    },
    "minimum_detectable_incremental_log_clv_per_opportunity": {
      "mean": 0.0032613039985108726,
      "median": 0.0032519163331339545,
      "q025": 0.0029231092262972888,
      "q975": 0.0036425213839314705
    }
  },
  "forecast_reliability": "operational",
  "forecast_type": "outcome_blind_interim_operational_forecast",
  "frozen_window": {
    "campaign_end_utc": "2026-07-26T06:30:00+00:00",
    "campaign_start_utc": "2026-07-19T06:00:00+00:00",
    "collection_cadence_hours": 3.0,
    "latest_eligible_observation_utc": "2026-07-26T03:15:00+00:00",
    "observed_cycle_fraction": 0.2777777777777778,
    "planned_collection_cycles_from_first_observed_cycle": 54,
    "policy_activation_utc": "2026-07-19T11:00:00+00:00"
  },
  "gate_probabilities": {
    "all_phase43_volume_gates": 1.0,
    "at_least_15_selections_per_policy": 1.0,
    "at_least_300_candidates": 1.0,
    "at_least_75_unique_events": 1.0,
    "at_least_three_cutoffs_with_40_candidates": 1.0,
    "raw_positive_capacity_all_cutoffs": 1.0,
    "residual_positive_capacity_all_cutoffs": 1.0
  },
  "generated_at_utc": "2026-07-22T14:37:13.748125+00:00",
  "input": {
    "first_cycle_utc": "2026-07-19T11:00:21.154292+00:00",
    "latest_cycle_utc": "2026-07-22T11:32:12.053045+00:00",
    "observed_collection_cycles": 15,
    "path": "prospective-data/data/derived/latest/shadow/event-shadow-candidates.csv.gz",
    "post_activation_rows": 323,
    "post_activation_snapshots": 52,
    "post_activation_unique_events": 56,
    "sha256": "9ef5ff927d9da41eb05cedb948a3b4b4c441c190d1c63ca5f6f2243abb2aeb8b"
  },
  "planning_assumption": {
    "cycle_inference": "new cycle after more than 1.0 hour between snapshot ingestion times",
    "forecast_model": "Jeffreys-prior gamma-Poisson per inferred collection cycle with beta-binomial positive-score capacity",
    "historical_cluster_sigma_equivalent": 0.015268280246644523,
    "power": 0.8,
    "two_sided_alpha": 0.05,
    "z_alpha_plus_power": 2.801585
  },
  "probabilities_decision_grade": true,
  "status": "completed",
  "warnings": []
}
