{
  "concentration": {
    "bookmaker": {
      "categories": 15,
      "largest_category": "coral",
      "largest_share": 0.24285714285714285,
      "top5_share": 0.6857142857142857
    },
    "snapshot": {
      "categories": 39,
      "largest_category": "20260722T113212_053045Z__soccer_usa_mls__f9bcb2d09673",
      "largest_share": 0.06428571428571428,
      "top5_share": 0.2857142857142857
    },
    "sport": null
  },
  "current_effective_sample": {
    "candidate_rows": 140,
    "event_efficiency": 0.7305799910541225,
    "event_kish_effective_size": 27.762039660056658,
    "snapshot_kish_effective_size": 28.160919540229884,
    "unique_events": 38
  },
  "evidence_boundary": {
    "closing_targets_read": false,
    "match_results_read": false,
    "policy_scores_used_as_performance_labels": false,
    "running_policy_changed": false
  },
  "forecast": {
    "final_candidates": {
      "mean": 531.07915,
      "median": 530.0,
      "q025": 459.0,
      "q975": 609.0
    },
    "final_total_exact_5pct_quota": {
      "mean": 24.95445,
      "median": 25.0,
      "q025": 21.0,
      "q975": 29.0
    },
    "final_unique_events": {
      "mean": 145.2384,
      "median": 144.0,
      "q025": 109.0,
      "q975": 187.0
    },
    "minimum_detectable_incremental_log_clv_per_opportunity": {
      "mean": 0.004182538725747531,
      "median": 0.00417041038460525,
      "q025": 0.0036596473338662886,
      "q975": 0.004793434423840992
    }
  },
  "forecast_reliability": "operational",
  "forecast_type": "outcome_blind_interim_operational_forecast",
  "frozen_window": {
    "campaign_end_utc": "2026-07-26T06:30:00+00:00",
    "campaign_start_utc": "2026-07-19T06:00:00+00:00",
    "collection_cadence_hours": 3.0,
    "latest_eligible_observation_utc": "2026-07-26T03:15:00+00:00",
    "observed_cycle_fraction": 0.2641509433962264,
    "planned_collection_cycles_from_first_observed_cycle": 53,
    "policy_activation_utc": "2026-07-19T15:00:00+00:00"
  },
  "gate_probabilities": {
    "all_phase43_volume_gates": 0.99935,
    "at_least_15_selections_per_policy": 1.0,
    "at_least_300_candidates": 1.0,
    "at_least_75_unique_events": 1.0,
    "at_least_three_cutoffs_with_40_candidates": 0.99935,
    "raw_positive_capacity_all_cutoffs": 1.0,
    "residual_positive_capacity_all_cutoffs": 1.0
  },
  "generated_at_utc": "2026-07-22T11:35:42.603451+00:00",
  "input": {
    "first_cycle_utc": "2026-07-19T15:05:35.051985+00:00",
    "latest_cycle_utc": "2026-07-22T11:32:12.053045+00:00",
    "observed_collection_cycles": 14,
    "path": "artifacts/home-only-power-forecast/home-candidates-for-forecast.csv.gz",
    "post_activation_rows": 140,
    "post_activation_snapshots": 39,
    "post_activation_unique_events": 38,
    "sha256": "92c13c2a31707303d97a9a07d1eb9042e41aae90245a6058f7f6e37dc92ac64e"
  },
  "planning_assumption": {
    "cycle_inference": "new cycle after more than 1.0 hour between snapshot ingestion times",
    "forecast_model": "Jeffreys-prior gamma-Poisson per inferred collection cycle with beta-binomial positive-score capacity",
    "historical_cluster_sigma_equivalent": 0.015268280246644523,
    "power": 0.8,
    "two_sided_alpha": 0.05,
    "z_alpha_plus_power": 2.801585
  },
  "probabilities_decision_grade": true,
  "status": "completed",
  "warnings": [
    "T6_volume_structurally_weak"
  ]
}
{
  "challenger": {
    "activation_utc": "2026-07-19T15:00:00Z",
    "confirmatory_status": "future_only_challenger",
    "id": "home_only_original_v2_candidates",
    "source_experiment": "experiment_024_post_hoc_diagnostic"
  },
  "concentration": {
    "bookmaker": {
      "categories": 15,
      "largest_category": "coral",
      "largest_share": 0.24285714285714285,
      "top5_share": 0.6857142857142857
    },
    "snapshot": {
      "categories": 39,
      "largest_category": "20260722T113212_053045Z__soccer_usa_mls__f9bcb2d09673",
      "largest_share": 0.06428571428571428,
      "top5_share": 0.2857142857142857
    },
    "sport": null
  },
  "current_effective_sample": {
    "candidate_rows": 140,
    "event_efficiency": 0.7305799910541225,
    "event_kish_effective_size": 27.762039660056658,
    "snapshot_kish_effective_size": 28.160919540229884,
    "unique_events": 38
  },
  "evidence_boundary": {
    "candidate_outcome_filter": "home",
    "closing_targets_read": false,
    "existing_volume_gates_changed": false,
    "filter_applied_before_forecast": true,
    "home_only_policy_changed": false,
    "match_results_read": false,
    "policy_scores_used_as_performance_labels": false,
    "running_policy_changed": false
  },
  "forecast": {
    "final_candidates": {
      "mean": 531.07915,
      "median": 530.0,
      "q025": 459.0,
      "q975": 609.0
    },
    "final_total_exact_5pct_quota": {
      "mean": 24.95445,
      "median": 25.0,
      "q025": 21.0,
      "q975": 29.0
    },
    "final_unique_events": {
      "mean": 145.2384,
      "median": 144.0,
      "q025": 109.0,
      "q975": 187.0
    },
    "minimum_detectable_incremental_log_clv_per_opportunity": {
      "mean": 0.004182538725747531,
      "median": 0.00417041038460525,
      "q025": 0.0036596473338662886,
      "q975": 0.004793434423840992
    }
  },
  "forecast_reliability": "operational",
  "forecast_type": "outcome_blind_home_only_evidence_power_forecast",
  "frozen_window": {
    "campaign_end_utc": "2026-07-26T06:30:00+00:00",
    "campaign_start_utc": "2026-07-19T06:00:00+00:00",
    "collection_cadence_hours": 3.0,
    "latest_eligible_observation_utc": "2026-07-26T03:15:00+00:00",
    "observed_cycle_fraction": 0.2641509433962264,
    "planned_collection_cycles_from_first_observed_cycle": 53,
    "policy_activation_utc": "2026-07-19T15:00:00+00:00"
  },
  "gate_probabilities": {
    "all_phase43_volume_gates": 0.99935,
    "at_least_15_selections_per_policy": 1.0,
    "at_least_300_candidates": 1.0,
    "at_least_75_unique_events": 1.0,
    "at_least_three_cutoffs_with_40_candidates": 0.99935,
    "raw_positive_capacity_all_cutoffs": 1.0,
    "residual_positive_capacity_all_cutoffs": 1.0
  },
  "generated_at_utc": "2026-07-22T11:35:42.603451+00:00",
  "home_filter": {
    "activation_utc": "2026-07-19T15:00:00+00:00",
    "filter_applied_before_forecast": true,
    "home_events_post_activation": 38,
    "home_rows_all_times": 157,
    "home_rows_post_activation": 140,
    "home_snapshots_post_activation": 39,
    "performance_fields_used": false,
    "source_events": 58,
    "source_rows": 356
  },
  "input": {
    "first_cycle_utc": "2026-07-19T15:05:35.051985+00:00",
    "latest_cycle_utc": "2026-07-22T11:32:12.053045+00:00",
    "observed_collection_cycles": 14,
    "path": "artifacts/home-only-power-forecast/home-candidates-for-forecast.csv.gz",
    "post_activation_rows": 140,
    "post_activation_snapshots": 39,
    "post_activation_unique_events": 38,
    "sha256": "92c13c2a31707303d97a9a07d1eb9042e41aae90245a6058f7f6e37dc92ac64e"
  },
  "planning_assumption": {
    "cycle_inference": "new cycle after more than 1.0 hour between snapshot ingestion times",
    "forecast_model": "Jeffreys-prior gamma-Poisson per inferred collection cycle with beta-binomial positive-score capacity",
    "historical_cluster_sigma_equivalent": 0.015268280246644523,
    "power": 0.8,
    "two_sided_alpha": 0.05,
    "z_alpha_plus_power": 2.801585
  },
  "probabilities_decision_grade": true,
  "source_input": {
    "path": "prospective-data/data/derived/latest/shadow/event-shadow-candidates.csv.gz",
    "rows": 356,
    "sha256": "9ef5ff927d9da41eb05cedb948a3b4b4c441c190d1c63ca5f6f2243abb2aeb8b"
  },
  "status": "completed",
  "warnings": [
    "T6_volume_structurally_weak"
  ]
}
