{
  "concentration": {
    "bookmaker": {
      "categories": 18,
      "largest_category": "boylesports",
      "largest_share": 0.1815856777493606,
      "top5_share": 0.5933503836317136
    },
    "snapshot": {
      "categories": 60,
      "largest_category": "20260722T094621_180020Z__soccer_usa_mls__6679bab8d352",
      "largest_share": 0.03836317135549872,
      "top5_share": 0.1918158567774936
    },
    "sport": null
  },
  "current_effective_sample": {
    "candidate_rows": 391,
    "event_efficiency": 0.8544656829868097,
    "event_kish_effective_size": 47.850078247261344,
    "snapshot_kish_effective_size": 42.17406896551724,
    "unique_events": 56
  },
  "evidence_boundary": {
    "closing_targets_read": false,
    "match_results_read": false,
    "policy_scores_used_as_performance_labels": false,
    "running_policy_changed": false
  },
  "forecast": {
    "final_candidates": {
      "mean": 1242.5949,
      "median": 1242.0,
      "q025": 1144.0,
      "q975": 1348.0
    },
    "final_total_exact_5pct_quota": {
      "mean": 60.43245,
      "median": 60.0,
      "q025": 55.0,
      "q975": 66.0
    },
    "final_unique_events": {
      "mean": 178.8972,
      "median": 178.0,
      "q025": 143.0,
      "q975": 221.0
    },
    "minimum_detectable_incremental_log_clv_per_opportunity": {
      "mean": 0.0034758039248844446,
      "median": 0.0034684593776135556,
      "q025": 0.003112794688544387,
      "q975": 0.0038697115600932483
    }
  },
  "forecast_reliability": "operational",
  "forecast_type": "outcome_blind_interim_operational_forecast",
  "frozen_window": {
    "campaign_end_utc": "2026-07-26T06:30:00+00:00",
    "campaign_start_utc": "2026-07-19T06:00:00+00:00",
    "collection_cadence_hours": 3.0,
    "latest_eligible_observation_utc": "2026-07-26T03:15:00+00:00",
    "observed_cycle_fraction": 0.3148148148148148,
    "planned_collection_cycles_from_first_observed_cycle": 54,
    "policy_activation_utc": "2026-07-19T11:00:00+00:00"
  },
  "gate_probabilities": {
    "all_phase43_volume_gates": 1.0,
    "at_least_15_selections_per_policy": 1.0,
    "at_least_300_candidates": 1.0,
    "at_least_75_unique_events": 1.0,
    "at_least_three_cutoffs_with_40_candidates": 1.0,
    "raw_positive_capacity_all_cutoffs": 1.0,
    "residual_positive_capacity_all_cutoffs": 1.0
  },
  "generated_at_utc": "2026-07-22T20:16:18.933980+00:00",
  "input": {
    "first_cycle_utc": "2026-07-19T11:00:21.154292+00:00",
    "latest_cycle_utc": "2026-07-22T20:13:41.101887+00:00",
    "observed_collection_cycles": 17,
    "path": "prospective-data/data/derived/latest/shadow/event-shadow-candidates.csv.gz",
    "post_activation_rows": 391,
    "post_activation_snapshots": 60,
    "post_activation_unique_events": 56,
    "sha256": "506265461fbff04ee5b6a9df97631c79135baf65a1443ec5fe743dc91b534384"
  },
  "planning_assumption": {
    "cycle_inference": "new cycle after more than 1.0 hour between snapshot ingestion times",
    "forecast_model": "Jeffreys-prior gamma-Poisson per inferred collection cycle with beta-binomial positive-score capacity",
    "historical_cluster_sigma_equivalent": 0.015268280246644523,
    "power": 0.8,
    "two_sided_alpha": 0.05,
    "z_alpha_plus_power": 2.801585
  },
  "probabilities_decision_grade": true,
  "status": "completed",
  "warnings": []
}
