{
  "concentration": {
    "bookmaker": {
      "categories": 11,
      "largest_category": "boylesports",
      "largest_share": 0.30357142857142855,
      "top5_share": 0.8214285714285714
    },
    "snapshot": {
      "categories": 21,
      "largest_category": "20260720T145801_914501Z__soccer_korea_kleague1__cd8f8fa7f941",
      "largest_share": 0.10714285714285714,
      "top5_share": 0.35714285714285715
    },
    "sport": null
  },
  "current_effective_sample": {
    "candidate_rows": 56,
    "event_efficiency": 0.7313432835820896,
    "event_kish_effective_size": 11.701492537313433,
    "snapshot_kish_effective_size": 18.232558139534884,
    "unique_events": 16
  },
  "evidence_boundary": {
    "closing_targets_read": false,
    "match_results_read": false,
    "policy_scores_used_as_performance_labels": false,
    "running_policy_changed": false
  },
  "forecast": {
    "final_candidates": {
      "mean": 507.52115,
      "median": 505.0,
      "q025": 391.975,
      "q975": 640.0
    },
    "final_total_exact_5pct_quota": {
      "mean": 24.0792,
      "median": 24.0,
      "q025": 18.0,
      "q975": 31.0
    },
    "final_unique_events": {
      "mean": 147.93285,
      "median": 145.0,
      "q025": 89.0,
      "q975": 222.0
    },
    "minimum_detectable_incremental_log_clv_per_opportunity": {
      "mean": 0.004197345184544319,
      "median": 0.004153835431360162,
      "q025": 0.0033570421978775266,
      "q975": 0.005301982430460702
    }
  },
  "forecast_reliability": "preliminary",
  "forecast_type": "outcome_blind_interim_operational_forecast",
  "frozen_window": {
    "campaign_end_utc": "2026-07-26T06:30:00+00:00",
    "campaign_start_utc": "2026-07-19T06:00:00+00:00",
    "collection_cadence_hours": 3.0,
    "latest_eligible_observation_utc": "2026-07-26T03:15:00+00:00",
    "observed_cycle_fraction": 0.1111111111111111,
    "planned_collection_cycles_from_first_observed_cycle": 54,
    "policy_activation_utc": "2026-07-19T11:00:00+00:00"
  },
  "gate_probabilities": {
    "all_phase43_volume_gates": 0.67605,
    "at_least_15_selections_per_policy": 0.9999,
    "at_least_300_candidates": 1.0,
    "at_least_75_unique_events": 0.9956,
    "at_least_three_cutoffs_with_40_candidates": 0.679,
    "raw_positive_capacity_all_cutoffs": 1.0,
    "residual_positive_capacity_all_cutoffs": 1.0
  },
  "generated_at_utc": "2026-07-20T14:58:55.470428+00:00",
  "input": {
    "first_cycle_utc": "2026-07-19T11:00:21.154292+00:00",
    "latest_cycle_utc": "2026-07-20T14:58:01.914501+00:00",
    "observed_collection_cycles": 6,
    "path": "prospective-data/data/derived/latest/shadow/event-shadow-candidates.csv.gz",
    "post_activation_rows": 56,
    "post_activation_snapshots": 21,
    "post_activation_unique_events": 16,
    "sha256": "cd5b5f189c77efb7d0defea07d12f1054136188548f4ca4d6cd456661c8a5f5d"
  },
  "planning_assumption": {
    "cycle_inference": "new cycle after more than 1.0 hour between snapshot ingestion times",
    "forecast_model": "Jeffreys-prior gamma-Poisson per inferred collection cycle with beta-binomial positive-score capacity",
    "historical_cluster_sigma_equivalent": 0.015268280246644523,
    "power": 0.8,
    "two_sided_alpha": 0.05,
    "z_alpha_plus_power": 2.801585
  },
  "probabilities_decision_grade": true,
  "status": "completed",
  "warnings": [
    "T12_volume_structurally_weak",
    "three_cutoffs_with_40_gate_at_risk"
  ]
}
