/opt/hostedtoolcache/Python/3.11.15/x64/lib/python3.11/site-packages/sklearn/utils/validation.py:2827: UserWarning: X does not have valid feature names, but HistGradientBoostingClassifier was fitted with feature names
  warnings.warn(
/opt/hostedtoolcache/Python/3.11.15/x64/lib/python3.11/site-packages/sklearn/utils/validation.py:2827: UserWarning: X does not have valid feature names, but HistGradientBoostingClassifier was fitted with feature names
  warnings.warn(
/opt/hostedtoolcache/Python/3.11.15/x64/lib/python3.11/site-packages/sklearn/utils/validation.py:2827: UserWarning: X does not have valid feature names, but HistGradientBoostingRegressor was fitted with feature names
  warnings.warn(
/opt/hostedtoolcache/Python/3.11.15/x64/lib/python3.11/site-packages/sklearn/utils/validation.py:2827: UserWarning: X does not have valid feature names, but HistGradientBoostingRegressor was fitted with feature names
  warnings.warn(
/opt/hostedtoolcache/Python/3.11.15/x64/lib/python3.11/site-packages/sklearn/utils/validation.py:2827: UserWarning: X does not have valid feature names, but HistGradientBoostingRegressor was fitted with feature names
  warnings.warn(
/opt/hostedtoolcache/Python/3.11.15/x64/lib/python3.11/site-packages/sklearn/utils/validation.py:2827: UserWarning: X does not have valid feature names, but HistGradientBoostingRegressor was fitted with feature names
  warnings.warn(
/opt/hostedtoolcache/Python/3.11.15/x64/lib/python3.11/site-packages/sklearn/utils/validation.py:2827: UserWarning: X does not have valid feature names, but HistGradientBoostingRegressor was fitted with feature names
  warnings.warn(
/opt/hostedtoolcache/Python/3.11.15/x64/lib/python3.11/site-packages/sklearn/utils/validation.py:2827: UserWarning: X does not have valid feature names, but HistGradientBoostingRegressor was fitted with feature names
  warnings.warn(
{
  "adapter_id": "canonical_cutoff_coverage_normalized_v1",
  "diagnostics": {
    "bookmakers": 21,
    "canonical_candidate_events": 12,
    "canonical_event_candidates": 43,
    "closing_targets_used": false,
    "cutoff_distance_hours": {
      "maximum": 11.909875315,
      "median": 4.593157286666667,
      "p90": 9.406784852222223
    },
    "events": 12,
    "globally_excluded_rows": 102,
    "globally_supported_rows": 770,
    "input_rows": 1767,
    "match_outcomes_used": false,
    "normalized_active_feature_median": 1.0,
    "original_active_feature_median": 0.5806451612903226,
    "panel_groups": 43,
    "panel_peer_capacity": {
      "maximum": 20,
      "median": 18.0,
      "minimum": 15
    },
    "policy": {
      "activation_utc": "2026-07-19T15:00:00Z",
      "adapter_id": "canonical_cutoff_coverage_normalized_v1",
      "maximum_historical_hours": 48.0,
      "minimum_historical_hours": 6.0
    },
    "post_activation_rows": 872,
    "pre_activation_rows_excluded": 895,
    "rows_by_cutoff": {
      "12": {
        "distance_median_hours": 4.9097402969444435,
        "distance_p90_hours": 5.409740296944442,
        "events": 2,
        "rows": 40
      },
      "24": {
        "distance_median_hours": 4.906671509999999,
        "distance_p90_hours": 6.05001779583333,
        "events": 8,
        "rows": 504
      },
      "48": {
        "distance_median_hours": 4.593157286666667,
        "distance_p90_hours": 9.406784852222223,
        "events": 7,
        "rows": 226
      }
    },
    "score_change": {
      "action_mean_absolute_change": 0.000811449024566074,
      "action_pearson": 0.9322578478221427,
      "action_spearman": 0.8377968472013755,
      "raw_mean_absolute_change": 0.0006360355327563749,
      "raw_pearson": 0.9636990203689254,
      "raw_spearman": 0.8998512069985289
    },
    "snapshots": 18,
    "status": "prepared"
  },
  "outputs": {
    "event_candidates": {
      "path": "canonical-timing-event-candidates.csv.gz",
      "rows": 43,
      "sha256": "3466c8f752b768a31c8b0a186dd123b2502f033a974a8e0d9cd47631cf7ca20d"
    },
    "per_book_scores": {
      "path": "canonical-timing-per-book-scores.csv.gz",
      "rows": 770,
      "sha256": "d83ffde716ef7d3d5e1c7c33ef61d5fc5903983370671c2c6d13ce4fa5dbb61d"
    }
  },
  "policy": {
    "closing_targets_used": false,
    "match_outcomes_used": false,
    "no_execution": true,
    "original_v2_shadow_replaced": false,
    "parallel_unvalidated_transfer": true,
    "research_only": true,
    "support_repaired_shadow_replaced": false
  },
  "schema_version": 1,
  "source": {
    "bundle": {
      "bundle_id": "generic-action-shadow-v1-8bb898c3c067",
      "manifest_sha256": "1bc04196e86b9802eedba50411f834e5155de814dffccc16289f6c65d12da757"
    },
    "per_book_scores": {
      "path": "prospective-data/data/derived/latest/shadow/per-book-shadow-scores.csv.gz",
      "rows": 1767,
      "sha256": "7f6ab2d02ba0f19a05b14eb20211bc2b2bc4a00d30147735648f010b038bb75a"
    }
  },
  "status": "scored"
}
