/opt/hostedtoolcache/Python/3.11.15/x64/lib/python3.11/site-packages/sklearn/utils/validation.py:2827: UserWarning: X does not have valid feature names, but HistGradientBoostingClassifier was fitted with feature names
  warnings.warn(
/opt/hostedtoolcache/Python/3.11.15/x64/lib/python3.11/site-packages/sklearn/utils/validation.py:2827: UserWarning: X does not have valid feature names, but HistGradientBoostingClassifier was fitted with feature names
  warnings.warn(
/opt/hostedtoolcache/Python/3.11.15/x64/lib/python3.11/site-packages/sklearn/utils/validation.py:2827: UserWarning: X does not have valid feature names, but HistGradientBoostingRegressor was fitted with feature names
  warnings.warn(
/opt/hostedtoolcache/Python/3.11.15/x64/lib/python3.11/site-packages/sklearn/utils/validation.py:2827: UserWarning: X does not have valid feature names, but HistGradientBoostingRegressor was fitted with feature names
  warnings.warn(
/opt/hostedtoolcache/Python/3.11.15/x64/lib/python3.11/site-packages/sklearn/utils/validation.py:2827: UserWarning: X does not have valid feature names, but HistGradientBoostingRegressor was fitted with feature names
  warnings.warn(
/opt/hostedtoolcache/Python/3.11.15/x64/lib/python3.11/site-packages/sklearn/utils/validation.py:2827: UserWarning: X does not have valid feature names, but HistGradientBoostingRegressor was fitted with feature names
  warnings.warn(
/opt/hostedtoolcache/Python/3.11.15/x64/lib/python3.11/site-packages/sklearn/utils/validation.py:2827: UserWarning: X does not have valid feature names, but HistGradientBoostingRegressor was fitted with feature names
  warnings.warn(
/opt/hostedtoolcache/Python/3.11.15/x64/lib/python3.11/site-packages/sklearn/utils/validation.py:2827: UserWarning: X does not have valid feature names, but HistGradientBoostingRegressor was fitted with feature names
  warnings.warn(
{
  "adapter_id": "canonical_cutoff_coverage_normalized_v1",
  "diagnostics": {
    "bookmakers": 21,
    "canonical_candidate_events": 52,
    "canonical_event_candidates": 222,
    "closing_targets_used": false,
    "cutoff_distance_hours": {
      "maximum": 11.909875315,
      "median": 4.389581874166666,
      "p90": 11.220367118888888
    },
    "events": 52,
    "globally_excluded_rows": 1504,
    "globally_supported_rows": 3982,
    "input_rows": 6381,
    "match_outcomes_used": false,
    "normalized_active_feature_median": 1.0,
    "original_active_feature_median": 0.5806451612903226,
    "panel_groups": 222,
    "panel_peer_capacity": {
      "maximum": 20,
      "median": 18.0,
      "minimum": 11
    },
    "policy": {
      "activation_utc": "2026-07-19T15:00:00Z",
      "adapter_id": "canonical_cutoff_coverage_normalized_v1",
      "maximum_historical_hours": 48.0,
      "minimum_historical_hours": 6.0
    },
    "post_activation_rows": 5486,
    "pre_activation_rows_excluded": 895,
    "rows_by_cutoff": {
      "12": {
        "distance_median_hours": 2.477449994444438,
        "distance_p90_hours": 4.727449994444445,
        "events": 36,
        "rows": 743
      },
      "24": {
        "distance_median_hours": 4.389780018611113,
        "distance_p90_hours": 10.779354361666662,
        "events": 39,
        "rows": 2372
      },
      "48": {
        "distance_median_hours": 9.220367118888888,
        "distance_p90_hours": 11.272784657222218,
        "events": 31,
        "rows": 793
      },
      "6": {
        "distance_median_hours": 1.687133560555555,
        "distance_p90_hours": 1.687133560555555,
        "events": 4,
        "rows": 74
      }
    },
    "score_change": {
      "action_mean_absolute_change": 0.001142513992994714,
      "action_pearson": 0.9470018931459768,
      "action_spearman": 0.8487263021947801,
      "raw_mean_absolute_change": 0.0008032738400658406,
      "raw_pearson": 0.9754820225782916,
      "raw_spearman": 0.8905185818592529
    },
    "snapshots": 45,
    "status": "prepared"
  },
  "outputs": {
    "event_candidates": {
      "path": "canonical-timing-event-candidates.csv.gz",
      "rows": 222,
      "sha256": "a6eb7729dd52d1fa0bb4b3552bb8297d8a8d630aa4cbb53648525fa26455b5c1"
    },
    "per_book_scores": {
      "path": "canonical-timing-per-book-scores.csv.gz",
      "rows": 3982,
      "sha256": "cc19f67092ee00acba122952182fc1e546726f01fa80dc1f1fa4ebb05ff241eb"
    }
  },
  "policy": {
    "closing_targets_used": false,
    "match_outcomes_used": false,
    "no_execution": true,
    "original_v2_shadow_replaced": false,
    "parallel_unvalidated_transfer": true,
    "research_only": true,
    "support_repaired_shadow_replaced": false
  },
  "schema_version": 1,
  "source": {
    "bundle": {
      "bundle_id": "generic-action-shadow-v1-8bb898c3c067",
      "manifest_sha256": "1bc04196e86b9802eedba50411f834e5155de814dffccc16289f6c65d12da757"
    },
    "per_book_scores": {
      "path": "prospective-data/data/derived/latest/shadow/per-book-shadow-scores.csv.gz",
      "rows": 6381,
      "sha256": "8c44c27d27866225dd77f195a239fae311dca4bd26c8ee3ad017e2318c5069f7"
    }
  },
  "status": "scored"
}
