/opt/hostedtoolcache/Python/3.11.15/x64/lib/python3.11/site-packages/sklearn/utils/validation.py:2827: UserWarning: X does not have valid feature names, but HistGradientBoostingClassifier was fitted with feature names
  warnings.warn(
/opt/hostedtoolcache/Python/3.11.15/x64/lib/python3.11/site-packages/sklearn/utils/validation.py:2827: UserWarning: X does not have valid feature names, but HistGradientBoostingClassifier was fitted with feature names
  warnings.warn(
/opt/hostedtoolcache/Python/3.11.15/x64/lib/python3.11/site-packages/sklearn/utils/validation.py:2827: UserWarning: X does not have valid feature names, but HistGradientBoostingRegressor was fitted with feature names
  warnings.warn(
/opt/hostedtoolcache/Python/3.11.15/x64/lib/python3.11/site-packages/sklearn/utils/validation.py:2827: UserWarning: X does not have valid feature names, but HistGradientBoostingRegressor was fitted with feature names
  warnings.warn(
/opt/hostedtoolcache/Python/3.11.15/x64/lib/python3.11/site-packages/sklearn/utils/validation.py:2827: UserWarning: X does not have valid feature names, but HistGradientBoostingRegressor was fitted with feature names
  warnings.warn(
/opt/hostedtoolcache/Python/3.11.15/x64/lib/python3.11/site-packages/sklearn/utils/validation.py:2827: UserWarning: X does not have valid feature names, but HistGradientBoostingRegressor was fitted with feature names
  warnings.warn(
/opt/hostedtoolcache/Python/3.11.15/x64/lib/python3.11/site-packages/sklearn/utils/validation.py:2827: UserWarning: X does not have valid feature names, but HistGradientBoostingRegressor was fitted with feature names
  warnings.warn(
/opt/hostedtoolcache/Python/3.11.15/x64/lib/python3.11/site-packages/sklearn/utils/validation.py:2827: UserWarning: X does not have valid feature names, but HistGradientBoostingRegressor was fitted with feature names
  warnings.warn(
{
  "adapter_id": "support_constrained_coverage_normalized_v1",
  "diagnostics": {
    "bookmakers": 21,
    "closing_targets_used": false,
    "events": 39,
    "input_rows": 8052,
    "match_outcomes_used": false,
    "normalized_active_feature_median": 1.0,
    "original_active_feature_median": 0.6129032258064516,
    "panel_groups": 79,
    "panel_peer_capacity": {
      "maximum": 20,
      "median": 19.0,
      "minimum": 11
    },
    "policy": {
      "activation_utc": "2026-07-19T12:00:00Z",
      "adapter_id": "support_constrained_coverage_normalized_v1",
      "cutoff_tolerance_hours": 1.75,
      "maximum_historical_hours": 48.0,
      "minimum_historical_hours": 6.0
    },
    "post_activation_rows": 7157,
    "pre_activation_rows_excluded": 895,
    "repaired_candidate_events": 39,
    "repaired_event_candidates": 80,
    "score_change": {
      "action_mean_absolute_change": 0.0009573263165102563,
      "action_pearson": 0.904756772161472,
      "action_spearman": 0.8537985877240211,
      "raw_mean_absolute_change": 0.0006809812460991971,
      "raw_pearson": 0.9359790199041277,
      "raw_spearman": 0.8894026424146609
    },
    "snapshots": 26,
    "status": "prepared",
    "timing_by_cutoff": {
      "12": {
        "excluded_rows": 584,
        "post_activation_rows": 1226,
        "supported_rows": 642
      },
      "24": {
        "excluded_rows": 2432,
        "post_activation_rows": 2731,
        "supported_rows": 299
      },
      "48": {
        "excluded_rows": 2124,
        "post_activation_rows": 2289,
        "supported_rows": 165
      },
      "6": {
        "excluded_rows": 577,
        "post_activation_rows": 911,
        "supported_rows": 334
      }
    },
    "timing_excluded_rows": 5717,
    "timing_supported_rows": 1440
  },
  "outputs": {
    "event_candidates": {
      "path": "support-repaired-event-candidates.csv.gz",
      "rows": 80,
      "sha256": "42539e1d795a2fb7ddc3371cafafc7b84aa2cda7cc323bb28f481c082a414798"
    },
    "per_book_scores": {
      "path": "support-repaired-per-book-scores.csv.gz",
      "rows": 1440,
      "sha256": "11a3c32ac370c32ac9ea8985d0268a62ebd8395378ef0a09b2b9e4a95b4bf3f5"
    }
  },
  "policy": {
    "closing_targets_used": false,
    "match_outcomes_used": false,
    "no_execution": true,
    "original_v2_shadow_replaced": false,
    "parallel_unvalidated_transfer": true,
    "research_only": true
  },
  "schema_version": 1,
  "source": {
    "bundle": {
      "bundle_id": "generic-action-shadow-v1-8bb898c3c067",
      "manifest_sha256": "1bc04196e86b9802eedba50411f834e5155de814dffccc16289f6c65d12da757"
    },
    "per_book_scores": {
      "path": "prospective-data/data/derived/latest/shadow/per-book-shadow-scores.csv.gz",
      "rows": 8052,
      "sha256": "3a2eb90021deac7254f960f7e169ed91c7e757d6ca9933ab2ed46ef09d7ba6a0"
    }
  },
  "status": "scored"
}
